📝 Log: results\logs\gs\quantum\all\fsk\qcat_full.log
🕒 Started: 2026-05-25T03:45:22
🔬 Search space: 2 iterations × 2 depth × 2 learning_rate × 2 l2_leaf_reg × 2 lambda_ × 1 n_measurements =  32 configs × 5 folds = 160 fits
   Scoring criterion: (AUROC + PRAUC + Accuracy) / 3

  ▶ [1/32] iterations=100 | depth=4 | learning_rate=0.01 | l2_leaf_reg=1 | lambda_=0.1 | n_measurements=None
    F1 → Acc=0.6857 | Prec=0.7027 | Rec=0.6857 | F1=0.6587 | AUROC=0.8903 | PRAUC=0.7862
    F2 → Acc=0.7308 | Prec=0.7394 | Rec=0.7308 | F1=0.7016 | AUROC=0.9118 | PRAUC=0.8031
    F3 → Acc=0.7692 | Prec=0.7723 | Rec=0.7692 | F1=0.7469 | AUROC=0.9582 | PRAUC=0.8948
    F4 → Acc=0.7692 | Prec=0.7600 | Rec=0.7692 | F1=0.7557 | AUROC=0.9251 | PRAUC=0.8575
    F5 → Acc=0.7404 | Prec=0.7532 | Rec=0.7404 | F1=0.7155 | AUROC=0.9399 | PRAUC=0.8630
  ✅  Acc:0.7391±0.0308 | Precision:0.7455±0.0239  |Recall:0.7391±0.0308 |F1:0.7157±0.0347 | AUROC:0.9251±0.0232 | PRAUC:0.8409±0.0402 | MCC:0.6165 | Composite:0.8350

  ▶ [2/32] iterations=100 | depth=4 | learning_rate=0.01 | l2_leaf_reg=1 | lambda_=5 | n_measurements=None
    F1 → Acc=0.4571 | Prec=0.4063 | Rec=0.4571 | F1=0.3335 | AUROC=0.5874 | PRAUC=0.4345
    F2 → Acc=0.4712 | Prec=0.6505 | Rec=0.4712 | F1=0.3220 | AUROC=0.6444 | PRAUC=0.4990
    F3 → Acc=0.4519 | Prec=0.3730 | Rec=0.4519 | F1=0.3273 | AUROC=0.6025 | PRAUC=0.4286
    F4 → Acc=0.4712 | Prec=0.5417 | Rec=0.4712 | F1=0.3360 | AUROC=0.6721 | PRAUC=0.4872
    F5 → Acc=0.4423 | Prec=0.3546 | Rec=0.4423 | F1=0.3288 | AUROC=0.6275 | PRAUC=0.4543
  ✅  Acc:0.4587±0.0112 | Precision:0.4652±0.1135  |Recall:0.4587±0.0112 |F1:0.3295±0.0049 | AUROC:0.6268±0.0300 | PRAUC:0.4607±0.0280 | MCC:0.0895 | Composite:0.5154

  ▶ [3/32] iterations=100 | depth=4 | learning_rate=0.01 | l2_leaf_reg=5 | lambda_=0.1 | n_measurements=None
    F1 → Acc=0.6762 | Prec=0.7016 | Rec=0.6762 | F1=0.6513 | AUROC=0.8713 | PRAUC=0.7615
    F2 → Acc=0.6442 | Prec=0.6901 | Rec=0.6442 | F1=0.6002 | AUROC=0.8844 | PRAUC=0.7564
    F3 → Acc=0.7596 | Prec=0.7715 | Rec=0.7596 | F1=0.7374 | AUROC=0.9492 | PRAUC=0.8740
    F4 → Acc=0.7212 | Prec=0.7197 | Rec=0.7212 | F1=0.7025 | AUROC=0.9184 | PRAUC=0.8489
    F5 → Acc=0.6731 | Prec=0.7149 | Rec=0.6731 | F1=0.6371 | AUROC=0.9291 | PRAUC=0.8390
  ✅  Acc:0.6949±0.0407 | Precision:0.7195±0.0280  |Recall:0.6949±0.0407 |F1:0.6657±0.0486 | AUROC:0.9105±0.0287 | PRAUC:0.8159±0.0480 | MCC:0.5498 | Composite:0.8071

  ▶ [4/32] iterations=100 | depth=4 | learning_rate=0.01 | l2_leaf_reg=5 | lambda_=5 | n_measurements=None
    F1 → Acc=0.4571 | Prec=0.4424 | Rec=0.4571 | F1=0.3322 | AUROC=0.5958 | PRAUC=0.4381
    F2 → Acc=0.4615 | Prec=0.4274 | Rec=0.4615 | F1=0.3016 | AUROC=0.6284 | PRAUC=0.4903
    F3 → Acc=0.4615 | Prec=0.4311 | Rec=0.4615 | F1=0.3202 | AUROC=0.5982 | PRAUC=0.4142
    F4 → Acc=0.4615 | Prec=0.5376 | Rec=0.4615 | F1=0.3170 | AUROC=0.6750 | PRAUC=0.5001
    F5 → Acc=0.4231 | Prec=0.2951 | Rec=0.4231 | F1=0.2957 | AUROC=0.6134 | PRAUC=0.4342
  ✅  Acc:0.4530±0.0150 | Precision:0.4267±0.0773  |Recall:0.4530±0.0150 |F1:0.3134±0.0132 | AUROC:0.6222±0.0289 | PRAUC:0.4554±0.0337 | MCC:0.0655 | Composite:0.5102

  ▶ [5/32] iterations=100 | depth=4 | learning_rate=0.1 | l2_leaf_reg=1 | lambda_=0.1 | n_measurements=None
    F1 → Acc=0.7143 | Prec=0.7178 | Rec=0.7143 | F1=0.7054 | AUROC=0.9295 | PRAUC=0.8472
    F2 → Acc=0.8462 | Prec=0.8586 | Rec=0.8462 | F1=0.8391 | AUROC=0.9768 | PRAUC=0.9277
    F3 → Acc=0.9327 | Prec=0.9364 | Rec=0.9327 | F1=0.9304 | AUROC=0.9913 | PRAUC=0.9821
    F4 → Acc=0.8654 | Prec=0.8682 | Rec=0.8654 | F1=0.8636 | AUROC=0.9501 | PRAUC=0.9099
    F5 → Acc=0.8462 | Prec=0.8590 | Rec=0.8462 | F1=0.8445 | AUROC=0.9720 | PRAUC=0.9487
  ✅  Acc:0.8409±0.0709 | Precision:0.8480±0.0713  |Recall:0.8409±0.0709 |F1:0.8366±0.0732 | AUROC:0.9640±0.0217 | PRAUC:0.9231±0.0449 | MCC:0.7684 | Composite:0.9093

  ▶ [6/32] iterations=100 | depth=4 | learning_rate=0.1 | l2_leaf_reg=1 | lambda_=5 | n_measurements=None
    F1 → Acc=0.4286 | Prec=0.4220 | Rec=0.4286 | F1=0.3545 | AUROC=0.6039 | PRAUC=0.4845
    F2 → Acc=0.5096 | Prec=0.5073 | Rec=0.5096 | F1=0.4177 | AUROC=0.6676 | PRAUC=0.5217
    F3 → Acc=0.4615 | Prec=0.3972 | Rec=0.4615 | F1=0.3962 | AUROC=0.6405 | PRAUC=0.4725
    F4 → Acc=0.4808 | Prec=0.4571 | Rec=0.4808 | F1=0.4198 | AUROC=0.6881 | PRAUC=0.4718
    F5 → Acc=0.4808 | Prec=0.4787 | Rec=0.4808 | F1=0.4360 | AUROC=0.6498 | PRAUC=0.4899
  ✅  Acc:0.4723±0.0267 | Precision:0.4525±0.0393  |Recall:0.4723±0.0267 |F1:0.4048±0.0282 | AUROC:0.6500±0.0282 | PRAUC:0.4881±0.0182 | MCC:0.1514 | Composite:0.5368

  ▶ [7/32] iterations=100 | depth=4 | learning_rate=0.1 | l2_leaf_reg=5 | lambda_=0.1 | n_measurements=None
    F1 → Acc=0.7048 | Prec=0.7024 | Rec=0.7048 | F1=0.6921 | AUROC=0.9172 | PRAUC=0.8275
    F2 → Acc=0.7885 | Prec=0.7814 | Rec=0.7885 | F1=0.7708 | AUROC=0.9560 | PRAUC=0.8866
    F3 → Acc=0.8750 | Prec=0.8839 | Rec=0.8750 | F1=0.8717 | AUROC=0.9851 | PRAUC=0.9581
    F4 → Acc=0.8365 | Prec=0.8225 | Rec=0.8365 | F1=0.8263 | AUROC=0.9464 | PRAUC=0.8943
    F5 → Acc=0.7885 | Prec=0.7947 | Rec=0.7885 | F1=0.7709 | AUROC=0.9682 | PRAUC=0.9438
  ✅  Acc:0.7986±0.0571 | Precision:0.7970±0.0590  |Recall:0.7986±0.0571 |F1:0.7863±0.0604 | AUROC:0.9546±0.0227 | PRAUC:0.9020±0.0463 | MCC:0.7046 | Composite:0.8851

  ▶ [8/32] iterations=100 | depth=4 | learning_rate=0.1 | l2_leaf_reg=5 | lambda_=5 | n_measurements=None
    F1 → Acc=0.4857 | Prec=0.5382 | Rec=0.4857 | F1=0.3934 | AUROC=0.6037 | PRAUC=0.4773
    F2 → Acc=0.5192 | Prec=0.5786 | Rec=0.5192 | F1=0.4199 | AUROC=0.6518 | PRAUC=0.5172
    F3 → Acc=0.4808 | Prec=0.4007 | Rec=0.4808 | F1=0.3978 | AUROC=0.6976 | PRAUC=0.5461
    F4 → Acc=0.5385 | Prec=0.5808 | Rec=0.5385 | F1=0.4540 | AUROC=0.6870 | PRAUC=0.4910
    F5 → Acc=0.4712 | Prec=0.3915 | Rec=0.4712 | F1=0.3916 | AUROC=0.6491 | PRAUC=0.4741
  ✅  Acc:0.4991±0.0255 | Precision:0.4980±0.0846  |Recall:0.4991±0.0255 |F1:0.4113±0.0236 | AUROC:0.6578±0.0331 | PRAUC:0.5011±0.0271 | MCC:0.2011 | Composite:0.5527

  ▶ [9/32] iterations=100 | depth=10 | learning_rate=0.01 | l2_leaf_reg=1 | lambda_=0.1 | n_measurements=None
    F1 → Acc=0.8381 | Prec=0.8422 | Rec=0.8381 | F1=0.8373 | AUROC=0.9424 | PRAUC=0.8923
    F2 → Acc=0.8365 | Prec=0.8201 | Rec=0.8365 | F1=0.8242 | AUROC=0.9652 | PRAUC=0.9210
    F3 → Acc=0.8654 | Prec=0.8639 | Rec=0.8654 | F1=0.8628 | AUROC=0.9829 | PRAUC=0.9538
    F4 → Acc=0.8846 | Prec=0.8900 | Rec=0.8846 | F1=0.8849 | AUROC=0.9529 | PRAUC=0.9220
    F5 → Acc=0.8558 | Prec=0.8604 | Rec=0.8558 | F1=0.8527 | AUROC=0.9688 | PRAUC=0.9373
  ✅  Acc:0.8561±0.0179 | Precision:0.8553±0.0233  |Recall:0.8561±0.0179 |F1:0.8524±0.0209 | AUROC:0.9624±0.0138 | PRAUC:0.9253±0.0204 | MCC:0.7907 | Composite:0.9146

  ▶ [10/32] iterations=100 | depth=10 | learning_rate=0.01 | l2_leaf_reg=1 | lambda_=5 | n_measurements=None
    F1 → Acc=0.4571 | Prec=0.4991 | Rec=0.4571 | F1=0.3465 | AUROC=0.6495 | PRAUC=0.4964
    F2 → Acc=0.4904 | Prec=0.6406 | Rec=0.4904 | F1=0.3700 | AUROC=0.6669 | PRAUC=0.5179
    F3 → Acc=0.4615 | Prec=0.3788 | Rec=0.4615 | F1=0.3498 | AUROC=0.6167 | PRAUC=0.4254
    F4 → Acc=0.4904 | Prec=0.6857 | Rec=0.4904 | F1=0.3716 | AUROC=0.6645 | PRAUC=0.4956
    F5 → Acc=0.4519 | Prec=0.3741 | Rec=0.4519 | F1=0.3363 | AUROC=0.6319 | PRAUC=0.4608
  ✅  Acc:0.4703±0.0167 | Precision:0.5157±0.1293  |Recall:0.4703±0.0167 |F1:0.3549±0.0138 | AUROC:0.6459±0.0192 | PRAUC:0.4792±0.0325 | MCC:0.1306 | Composite:0.5318

  ▶ [11/32] iterations=100 | depth=10 | learning_rate=0.01 | l2_leaf_reg=5 | lambda_=0.1 | n_measurements=None
    F1 → Acc=0.8190 | Prec=0.8244 | Rec=0.8190 | F1=0.8147 | AUROC=0.9369 | PRAUC=0.8822
    F2 → Acc=0.7981 | Prec=0.7841 | Rec=0.7981 | F1=0.7835 | AUROC=0.9563 | PRAUC=0.8995
    F3 → Acc=0.8750 | Prec=0.8731 | Rec=0.8750 | F1=0.8702 | AUROC=0.9792 | PRAUC=0.9480
    F4 → Acc=0.8750 | Prec=0.8813 | Rec=0.8750 | F1=0.8758 | AUROC=0.9559 | PRAUC=0.9281
    F5 → Acc=0.8558 | Prec=0.8318 | Rec=0.8558 | F1=0.8431 | AUROC=0.9704 | PRAUC=0.9341
  ✅  Acc:0.8446±0.0310 | Precision:0.8390±0.0353  |Recall:0.8446±0.0310 |F1:0.8375±0.0346 | AUROC:0.9597±0.0144 | PRAUC:0.9184±0.0240 | MCC:0.7735 | Composite:0.9076

  ▶ [12/32] iterations=100 | depth=10 | learning_rate=0.01 | l2_leaf_reg=5 | lambda_=5 | n_measurements=None
    F1 → Acc=0.4667 | Prec=0.5186 | Rec=0.4667 | F1=0.3418 | AUROC=0.6585 | PRAUC=0.4834
    F2 → Acc=0.4808 | Prec=0.5669 | Rec=0.4808 | F1=0.3530 | AUROC=0.6651 | PRAUC=0.4925
    F3 → Acc=0.4615 | Prec=0.4074 | Rec=0.4615 | F1=0.3690 | AUROC=0.5845 | PRAUC=0.3981
    F4 → Acc=0.4712 | Prec=0.5889 | Rec=0.4712 | F1=0.3502 | AUROC=0.6614 | PRAUC=0.4787
    F5 → Acc=0.4615 | Prec=0.3970 | Rec=0.4615 | F1=0.3536 | AUROC=0.6141 | PRAUC=0.4400
  ✅  Acc:0.4683±0.0072 | Precision:0.4958±0.0798  |Recall:0.4683±0.0072 |F1:0.3535±0.0088 | AUROC:0.6367±0.0320 | PRAUC:0.4585±0.0351 | MCC:0.1250 | Composite:0.5212

  ▶ [13/32] iterations=100 | depth=10 | learning_rate=0.1 | l2_leaf_reg=1 | lambda_=0.1 | n_measurements=None
    F1 → Acc=0.8667 | Prec=0.8705 | Rec=0.8667 | F1=0.8657 | AUROC=0.9584 | PRAUC=0.9185
    F2 → Acc=0.8269 | Prec=0.8346 | Rec=0.8269 | F1=0.8203 | AUROC=0.9813 | PRAUC=0.9514
    F3 → Acc=0.9135 | Prec=0.9133 | Rec=0.9135 | F1=0.9127 | AUROC=0.9933 | PRAUC=0.9790
    F4 → Acc=0.8846 | Prec=0.8901 | Rec=0.8846 | F1=0.8854 | AUROC=0.9649 | PRAUC=0.9357
    F5 → Acc=0.8750 | Prec=0.8806 | Rec=0.8750 | F1=0.8703 | AUROC=0.9835 | PRAUC=0.9675
  ✅  Acc:0.8733±0.0281 | Precision:0.8778±0.0258  |Recall:0.8733±0.0281 |F1:0.8709±0.0301 | AUROC:0.9763±0.0128 | PRAUC:0.9504±0.0217 | MCC:0.8160 | Composite:0.9333

  ▶ [14/32] iterations=100 | depth=10 | learning_rate=0.1 | l2_leaf_reg=1 | lambda_=5 | n_measurements=None
    F1 → Acc=0.4952 | Prec=0.4844 | Rec=0.4952 | F1=0.4051 | AUROC=0.6551 | PRAUC=0.5020
    F2 → Acc=0.5288 | Prec=0.7058 | Rec=0.5288 | F1=0.4406 | AUROC=0.6923 | PRAUC=0.5242
    F3 → Acc=0.4519 | Prec=0.5048 | Rec=0.4519 | F1=0.3657 | AUROC=0.6342 | PRAUC=0.4415
    F4 → Acc=0.5000 | Prec=0.6623 | Rec=0.5000 | F1=0.3955 | AUROC=0.6592 | PRAUC=0.4882
    F5 → Acc=0.4327 | Prec=0.3354 | Rec=0.4327 | F1=0.3365 | AUROC=0.5904 | PRAUC=0.4245
  ✅  Acc:0.4817±0.0347 | Precision:0.5385±0.1331  |Recall:0.4817±0.0347 |F1:0.3887±0.0354 | AUROC:0.6462±0.0335 | PRAUC:0.4761±0.0374 | MCC:0.1622 | Composite:0.5347

  ▶ [15/32] iterations=100 | depth=10 | learning_rate=0.1 | l2_leaf_reg=5 | lambda_=0.1 | n_measurements=None
    F1 → Acc=0.8381 | Prec=0.8405 | Rec=0.8381 | F1=0.8367 | AUROC=0.9512 | PRAUC=0.9044
    F2 → Acc=0.8365 | Prec=0.8243 | Rec=0.8365 | F1=0.8253 | AUROC=0.9728 | PRAUC=0.9398
    F3 → Acc=0.9135 | Prec=0.9124 | Rec=0.9135 | F1=0.9124 | AUROC=0.9884 | PRAUC=0.9707
    F4 → Acc=0.8846 | Prec=0.8900 | Rec=0.8846 | F1=0.8849 | AUROC=0.9544 | PRAUC=0.9241
    F5 → Acc=0.8750 | Prec=0.8764 | Rec=0.8750 | F1=0.8740 | AUROC=0.9775 | PRAUC=0.9544
  ✅  Acc:0.8695±0.0292 | Precision:0.8687±0.0322  |Recall:0.8695±0.0292 |F1:0.8666±0.0319 | AUROC:0.9689±0.0141 | PRAUC:0.9387±0.0231 | MCC:0.8104 | Composite:0.9257

  ▶ [16/32] iterations=100 | depth=10 | learning_rate=0.1 | l2_leaf_reg=5 | lambda_=5 | n_measurements=None
    F1 → Acc=0.4952 | Prec=0.5272 | Rec=0.4952 | F1=0.3907 | AUROC=0.6339 | PRAUC=0.4619
    F2 → Acc=0.5000 | Prec=0.6879 | Rec=0.5000 | F1=0.3906 | AUROC=0.6786 | PRAUC=0.5565
    F3 → Acc=0.4423 | Prec=0.3508 | Rec=0.4423 | F1=0.3356 | AUROC=0.6411 | PRAUC=0.4645
    F4 → Acc=0.4808 | Prec=0.5416 | Rec=0.4808 | F1=0.3668 | AUROC=0.6629 | PRAUC=0.4935
    F5 → Acc=0.4327 | Prec=0.3772 | Rec=0.4327 | F1=0.3218 | AUROC=0.6154 | PRAUC=0.4513
  ✅  Acc:0.4702±0.0276 | Precision:0.4969±0.1225  |Recall:0.4702±0.0276 |F1:0.3611±0.0282 | AUROC:0.6464±0.0221 | PRAUC:0.4855±0.0381 | MCC:0.1305 | Composite:0.5340

  ▶ [17/32] iterations=500 | depth=4 | learning_rate=0.01 | l2_leaf_reg=1 | lambda_=0.1 | n_measurements=None
    F1 → Acc=0.6952 | Prec=0.7003 | Rec=0.6952 | F1=0.6807 | AUROC=0.9240 | PRAUC=0.8397
    F2 → Acc=0.7981 | Prec=0.7923 | Rec=0.7981 | F1=0.7828 | AUROC=0.9575 | PRAUC=0.8931
    F3 → Acc=0.9231 | Prec=0.9287 | Rec=0.9231 | F1=0.9197 | AUROC=0.9878 | PRAUC=0.9691
    F4 → Acc=0.8558 | Prec=0.8425 | Rec=0.8558 | F1=0.8473 | AUROC=0.9482 | PRAUC=0.9046
    F5 → Acc=0.7981 | Prec=0.7950 | Rec=0.7981 | F1=0.7807 | AUROC=0.9637 | PRAUC=0.9317
  ✅  Acc:0.8140±0.0752 | Precision:0.8118±0.0744  |Recall:0.8140±0.0752 |F1:0.8022±0.0793 | AUROC:0.9563±0.0208 | PRAUC:0.9076±0.0429 | MCC:0.7272 | Composite:0.8926

  ▶ [18/32] iterations=500 | depth=4 | learning_rate=0.01 | l2_leaf_reg=1 | lambda_=5 | n_measurements=None
    F1 → Acc=0.4762 | Prec=0.5017 | Rec=0.4762 | F1=0.3680 | AUROC=0.6313 | PRAUC=0.4983
    F2 → Acc=0.5000 | Prec=0.5904 | Rec=0.5000 | F1=0.4017 | AUROC=0.6616 | PRAUC=0.5281
    F3 → Acc=0.4712 | Prec=0.4065 | Rec=0.4712 | F1=0.3641 | AUROC=0.6724 | PRAUC=0.4984
    F4 → Acc=0.5192 | Prec=0.5261 | Rec=0.5192 | F1=0.4320 | AUROC=0.6987 | PRAUC=0.5130
    F5 → Acc=0.4519 | Prec=0.3725 | Rec=0.4519 | F1=0.3737 | AUROC=0.6652 | PRAUC=0.4968
  ✅  Acc:0.4837±0.0235 | Precision:0.4794±0.0797  |Recall:0.4837±0.0235 |F1:0.3879±0.0257 | AUROC:0.6658±0.0216 | PRAUC:0.5069±0.0121 | MCC:0.1654 | Composite:0.5521

  ▶ [19/32] iterations=500 | depth=4 | learning_rate=0.01 | l2_leaf_reg=5 | lambda_=0.1 | n_measurements=None
    F1 → Acc=0.6286 | Prec=0.6123 | Rec=0.6286 | F1=0.5904 | AUROC=0.9081 | PRAUC=0.8106
    F2 → Acc=0.7404 | Prec=0.7297 | Rec=0.7404 | F1=0.7077 | AUROC=0.9372 | PRAUC=0.8636
    F3 → Acc=0.8269 | Prec=0.8297 | Rec=0.8269 | F1=0.8095 | AUROC=0.9832 | PRAUC=0.9486
    F4 → Acc=0.8173 | Prec=0.8059 | Rec=0.8173 | F1=0.8079 | AUROC=0.9380 | PRAUC=0.8853
    F5 → Acc=0.7596 | Prec=0.7813 | Rec=0.7596 | F1=0.7389 | AUROC=0.9525 | PRAUC=0.8948
  ✅  Acc:0.7546±0.0711 | Precision:0.7518±0.0772  |Recall:0.7546±0.0711 |F1:0.7309±0.0805 | AUROC:0.9438±0.0244 | PRAUC:0.8806±0.0448 | MCC:0.6385 | Composite:0.8596

  ▶ [20/32] iterations=500 | depth=4 | learning_rate=0.01 | l2_leaf_reg=5 | lambda_=5 | n_measurements=None
    F1 → Acc=0.4762 | Prec=0.5390 | Rec=0.4762 | F1=0.3586 | AUROC=0.6292 | PRAUC=0.4921
    F2 → Acc=0.5096 | Prec=0.6590 | Rec=0.5096 | F1=0.3939 | AUROC=0.6604 | PRAUC=0.5304
    F3 → Acc=0.4615 | Prec=0.4324 | Rec=0.4615 | F1=0.3573 | AUROC=0.6615 | PRAUC=0.4808
    F4 → Acc=0.5000 | Prec=0.6717 | Rec=0.5000 | F1=0.3875 | AUROC=0.6901 | PRAUC=0.5011
    F5 → Acc=0.4423 | Prec=0.3550 | Rec=0.4423 | F1=0.3511 | AUROC=0.6613 | PRAUC=0.4927
  ✅  Acc:0.4779±0.0246 | Precision:0.5314±0.1241  |Recall:0.4779±0.0246 |F1:0.3697±0.0175 | AUROC:0.6605±0.0193 | PRAUC:0.4994±0.0168 | MCC:0.1501 | Composite:0.5459

  ▶ [21/32] iterations=500 | depth=4 | learning_rate=0.1 | l2_leaf_reg=1 | lambda_=0.1 | n_measurements=None
    F1 → Acc=0.7619 | Prec=0.7651 | Rec=0.7619 | F1=0.7600 | AUROC=0.9438 | PRAUC=0.8707
    F2 → Acc=0.8942 | Prec=0.8989 | Rec=0.8942 | F1=0.8927 | AUROC=0.9833 | PRAUC=0.9441
    F3 → Acc=0.9135 | Prec=0.9165 | Rec=0.9135 | F1=0.9119 | AUROC=0.9960 | PRAUC=0.9893
    F4 → Acc=0.8846 | Prec=0.8944 | Rec=0.8846 | F1=0.8855 | AUROC=0.9682 | PRAUC=0.9338
    F5 → Acc=0.8750 | Prec=0.8755 | Rec=0.8750 | F1=0.8742 | AUROC=0.9722 | PRAUC=0.9546
  ✅  Acc:0.8658±0.0535 | Precision:0.8701±0.0541  |Recall:0.8658±0.0535 |F1:0.8649±0.0538 | AUROC:0.9727±0.0174 | PRAUC:0.9385±0.0387 | MCC:0.8049 | Composite:0.9257

  ▶ [22/32] iterations=500 | depth=4 | learning_rate=0.1 | l2_leaf_reg=1 | lambda_=5 | n_measurements=None
    F1 → Acc=0.4667 | Prec=0.4416 | Rec=0.4667 | F1=0.4062 | AUROC=0.6245 | PRAUC=0.4964
    F2 → Acc=0.4904 | Prec=0.4505 | Rec=0.4904 | F1=0.4297 | AUROC=0.6669 | PRAUC=0.5283
    F3 → Acc=0.4327 | Prec=0.3443 | Rec=0.4327 | F1=0.3645 | AUROC=0.6700 | PRAUC=0.4813
    F4 → Acc=0.5000 | Prec=0.4744 | Rec=0.5000 | F1=0.4380 | AUROC=0.6938 | PRAUC=0.5089
    F5 → Acc=0.4808 | Prec=0.4636 | Rec=0.4808 | F1=0.4605 | AUROC=0.6659 | PRAUC=0.5138
  ✅  Acc:0.4741±0.0235 | Precision:0.4349±0.0466  |Recall:0.4741±0.0235 |F1:0.4198±0.0326 | AUROC:0.6642±0.0223 | PRAUC:0.5057±0.0160 | MCC:0.1691 | Composite:0.5480

  ▶ [23/32] iterations=500 | depth=4 | learning_rate=0.1 | l2_leaf_reg=5 | lambda_=0.1 | n_measurements=None
    F1 → Acc=0.7429 | Prec=0.7430 | Rec=0.7429 | F1=0.7407 | AUROC=0.9383 | PRAUC=0.8627
    F2 → Acc=0.8654 | Prec=0.8745 | Rec=0.8654 | F1=0.8620 | AUROC=0.9787 | PRAUC=0.9334
    F3 → Acc=0.9135 | Prec=0.9165 | Rec=0.9135 | F1=0.9119 | AUROC=0.9942 | PRAUC=0.9841
    F4 → Acc=0.8846 | Prec=0.8944 | Rec=0.8846 | F1=0.8855 | AUROC=0.9650 | PRAUC=0.9335
    F5 → Acc=0.8558 | Prec=0.8569 | Rec=0.8558 | F1=0.8555 | AUROC=0.9748 | PRAUC=0.9543
  ✅  Acc:0.8524±0.0582 | Precision:0.8570±0.0604  |Recall:0.8524±0.0582 |F1:0.8511±0.0587 | AUROC:0.9702±0.0185 | PRAUC:0.9336±0.0400 | MCC:0.7854 | Composite:0.9187

  ▶ [24/32] iterations=500 | depth=4 | learning_rate=0.1 | l2_leaf_reg=5 | lambda_=5 | n_measurements=None
    F1 → Acc=0.4571 | Prec=0.4722 | Rec=0.4571 | F1=0.3939 | AUROC=0.6342 | PRAUC=0.5189
    F2 → Acc=0.5000 | Prec=0.4674 | Rec=0.5000 | F1=0.4442 | AUROC=0.6830 | PRAUC=0.5352
    F3 → Acc=0.5000 | Prec=0.5199 | Rec=0.5000 | F1=0.4410 | AUROC=0.7000 | PRAUC=0.5240
    F4 → Acc=0.5192 | Prec=0.4765 | Rec=0.5192 | F1=0.4529 | AUROC=0.7037 | PRAUC=0.5055
    F5 → Acc=0.4423 | Prec=0.4093 | Rec=0.4423 | F1=0.4092 | AUROC=0.6532 | PRAUC=0.4882
  ✅  Acc:0.4837±0.0290 | Precision:0.4691±0.0353  |Recall:0.4837±0.0290 |F1:0.4282±0.0227 | AUROC:0.6748±0.0270 | PRAUC:0.5144±0.0162 | MCC:0.1845 | Composite:0.5576

  ▶ [25/32] iterations=500 | depth=10 | learning_rate=0.01 | l2_leaf_reg=1 | lambda_=0.1 | n_measurements=None
    F1 → Acc=0.8476 | Prec=0.8525 | Rec=0.8476 | F1=0.8450 | AUROC=0.9548 | PRAUC=0.9127
    F2 → Acc=0.8654 | Prec=0.8701 | Rec=0.8654 | F1=0.8616 | AUROC=0.9745 | PRAUC=0.9373
    F3 → Acc=0.9231 | Prec=0.9227 | Rec=0.9231 | F1=0.9225 | AUROC=0.9927 | PRAUC=0.9751
    F4 → Acc=0.8846 | Prec=0.8900 | Rec=0.8846 | F1=0.8849 | AUROC=0.9577 | PRAUC=0.9273
    F5 → Acc=0.8846 | Prec=0.8861 | Rec=0.8846 | F1=0.8837 | AUROC=0.9795 | PRAUC=0.9599
  ✅  Acc:0.8811±0.0251 | Precision:0.8843±0.0233  |Recall:0.8811±0.0251 |F1:0.8796±0.0261 | AUROC:0.9718±0.0141 | PRAUC:0.9425±0.0224 | MCC:0.8273 | Composite:0.9318

  ▶ [26/32] iterations=500 | depth=10 | learning_rate=0.01 | l2_leaf_reg=1 | lambda_=5 | n_measurements=None
    F1 → Acc=0.4762 | Prec=0.5750 | Rec=0.4762 | F1=0.3574 | AUROC=0.6490 | PRAUC=0.5060
    F2 → Acc=0.5096 | Prec=0.7456 | Rec=0.5096 | F1=0.3952 | AUROC=0.7219 | PRAUC=0.5960
    F3 → Acc=0.4615 | Prec=0.4673 | Rec=0.4615 | F1=0.3464 | AUROC=0.6401 | PRAUC=0.4529
    F4 → Acc=0.5000 | Prec=0.6879 | Rec=0.5000 | F1=0.3906 | AUROC=0.6994 | PRAUC=0.5320
    F5 → Acc=0.4423 | Prec=0.3767 | Rec=0.4423 | F1=0.3305 | AUROC=0.6567 | PRAUC=0.5005
  ✅  Acc:0.4779±0.0246 | Precision:0.5705±0.1361  |Recall:0.4779±0.0246 |F1:0.3640±0.0251 | AUROC:0.6734±0.0316 | PRAUC:0.5175±0.0468 | MCC:0.1554 | Composite:0.5563

  ▶ [27/32] iterations=500 | depth=10 | learning_rate=0.01 | l2_leaf_reg=5 | lambda_=0.1 | n_measurements=None
    F1 → Acc=0.8381 | Prec=0.8412 | Rec=0.8381 | F1=0.8354 | AUROC=0.9499 | PRAUC=0.9023
    F2 → Acc=0.8269 | Prec=0.8168 | Rec=0.8269 | F1=0.8139 | AUROC=0.9656 | PRAUC=0.9198
    F3 → Acc=0.9038 | Prec=0.9036 | Rec=0.9038 | F1=0.9031 | AUROC=0.9850 | PRAUC=0.9628
    F4 → Acc=0.8750 | Prec=0.8824 | Rec=0.8750 | F1=0.8746 | AUROC=0.9568 | PRAUC=0.9272
    F5 → Acc=0.8462 | Prec=0.8502 | Rec=0.8462 | F1=0.8429 | AUROC=0.9760 | PRAUC=0.9490
  ✅  Acc:0.8580±0.0279 | Precision:0.8589±0.0307  |Recall:0.8580±0.0279 |F1:0.8540±0.0313 | AUROC:0.9667±0.0127 | PRAUC:0.9322±0.0214 | MCC:0.7931 | Composite:0.9190

  ▶ [28/32] iterations=500 | depth=10 | learning_rate=0.01 | l2_leaf_reg=5 | lambda_=5 | n_measurements=None
    F1 → Acc=0.4667 | Prec=0.5896 | Rec=0.4667 | F1=0.3412 | AUROC=0.6318 | PRAUC=0.4902
    F2 → Acc=0.5000 | Prec=0.6694 | Rec=0.5000 | F1=0.3896 | AUROC=0.7137 | PRAUC=0.5725
    F3 → Acc=0.4808 | Prec=0.5007 | Rec=0.4808 | F1=0.3690 | AUROC=0.6333 | PRAUC=0.4537
    F4 → Acc=0.5000 | Prec=0.6879 | Rec=0.5000 | F1=0.3906 | AUROC=0.6960 | PRAUC=0.5249
    F5 → Acc=0.4519 | Prec=0.3793 | Rec=0.4519 | F1=0.3349 | AUROC=0.6297 | PRAUC=0.4592
  ✅  Acc:0.4799±0.0188 | Precision:0.5654±0.1142  |Recall:0.4799±0.0188 |F1:0.3651±0.0234 | AUROC:0.6609±0.0363 | PRAUC:0.5001±0.0442 | MCC:0.1607 | Composite:0.5469

  ▶ [29/32] iterations=500 | depth=10 | learning_rate=0.1 | l2_leaf_reg=1 | lambda_=0.1 | n_measurements=None
    F1 → Acc=0.8571 | Prec=0.8611 | Rec=0.8571 | F1=0.8568 | AUROC=0.9588 | PRAUC=0.9129
    F2 → Acc=0.8654 | Prec=0.8688 | Rec=0.8654 | F1=0.8623 | AUROC=0.9859 | PRAUC=0.9633
    F3 → Acc=0.9519 | Prec=0.9544 | Rec=0.9519 | F1=0.9511 | AUROC=0.9959 | PRAUC=0.9844
    F4 → Acc=0.8846 | Prec=0.8933 | Rec=0.8846 | F1=0.8864 | AUROC=0.9698 | PRAUC=0.9428
    F5 → Acc=0.8846 | Prec=0.8881 | Rec=0.8846 | F1=0.8830 | AUROC=0.9843 | PRAUC=0.9700
  ✅  Acc:0.8887±0.0334 | Precision:0.8931±0.0329  |Recall:0.8887±0.0334 |F1:0.8879±0.0336 | AUROC:0.9789±0.0131 | PRAUC:0.9547±0.0248 | MCC:0.8385 | Composite:0.9408

  ▶ [30/32] iterations=500 | depth=10 | learning_rate=0.1 | l2_leaf_reg=1 | lambda_=5 | n_measurements=None
    F1 → Acc=0.5333 | Prec=0.6151 | Rec=0.5333 | F1=0.4419 | AUROC=0.6669 | PRAUC=0.5330
    F2 → Acc=0.5288 | Prec=0.7501 | Rec=0.5288 | F1=0.4268 | AUROC=0.7145 | PRAUC=0.5720
    F3 → Acc=0.4712 | Prec=0.5110 | Rec=0.4712 | F1=0.3649 | AUROC=0.6622 | PRAUC=0.4681
    F4 → Acc=0.5096 | Prec=0.6740 | Rec=0.5096 | F1=0.4065 | AUROC=0.6916 | PRAUC=0.5340
    F5 → Acc=0.4327 | Prec=0.3472 | Rec=0.4327 | F1=0.3364 | AUROC=0.6445 | PRAUC=0.4904
  ✅  Acc:0.4951±0.0382 | Precision:0.5795±0.1400  |Recall:0.4951±0.0382 |F1:0.3953±0.0392 | AUROC:0.6759±0.0245 | PRAUC:0.5195±0.0364 | MCC:0.1993 | Composite:0.5635

  ▶ [31/32] iterations=500 | depth=10 | learning_rate=0.1 | l2_leaf_reg=5 | lambda_=0.1 | n_measurements=None
    F1 → Acc=0.8000 | Prec=0.8023 | Rec=0.8000 | F1=0.7984 | AUROC=0.9569 | PRAUC=0.9109
    F2 → Acc=0.8558 | Prec=0.8665 | Rec=0.8558 | F1=0.8524 | AUROC=0.9834 | PRAUC=0.9608
    F3 → Acc=0.9423 | Prec=0.9436 | Rec=0.9423 | F1=0.9418 | AUROC=0.9946 | PRAUC=0.9820
    F4 → Acc=0.8750 | Prec=0.8784 | Rec=0.8750 | F1=0.8754 | AUROC=0.9629 | PRAUC=0.9346
    F5 → Acc=0.8750 | Prec=0.8790 | Rec=0.8750 | F1=0.8699 | AUROC=0.9821 | PRAUC=0.9674
  ✅  Acc:0.8696±0.0456 | Precision:0.8740±0.0449  |Recall:0.8696±0.0456 |F1:0.8676±0.0460 | AUROC:0.9760±0.0140 | PRAUC:0.9511±0.0253 | MCC:0.8103 | Composite:0.9322

  ▶ [32/32] iterations=500 | depth=10 | learning_rate=0.1 | l2_leaf_reg=5 | lambda_=5 | n_measurements=None
    F1 → Acc=0.5143 | Prec=0.5804 | Rec=0.5143 | F1=0.4102 | AUROC=0.6474 | PRAUC=0.4850
    F2 → Acc=0.5192 | Prec=0.7478 | Rec=0.5192 | F1=0.4104 | AUROC=0.7066 | PRAUC=0.5814
    F3 → Acc=0.4712 | Prec=0.4903 | Rec=0.4712 | F1=0.3636 | AUROC=0.6717 | PRAUC=0.5027
    F4 → Acc=0.5192 | Prec=0.6155 | Rec=0.5192 | F1=0.4220 | AUROC=0.6933 | PRAUC=0.5276
    F5 → Acc=0.4519 | Prec=0.4188 | Rec=0.4519 | F1=0.3439 | AUROC=0.6464 | PRAUC=0.4923
  ✅  Acc:0.4952±0.0282 | Precision:0.5705±0.1123  |Recall:0.4952±0.0282 |F1:0.3900±0.0306 | AUROC:0.6731±0.0241 | PRAUC:0.5178±0.0349 | MCC:0.2016 | Composite:0.5620

🏆 Best config : iterations=500 | depth=10 | learning_rate=0.1 | l2_leaf_reg=1 | lambda_=0.1 | n_measurements=None
✅ Saved: ./results/qcat_full.csv
✅ [QCat (full)] recorded | Exec. time: 281.2s
