📝 Log: results\logs\gs\quantum\all\fsk\qsvc_linear.log
🕒 Started: 2026-05-25T04:47:13
🔬 Search space: 3 C × 2 lambda_ × 1 n_measurements =  6 configs × 5 folds = 30 fits
   Scoring criterion: (AUROC + PRAUC + Accuracy) / 3

  ▶ [1/6] C=0.1 | lambda_=0.1 | n_measurements=None
    F1 → Acc=0.5429 | Prec=0.6268 | Rec=0.5429 | F1=0.4432 | AUROC=0.8826 | PRAUC=0.7511
    F2 → Acc=0.5673 | Prec=0.5574 | Rec=0.5673 | F1=0.4856 | AUROC=0.8158 | PRAUC=0.6515
    F3 → Acc=0.5481 | Prec=0.6330 | Rec=0.5481 | F1=0.4411 | AUROC=0.9066 | PRAUC=0.8149
    F4 → Acc=0.5385 | Prec=0.5346 | Rec=0.5385 | F1=0.4396 | AUROC=0.8560 | PRAUC=0.7378
    F5 → Acc=0.5096 | Prec=0.4309 | Rec=0.5096 | F1=0.3878 | AUROC=0.8978 | PRAUC=0.7933
  ✅  Acc:0.5413±0.0186 | Precision:0.5565±0.0736  |Recall:0.5413±0.0186 |F1:0.4395±0.0310 | AUROC:0.8718±0.0328 | PRAUC:0.7497±0.0565 | MCC:0.3121 | Composite:0.7209

  ▶ [2/6] C=0.1 | lambda_=5 | n_measurements=None
    F1 → Acc=0.4381 | Prec=0.1919 | Rec=0.4381 | F1=0.2669 | AUROC=0.7263 | PRAUC=0.5513
    F2 → Acc=0.4519 | Prec=0.2042 | Rec=0.4519 | F1=0.2813 | AUROC=0.6743 | PRAUC=0.5092
    F3 → Acc=0.4519 | Prec=0.2042 | Rec=0.4519 | F1=0.2813 | AUROC=0.7756 | PRAUC=0.6079
    F4 → Acc=0.4519 | Prec=0.2042 | Rec=0.4519 | F1=0.2813 | AUROC=0.6732 | PRAUC=0.4544
    F5 → Acc=0.4423 | Prec=0.1956 | Rec=0.4423 | F1=0.2713 | AUROC=0.6921 | PRAUC=0.5111
  ✅  Acc:0.4472±0.0059 | Precision:0.2001±0.0053  |Recall:0.4472±0.0059 |F1:0.2764±0.0061 | AUROC:0.7083±0.0387 | PRAUC:0.5268±0.0509 | MCC:0.0000 | Composite:0.5608

  ▶ [3/6] C=1 | lambda_=0.1 | n_measurements=None
    F1 → Acc=0.7524 | Prec=0.7675 | Rec=0.7524 | F1=0.7436 | AUROC=0.9322 | PRAUC=0.8433
    F2 → Acc=0.7115 | Prec=0.7225 | Rec=0.7115 | F1=0.6920 | AUROC=0.8736 | PRAUC=0.7403
    F3 → Acc=0.7885 | Prec=0.8064 | Rec=0.7885 | F1=0.7876 | AUROC=0.9515 | PRAUC=0.9012
    F4 → Acc=0.7212 | Prec=0.7225 | Rec=0.7212 | F1=0.7058 | AUROC=0.9123 | PRAUC=0.8383
    F5 → Acc=0.6923 | Prec=0.6940 | Rec=0.6923 | F1=0.6739 | AUROC=0.9342 | PRAUC=0.8684
  ✅  Acc:0.7332±0.0338 | Precision:0.7426±0.0397  |Recall:0.7332±0.0338 |F1:0.7206±0.0406 | AUROC:0.9208±0.0266 | PRAUC:0.8383±0.0538 | MCC:0.6057 | Composite:0.8307

  ▶ [4/6] C=1 | lambda_=5 | n_measurements=None
    F1 → Acc=0.4952 | Prec=0.4722 | Rec=0.4952 | F1=0.4665 | AUROC=0.7593 | PRAUC=0.6021
    F2 → Acc=0.5481 | Prec=0.5292 | Rec=0.5481 | F1=0.5090 | AUROC=0.6833 | PRAUC=0.5193
    F3 → Acc=0.5865 | Prec=0.5660 | Rec=0.5865 | F1=0.5544 | AUROC=0.7956 | PRAUC=0.6205
    F4 → Acc=0.5096 | Prec=0.4896 | Rec=0.5096 | F1=0.4928 | AUROC=0.6999 | PRAUC=0.4888
    F5 → Acc=0.5385 | Prec=0.5611 | Rec=0.5385 | F1=0.5195 | AUROC=0.7271 | PRAUC=0.5653
  ✅  Acc:0.5356±0.0318 | Precision:0.5236±0.0375  |Recall:0.5356±0.0318 |F1:0.5085±0.0291 | AUROC:0.7331±0.0405 | PRAUC:0.5592±0.0494 | MCC:0.2939 | Composite:0.6093

  ▶ [5/6] C=10 | lambda_=0.1 | n_measurements=None
    F1 → Acc=0.8095 | Prec=0.8135 | Rec=0.8095 | F1=0.8083 | AUROC=0.9409 | PRAUC=0.8783
    F2 → Acc=0.8462 | Prec=0.8516 | Rec=0.8462 | F1=0.8422 | AUROC=0.9671 | PRAUC=0.9278
    F3 → Acc=0.9038 | Prec=0.9130 | Rec=0.9038 | F1=0.9014 | AUROC=0.9799 | PRAUC=0.9610
    F4 → Acc=0.7885 | Prec=0.8387 | Rec=0.7885 | F1=0.8013 | AUROC=0.9398 | PRAUC=0.8770
    F5 → Acc=0.8173 | Prec=0.8240 | Rec=0.8173 | F1=0.8175 | AUROC=0.9501 | PRAUC=0.9078
  ✅  Acc:0.8331±0.0399 | Precision:0.8482±0.0349  |Recall:0.8331±0.0399 |F1:0.8341±0.0364 | AUROC:0.9556±0.0156 | PRAUC:0.9104±0.0317 | MCC:0.7616 | Composite:0.8997

  ▶ [6/6] C=10 | lambda_=5 | n_measurements=None
    F1 → Acc=0.4952 | Prec=0.5147 | Rec=0.4952 | F1=0.4963 | AUROC=0.7660 | PRAUC=0.6154
    F2 → Acc=0.5288 | Prec=0.5194 | Rec=0.5288 | F1=0.5200 | AUROC=0.6926 | PRAUC=0.5143
    F3 → Acc=0.6058 | Prec=0.6109 | Rec=0.6058 | F1=0.6066 | AUROC=0.7846 | PRAUC=0.5915
    F4 → Acc=0.5673 | Prec=0.5871 | Rec=0.5673 | F1=0.5694 | AUROC=0.7309 | PRAUC=0.5355
    F5 → Acc=0.6154 | Prec=0.6125 | Rec=0.6154 | F1=0.6099 | AUROC=0.7464 | PRAUC=0.5755
  ✅  Acc:0.5625±0.0455 | Precision:0.5689±0.0433  |Recall:0.5625±0.0455 |F1:0.5604±0.0456 | AUROC:0.7441±0.0315 | PRAUC:0.5664±0.0368 | MCC:0.3761 | Composite:0.6243

🏆 Best config : C=10 | lambda_=0.1 | n_measurements=None
   Composite   : 0.8996600093219133 (AUROC=0.9556±0.0156 | PRAUC=0.9104±0.0317 | Acc=0.8331±0.0399 |Prec=0.8482±0.0349 |Rec=0.8331±0.0399) |
✅ Saved: ./results/qsvc_linear.csv
✅ [QSVC (linear)] recorded | Exec. time: 16.5s
