📝 Log: results\logs\gs\quantum\all\qcat_full.log
🕒 Started: 2026-05-22T16:50:04
🔬 Search space: 2 iterations × 2 depth × 2 learning_rate × 2 l2_leaf_reg × 2 lambda_ × 1 n_measurements =  32 configs × 5 folds = 160 fits
   Scoring criterion: (AUROC + PRAUC + Accuracy) / 3

  ▶ [1/32] iterations=100 | depth=4 | learning_rate=0.01 | l2_leaf_reg=1 | lambda_=0.1 | n_measurements=None
    F1 → Acc=0.6857 | Prec=0.7027 | Rec=0.6857 | F1=0.6587 | AUROC=0.8903 | PRAUC=0.7862
    F2 → Acc=0.7308 | Prec=0.7394 | Rec=0.7308 | F1=0.7016 | AUROC=0.9118 | PRAUC=0.8031
    F3 → Acc=0.7692 | Prec=0.7723 | Rec=0.7692 | F1=0.7469 | AUROC=0.9582 | PRAUC=0.8948
    F4 → Acc=0.7692 | Prec=0.7600 | Rec=0.7692 | F1=0.7557 | AUROC=0.9251 | PRAUC=0.8575
    F5 → Acc=0.7404 | Prec=0.7532 | Rec=0.7404 | F1=0.7155 | AUROC=0.9399 | PRAUC=0.8630
  ✅  Acc:0.7391±0.0308 | Precision:0.7455±0.0239  |Recall:0.7391±0.0308 |F1:0.7157±0.0347 | AUROC:0.9251±0.0232 | PRAUC:0.8409±0.0402 | MCC:0.6165 | Composite:0.8350

  ▶ [2/32] iterations=100 | depth=4 | learning_rate=0.01 | l2_leaf_reg=1 | lambda_=5 | n_measurements=None
    F1 → Acc=0.4571 | Prec=0.4063 | Rec=0.4571 | F1=0.3335 | AUROC=0.5874 | PRAUC=0.4345
    F2 → Acc=0.4712 | Prec=0.6505 | Rec=0.4712 | F1=0.3220 | AUROC=0.6444 | PRAUC=0.4990
    F3 → Acc=0.4519 | Prec=0.3730 | Rec=0.4519 | F1=0.3273 | AUROC=0.6025 | PRAUC=0.4286
    F4 → Acc=0.4712 | Prec=0.5417 | Rec=0.4712 | F1=0.3360 | AUROC=0.6721 | PRAUC=0.4872
    F5 → Acc=0.4423 | Prec=0.3546 | Rec=0.4423 | F1=0.3288 | AUROC=0.6275 | PRAUC=0.4543
  ✅  Acc:0.4587±0.0112 | Precision:0.4652±0.1135  |Recall:0.4587±0.0112 |F1:0.3295±0.0049 | AUROC:0.6268±0.0300 | PRAUC:0.4607±0.0280 | MCC:0.0895 | Composite:0.5154

  ▶ [3/32] iterations=100 | depth=4 | learning_rate=0.01 | l2_leaf_reg=5 | lambda_=0.1 | n_measurements=None
    F1 → Acc=0.6762 | Prec=0.7016 | Rec=0.6762 | F1=0.6513 | AUROC=0.8713 | PRAUC=0.7615
    F2 → Acc=0.6442 | Prec=0.6901 | Rec=0.6442 | F1=0.6002 | AUROC=0.8844 | PRAUC=0.7564
    F3 → Acc=0.7596 | Prec=0.7715 | Rec=0.7596 | F1=0.7374 | AUROC=0.9492 | PRAUC=0.8740
    F4 → Acc=0.7212 | Prec=0.7197 | Rec=0.7212 | F1=0.7025 | AUROC=0.9184 | PRAUC=0.8489
    F5 → Acc=0.6731 | Prec=0.7149 | Rec=0.6731 | F1=0.6371 | AUROC=0.9291 | PRAUC=0.8390
  ✅  Acc:0.6949±0.0407 | Precision:0.7195±0.0280  |Recall:0.6949±0.0407 |F1:0.6657±0.0486 | AUROC:0.9105±0.0287 | PRAUC:0.8159±0.0480 | MCC:0.5498 | Composite:0.8071

  ▶ [4/32] iterations=100 | depth=4 | learning_rate=0.01 | l2_leaf_reg=5 | lambda_=5 | n_measurements=None
    F1 → Acc=0.4571 | Prec=0.4424 | Rec=0.4571 | F1=0.3322 | AUROC=0.5958 | PRAUC=0.4381
    F2 → Acc=0.4615 | Prec=0.4274 | Rec=0.4615 | F1=0.3016 | AUROC=0.6284 | PRAUC=0.4903
    F3 → Acc=0.4615 | Prec=0.4311 | Rec=0.4615 | F1=0.3202 | AUROC=0.5982 | PRAUC=0.4142
    F4 → Acc=0.4615 | Prec=0.5376 | Rec=0.4615 | F1=0.3170 | AUROC=0.6750 | PRAUC=0.5001
    F5 → Acc=0.4231 | Prec=0.2951 | Rec=0.4231 | F1=0.2957 | AUROC=0.6134 | PRAUC=0.4342
  ✅  Acc:0.4530±0.0150 | Precision:0.4267±0.0773  |Recall:0.4530±0.0150 |F1:0.3134±0.0132 | AUROC:0.6222±0.0289 | PRAUC:0.4554±0.0337 | MCC:0.0655 | Composite:0.5102

  ▶ [5/32] iterations=100 | depth=4 | learning_rate=0.1 | l2_leaf_reg=1 | lambda_=0.1 | n_measurements=None
    F1 → Acc=0.7143 | Prec=0.7178 | Rec=0.7143 | F1=0.7054 | AUROC=0.9295 | PRAUC=0.8472
    F2 → Acc=0.8462 | Prec=0.8586 | Rec=0.8462 | F1=0.8391 | AUROC=0.9768 | PRAUC=0.9277
    F3 → Acc=0.9327 | Prec=0.9364 | Rec=0.9327 | F1=0.9304 | AUROC=0.9913 | PRAUC=0.9821
    F4 → Acc=0.8654 | Prec=0.8682 | Rec=0.8654 | F1=0.8636 | AUROC=0.9501 | PRAUC=0.9099
    F5 → Acc=0.8462 | Prec=0.8590 | Rec=0.8462 | F1=0.8445 | AUROC=0.9720 | PRAUC=0.9487
  ✅  Acc:0.8409±0.0709 | Precision:0.8480±0.0713  |Recall:0.8409±0.0709 |F1:0.8366±0.0732 | AUROC:0.9640±0.0217 | PRAUC:0.9231±0.0449 | MCC:0.7684 | Composite:0.9093

  ▶ [6/32] iterations=100 | depth=4 | learning_rate=0.1 | l2_leaf_reg=1 | lambda_=5 | n_measurements=None
    F1 → Acc=0.4286 | Prec=0.4220 | Rec=0.4286 | F1=0.3545 | AUROC=0.6039 | PRAUC=0.4845
    F2 → Acc=0.5096 | Prec=0.5073 | Rec=0.5096 | F1=0.4177 | AUROC=0.6676 | PRAUC=0.5217
    F3 → Acc=0.4615 | Prec=0.3972 | Rec=0.4615 | F1=0.3962 | AUROC=0.6405 | PRAUC=0.4725
    F4 → Acc=0.4808 | Prec=0.4571 | Rec=0.4808 | F1=0.4198 | AUROC=0.6881 | PRAUC=0.4718
    F5 → Acc=0.4808 | Prec=0.4787 | Rec=0.4808 | F1=0.4360 | AUROC=0.6498 | PRAUC=0.4899
  ✅  Acc:0.4723±0.0267 | Precision:0.4525±0.0393  |Recall:0.4723±0.0267 |F1:0.4048±0.0282 | AUROC:0.6500±0.0282 | PRAUC:0.4881±0.0182 | MCC:0.1514 | Composite:0.5368

  ▶ [7/32] iterations=100 | depth=4 | learning_rate=0.1 | l2_leaf_reg=5 | lambda_=0.1 | n_measurements=None
    F1 → Acc=0.6952 | Prec=0.6897 | Rec=0.6952 | F1=0.6793 | AUROC=0.9170 | PRAUC=0.8274
    F2 → Acc=0.7885 | Prec=0.7814 | Rec=0.7885 | F1=0.7708 | AUROC=0.9560 | PRAUC=0.8866
    F3 → Acc=0.8750 | Prec=0.8839 | Rec=0.8750 | F1=0.8717 | AUROC=0.9851 | PRAUC=0.9581
    F4 → Acc=0.8365 | Prec=0.8225 | Rec=0.8365 | F1=0.8263 | AUROC=0.9464 | PRAUC=0.8943
    F5 → Acc=0.7885 | Prec=0.7947 | Rec=0.7885 | F1=0.7709 | AUROC=0.9682 | PRAUC=0.9438
  ✅  Acc:0.7967±0.0602 | Precision:0.7944±0.0631  |Recall:0.7967±0.0602 |F1:0.7838±0.0645 | AUROC:0.9545±0.0228 | PRAUC:0.9020±0.0464 | MCC:0.7016 | Composite:0.8844

  ▶ [8/32] iterations=100 | depth=4 | learning_rate=0.1 | l2_leaf_reg=5 | lambda_=5 | n_measurements=None
    F1 → Acc=0.4857 | Prec=0.5382 | Rec=0.4857 | F1=0.3934 | AUROC=0.6037 | PRAUC=0.4773
    F2 → Acc=0.5192 | Prec=0.5786 | Rec=0.5192 | F1=0.4199 | AUROC=0.6518 | PRAUC=0.5172
    F3 → Acc=0.4808 | Prec=0.4007 | Rec=0.4808 | F1=0.3978 | AUROC=0.6976 | PRAUC=0.5461
    F4 → Acc=0.5385 | Prec=0.5808 | Rec=0.5385 | F1=0.4540 | AUROC=0.6870 | PRAUC=0.4910
    F5 → Acc=0.4712 | Prec=0.3915 | Rec=0.4712 | F1=0.3916 | AUROC=0.6491 | PRAUC=0.4741
  ✅  Acc:0.4991±0.0255 | Precision:0.4980±0.0846  |Recall:0.4991±0.0255 |F1:0.4113±0.0236 | AUROC:0.6578±0.0331 | PRAUC:0.5011±0.0271 | MCC:0.2011 | Composite:0.5527

  ▶ [9/32] iterations=100 | depth=10 | learning_rate=0.01 | l2_leaf_reg=1 | lambda_=0.1 | n_measurements=None
    F1 → Acc=0.8381 | Prec=0.8422 | Rec=0.8381 | F1=0.8373 | AUROC=0.9424 | PRAUC=0.8923
    F2 → Acc=0.8365 | Prec=0.8201 | Rec=0.8365 | F1=0.8242 | AUROC=0.9652 | PRAUC=0.9210
    F3 → Acc=0.8654 | Prec=0.8639 | Rec=0.8654 | F1=0.8628 | AUROC=0.9829 | PRAUC=0.9538
    F4 → Acc=0.8846 | Prec=0.8900 | Rec=0.8846 | F1=0.8849 | AUROC=0.9529 | PRAUC=0.9220
    F5 → Acc=0.8558 | Prec=0.8604 | Rec=0.8558 | F1=0.8527 | AUROC=0.9688 | PRAUC=0.9373
  ✅  Acc:0.8561±0.0179 | Precision:0.8553±0.0233  |Recall:0.8561±0.0179 |F1:0.8524±0.0209 | AUROC:0.9624±0.0138 | PRAUC:0.9253±0.0204 | MCC:0.7907 | Composite:0.9146

  ▶ [10/32] iterations=100 | depth=10 | learning_rate=0.01 | l2_leaf_reg=1 | lambda_=5 | n_measurements=None
    F1 → Acc=0.4571 | Prec=0.4991 | Rec=0.4571 | F1=0.3465 | AUROC=0.6495 | PRAUC=0.4964
    F2 → Acc=0.4904 | Prec=0.6406 | Rec=0.4904 | F1=0.3700 | AUROC=0.6669 | PRAUC=0.5179
    F3 → Acc=0.4615 | Prec=0.3788 | Rec=0.4615 | F1=0.3498 | AUROC=0.6167 | PRAUC=0.4254
    F4 → Acc=0.4904 | Prec=0.6857 | Rec=0.4904 | F1=0.3716 | AUROC=0.6645 | PRAUC=0.4956
    F5 → Acc=0.4519 | Prec=0.3741 | Rec=0.4519 | F1=0.3363 | AUROC=0.6319 | PRAUC=0.4608
  ✅  Acc:0.4703±0.0167 | Precision:0.5157±0.1293  |Recall:0.4703±0.0167 |F1:0.3549±0.0138 | AUROC:0.6459±0.0192 | PRAUC:0.4792±0.0325 | MCC:0.1306 | Composite:0.5318

  ▶ [11/32] iterations=100 | depth=10 | learning_rate=0.01 | l2_leaf_reg=5 | lambda_=0.1 | n_measurements=None
    F1 → Acc=0.8190 | Prec=0.8244 | Rec=0.8190 | F1=0.8147 | AUROC=0.9369 | PRAUC=0.8822
    F2 → Acc=0.7981 | Prec=0.7841 | Rec=0.7981 | F1=0.7835 | AUROC=0.9563 | PRAUC=0.8995
    F3 → Acc=0.8750 | Prec=0.8731 | Rec=0.8750 | F1=0.8702 | AUROC=0.9792 | PRAUC=0.9480
    F4 → Acc=0.8750 | Prec=0.8813 | Rec=0.8750 | F1=0.8758 | AUROC=0.9559 | PRAUC=0.9281
    F5 → Acc=0.8558 | Prec=0.8318 | Rec=0.8558 | F1=0.8431 | AUROC=0.9704 | PRAUC=0.9341
  ✅  Acc:0.8446±0.0310 | Precision:0.8390±0.0353  |Recall:0.8446±0.0310 |F1:0.8375±0.0346 | AUROC:0.9597±0.0144 | PRAUC:0.9184±0.0240 | MCC:0.7735 | Composite:0.9076

  ▶ [12/32] iterations=100 | depth=10 | learning_rate=0.01 | l2_leaf_reg=5 | lambda_=5 | n_measurements=None
    F1 → Acc=0.4667 | Prec=0.5186 | Rec=0.4667 | F1=0.3418 | AUROC=0.6585 | PRAUC=0.4834
    F2 → Acc=0.4808 | Prec=0.5669 | Rec=0.4808 | F1=0.3530 | AUROC=0.6651 | PRAUC=0.4925
    F3 → Acc=0.4615 | Prec=0.4074 | Rec=0.4615 | F1=0.3690 | AUROC=0.5845 | PRAUC=0.3981
    F4 → Acc=0.4712 | Prec=0.5889 | Rec=0.4712 | F1=0.3502 | AUROC=0.6614 | PRAUC=0.4787
