📝 Log: results\logs\gs\quantum\all\qsvc_full.log
🕒 Started: 2026-05-22T15:02:57
🔬 Search space: 3 C × 2 lambda_ × 1 n_measurements =  6 configs × 5 folds = 30 fits
   Scoring criterion: (AUROC + PRAUC + Accuracy) / 3

  ▶ [1/6] C=0.1 | lambda_=0.1 | n_measurements=None
    F1 → Acc=0.5238 | Prec=0.3936 | Rec=0.5238 | F1=0.4039 | AUROC=0.8838 | PRAUC=0.7597
    F2 → Acc=0.5385 | Prec=0.5124 | Rec=0.5385 | F1=0.4414 | AUROC=0.8297 | PRAUC=0.6903
    F3 → Acc=0.5481 | Prec=0.6330 | Rec=0.5481 | F1=0.4411 | AUROC=0.9131 | PRAUC=0.8382
    F4 → Acc=0.5096 | Prec=0.3611 | Rec=0.5096 | F1=0.3839 | AUROC=0.8581 | PRAUC=0.7404
    F5 → Acc=0.5096 | Prec=0.4309 | Rec=0.5096 | F1=0.3878 | AUROC=0.9108 | PRAUC=0.8145
  ✅  Acc:0.5259±0.0154 | Precision:0.4662±0.0975  |Recall:0.5259±0.0154 |F1:0.4116±0.0251 | AUROC:0.8791±0.0318 | PRAUC:0.7686±0.0528 | MCC:0.2814 | Composite:0.7245

  ▶ [2/6] C=0.1 | lambda_=5 | n_measurements=None
    F1 → Acc=0.4381 | Prec=0.1919 | Rec=0.4381 | F1=0.2669 | AUROC=0.6858 | PRAUC=0.5449
    F2 → Acc=0.4519 | Prec=0.2042 | Rec=0.4519 | F1=0.2813 | AUROC=0.6786 | PRAUC=0.5149
    F3 → Acc=0.4519 | Prec=0.2042 | Rec=0.4519 | F1=0.2813 | AUROC=0.7304 | PRAUC=0.5466
    F4 → Acc=0.4519 | Prec=0.2042 | Rec=0.4519 | F1=0.2813 | AUROC=0.7336 | PRAUC=0.5305
    F5 → Acc=0.4423 | Prec=0.1956 | Rec=0.4423 | F1=0.2713 | AUROC=0.6402 | PRAUC=0.4672
  ✅  Acc:0.4472±0.0059 | Precision:0.2001±0.0053  |Recall:0.4472±0.0059 |F1:0.2764±0.0061 | AUROC:0.6937±0.0349 | PRAUC:0.5208±0.0292 | MCC:0.0000 | Composite:0.5539

  ▶ [3/6] C=1 | lambda_=0.1 | n_measurements=None
    F1 → Acc=0.7524 | Prec=0.7588 | Rec=0.7524 | F1=0.7389 | AUROC=0.9335 | PRAUC=0.8456
    F2 → Acc=0.7115 | Prec=0.7225 | Rec=0.7115 | F1=0.6920 | AUROC=0.9085 | PRAUC=0.8026
    F3 → Acc=0.7981 | Prec=0.8103 | Rec=0.7981 | F1=0.7956 | AUROC=0.9583 | PRAUC=0.9182
    F4 → Acc=0.7212 | Prec=0.7225 | Rec=0.7212 | F1=0.7058 | AUROC=0.9170 | PRAUC=0.8452
    F5 → Acc=0.7115 | Prec=0.6990 | Rec=0.7115 | F1=0.6947 | AUROC=0.9468 | PRAUC=0.8842
  ✅  Acc:0.7389±0.0332 | Precision:0.7426±0.0389  |Recall:0.7389±0.0332 |F1:0.7254±0.0389 | AUROC:0.9328±0.0184 | PRAUC:0.8591±0.0392 | MCC:0.6143 | Composite:0.8436

  ▶ [4/6] C=1 | lambda_=5 | n_measurements=None
    F1 → Acc=0.5143 | Prec=0.5219 | Rec=0.5143 | F1=0.4634 | AUROC=0.7064 | PRAUC=0.5580
    F2 → Acc=0.4808 | Prec=0.4529 | Rec=0.4808 | F1=0.4436 | AUROC=0.6923 | PRAUC=0.5284
    F3 → Acc=0.5481 | Prec=0.4951 | Rec=0.5481 | F1=0.4804 | AUROC=0.7284 | PRAUC=0.5382
    F4 → Acc=0.6154 | Prec=0.6467 | Rec=0.6154 | F1=0.5762 | AUROC=0.7640 | PRAUC=0.5521
    F5 → Acc=0.5096 | Prec=0.5100 | Rec=0.5096 | F1=0.4881 | AUROC=0.6564 | PRAUC=0.4898
  ✅  Acc:0.5336±0.0461 | Precision:0.5253±0.0650  |Recall:0.5336±0.0461 |F1:0.4903±0.0456 | AUROC:0.7095±0.0359 | PRAUC:0.5333±0.0241 | MCC:0.2782 | Composite:0.5921

  ▶ [5/6] C=10 | lambda_=0.1 | n_measurements=None
    F1 → Acc=0.8571 | Prec=0.8620 | Rec=0.8571 | F1=0.8564 | AUROC=0.9437 | PRAUC=0.8782
    F2 → Acc=0.8846 | Prec=0.8915 | Rec=0.8846 | F1=0.8832 | AUROC=0.9764 | PRAUC=0.9420
    F3 → Acc=0.9327 | Prec=0.9377 | Rec=0.9327 | F1=0.9324 | AUROC=0.9819 | PRAUC=0.9660
    F4 → Acc=0.7885 | Prec=0.8222 | Rec=0.7885 | F1=0.7974 | AUROC=0.9462 | PRAUC=0.8912
    F5 → Acc=0.8269 | Prec=0.8353 | Rec=0.8269 | F1=0.8270 | AUROC=0.9583 | PRAUC=0.9188
  ✅  Acc:0.8580±0.0492 | Precision:0.8697±0.0415  |Recall:0.8580±0.0492 |F1:0.8593±0.0464 | AUROC:0.9613±0.0155 | PRAUC:0.9193±0.0322 | MCC:0.7982 | Composite:0.9128

  ▶ [6/6] C=10 | lambda_=5 | n_measurements=None
    F1 → Acc=0.4762 | Prec=0.4568 | Rec=0.4762 | F1=0.4591 | AUROC=0.6966 | PRAUC=0.5385
    F2 → Acc=0.4519 | Prec=0.4632 | Rec=0.4519 | F1=0.4530 | AUROC=0.6857 | PRAUC=0.5184
    F3 → Acc=0.4904 | Prec=0.4858 | Rec=0.4904 | F1=0.4796 | AUROC=0.6960 | PRAUC=0.5314
    F4 → Acc=0.5769 | Prec=0.5968 | Rec=0.5769 | F1=0.5785 | AUROC=0.7849 | PRAUC=0.6112
    F5 → Acc=0.4808 | Prec=0.4909 | Rec=0.4808 | F1=0.4824 | AUROC=0.6851 | PRAUC=0.5102
  ✅  Acc:0.4952±0.0428 | Precision:0.4987±0.0507  |Recall:0.4952±0.0428 |F1:0.4906±0.0454 | AUROC:0.7097±0.0380 | PRAUC:0.5419±0.0360 | MCC:0.2707 | Composite:0.5823

🏆 Best config : C=10 | lambda_=0.1 | n_measurements=None
✅ Saved: ./results/qsvc_full.csv
✅ [QSVC (full)] recorded | Exec. time: 18.3s
