📝 Log: results\logs\gs\quantum\all\qxgb_dart_full.log
🕒 Started: 2026-05-22T15:18:20
🔬 Search space: 2 n_estimators × 2 learning_rate × 2 max_depth × 2 rate_drop × 2 lambda_ × 1 n_measurements =  32 configs × 5 folds = 160 fits
   Scoring criterion: (AUROC + PRAUC + Accuracy) / 3

  ▶ [1/32] n_estimators=100 | learning_rate=0.01 | max_depth=4 | rate_drop=0.1 | lambda_=0.1 | n_measurements=None
    F1 → Acc=0.4381 | Prec=0.1919 | Rec=0.4381 | F1=0.2669 | AUROC=0.9270 | PRAUC=0.8511
    F2 → Acc=0.4519 | Prec=0.2042 | Rec=0.4519 | F1=0.2813 | AUROC=0.9145 | PRAUC=0.8396
    F3 → Acc=0.4519 | Prec=0.2042 | Rec=0.4519 | F1=0.2813 | AUROC=0.9759 | PRAUC=0.9538
    F4 → Acc=0.4519 | Prec=0.2042 | Rec=0.4519 | F1=0.2813 | AUROC=0.9476 | PRAUC=0.8991
    F5 → Acc=0.4423 | Prec=0.1956 | Rec=0.4423 | F1=0.2713 | AUROC=0.9375 | PRAUC=0.8828
  ✅  Acc:0.4472±0.0059 | Precision:0.2001±0.0053  |Recall:0.4472±0.0059 |F1:0.2764±0.0061 | AUROC:0.9405±0.0208 | PRAUC:0.8853±0.0404 | MCC:0.0000 | Composite:0.7577

  ▶ [2/32] n_estimators=100 | learning_rate=0.01 | max_depth=4 | rate_drop=0.1 | lambda_=5 | n_measurements=None
    F1 → Acc=0.4381 | Prec=0.1919 | Rec=0.4381 | F1=0.2669 | AUROC=0.6627 | PRAUC=0.5176
    F2 → Acc=0.4519 | Prec=0.2042 | Rec=0.4519 | F1=0.2813 | AUROC=0.6688 | PRAUC=0.5432
    F3 → Acc=0.4519 | Prec=0.2042 | Rec=0.4519 | F1=0.2813 | AUROC=0.6288 | PRAUC=0.4412
    F4 → Acc=0.4519 | Prec=0.2042 | Rec=0.4519 | F1=0.2813 | AUROC=0.6899 | PRAUC=0.4932
    F5 → Acc=0.4423 | Prec=0.1956 | Rec=0.4423 | F1=0.2713 | AUROC=0.6325 | PRAUC=0.4731
  ✅  Acc:0.4472±0.0059 | Precision:0.2001±0.0053  |Recall:0.4472±0.0059 |F1:0.2764±0.0061 | AUROC:0.6565±0.0230 | PRAUC:0.4937±0.0352 | MCC:0.0000 | Composite:0.5325

  ▶ [3/32] n_estimators=100 | learning_rate=0.01 | max_depth=4 | rate_drop=0.5 | lambda_=0.1 | n_measurements=None
    F1 → Acc=0.4381 | Prec=0.1919 | Rec=0.4381 | F1=0.2669 | AUROC=0.9163 | PRAUC=0.8268
    F2 → Acc=0.4519 | Prec=0.2042 | Rec=0.4519 | F1=0.2813 | AUROC=0.8971 | PRAUC=0.8219
    F3 → Acc=0.4519 | Prec=0.2042 | Rec=0.4519 | F1=0.2813 | AUROC=0.9693 | PRAUC=0.9329
    F4 → Acc=0.4519 | Prec=0.2042 | Rec=0.4519 | F1=0.2813 | AUROC=0.9422 | PRAUC=0.8824
    F5 → Acc=0.4423 | Prec=0.1956 | Rec=0.4423 | F1=0.2713 | AUROC=0.9360 | PRAUC=0.8828
  ✅  Acc:0.4472±0.0059 | Precision:0.2001±0.0053  |Recall:0.4472±0.0059 |F1:0.2764±0.0061 | AUROC:0.9322±0.0244 | PRAUC:0.8694±0.0411 | MCC:0.0000 | Composite:0.7496

  ▶ [4/32] n_estimators=100 | learning_rate=0.01 | max_depth=4 | rate_drop=0.5 | lambda_=5 | n_measurements=None
    F1 → Acc=0.4381 | Prec=0.1919 | Rec=0.4381 | F1=0.2669 | AUROC=0.6820 | PRAUC=0.5254
    F2 → Acc=0.4519 | Prec=0.2042 | Rec=0.4519 | F1=0.2813 | AUROC=0.6539 | PRAUC=0.5124
    F3 → Acc=0.4519 | Prec=0.2042 | Rec=0.4519 | F1=0.2813 | AUROC=0.5995 | PRAUC=0.4132
    F4 → Acc=0.4519 | Prec=0.2042 | Rec=0.4519 | F1=0.2813 | AUROC=0.6661 | PRAUC=0.4784
    F5 → Acc=0.4423 | Prec=0.1956 | Rec=0.4423 | F1=0.2713 | AUROC=0.6255 | PRAUC=0.4599
  ✅  Acc:0.4472±0.0059 | Precision:0.2001±0.0053  |Recall:0.4472±0.0059 |F1:0.2764±0.0061 | AUROC:0.6454±0.0295 | PRAUC:0.4779±0.0399 | MCC:0.0000 | Composite:0.5235

  ▶ [5/32] n_estimators=100 | learning_rate=0.01 | max_depth=10 | rate_drop=0.1 | lambda_=0.1 | n_measurements=None
    F1 → Acc=0.4381 | Prec=0.1919 | Rec=0.4381 | F1=0.2669 | AUROC=0.9341 | PRAUC=0.8615
    F2 → Acc=0.4519 | Prec=0.2042 | Rec=0.4519 | F1=0.2813 | AUROC=0.9534 | PRAUC=0.8979
    F3 → Acc=0.4519 | Prec=0.2042 | Rec=0.4519 | F1=0.2813 | AUROC=0.9857 | PRAUC=0.9679
    F4 → Acc=0.4519 | Prec=0.2042 | Rec=0.4519 | F1=0.2813 | AUROC=0.9637 | PRAUC=0.9181
    F5 → Acc=0.4423 | Prec=0.1956 | Rec=0.4423 | F1=0.2713 | AUROC=0.9570 | PRAUC=0.9104
  ✅  Acc:0.4472±0.0059 | Precision:0.2001±0.0053  |Recall:0.4472±0.0059 |F1:0.2764±0.0061 | AUROC:0.9588±0.0167 | PRAUC:0.9112±0.0344 | MCC:0.0000 | Composite:0.7724

  ▶ [6/32] n_estimators=100 | learning_rate=0.01 | max_depth=10 | rate_drop=0.1 | lambda_=5 | n_measurements=None
    F1 → Acc=0.4381 | Prec=0.1919 | Rec=0.4381 | F1=0.2669 | AUROC=0.6684 | PRAUC=0.5163
    F2 → Acc=0.4519 | Prec=0.2042 | Rec=0.4519 | F1=0.2813 | AUROC=0.7056 | PRAUC=0.5900
    F3 → Acc=0.4519 | Prec=0.2042 | Rec=0.4519 | F1=0.2813 | AUROC=0.6391 | PRAUC=0.4618
    F4 → Acc=0.4519 | Prec=0.2042 | Rec=0.4519 | F1=0.2813 | AUROC=0.6894 | PRAUC=0.5012
    F5 → Acc=0.4423 | Prec=0.1956 | Rec=0.4423 | F1=0.2713 | AUROC=0.6285 | PRAUC=0.4682
  ✅  Acc:0.4472±0.0059 | Precision:0.2001±0.0053  |Recall:0.4472±0.0059 |F1:0.2764±0.0061 | AUROC:0.6662±0.0292 | PRAUC:0.5075±0.0460 | MCC:0.0000 | Composite:0.5403

  ▶ [7/32] n_estimators=100 | learning_rate=0.01 | max_depth=10 | rate_drop=0.5 | lambda_=0.1 | n_measurements=None
    F1 → Acc=0.4381 | Prec=0.1919 | Rec=0.4381 | F1=0.2669 | AUROC=0.9289 | PRAUC=0.8481
    F2 → Acc=0.4519 | Prec=0.2042 | Rec=0.4519 | F1=0.2813 | AUROC=0.9377 | PRAUC=0.8794
    F3 → Acc=0.4519 | Prec=0.2042 | Rec=0.4519 | F1=0.2813 | AUROC=0.9736 | PRAUC=0.9386
    F4 → Acc=0.4519 | Prec=0.2042 | Rec=0.4519 | F1=0.2813 | AUROC=0.9593 | PRAUC=0.9063
    F5 → Acc=0.4423 | Prec=0.1956 | Rec=0.4423 | F1=0.2713 | AUROC=0.9555 | PRAUC=0.9117
  ✅  Acc:0.4472±0.0059 | Precision:0.2001±0.0053  |Recall:0.4472±0.0059 |F1:0.2764±0.0061 | AUROC:0.9510±0.0159 | PRAUC:0.8968±0.0308 | MCC:0.0000 | Composite:0.7650

  ▶ [8/32] n_estimators=100 | learning_rate=0.01 | max_depth=10 | rate_drop=0.5 | lambda_=5 | n_measurements=None
    F1 → Acc=0.4381 | Prec=0.1919 | Rec=0.4381 | F1=0.2669 | AUROC=0.6659 | PRAUC=0.4996
    F2 → Acc=0.4519 | Prec=0.2042 | Rec=0.4519 | F1=0.2813 | AUROC=0.6763 | PRAUC=0.5127
    F3 → Acc=0.4519 | Prec=0.2042 | Rec=0.4519 | F1=0.2813 | AUROC=0.6130 | PRAUC=0.4339
    F4 → Acc=0.4519 | Prec=0.2042 | Rec=0.4519 | F1=0.2813 | AUROC=0.6490 | PRAUC=0.4702
    F5 → Acc=0.4423 | Prec=0.1956 | Rec=0.4423 | F1=0.2713 | AUROC=0.5922 | PRAUC=0.4321
  ✅  Acc:0.4472±0.0059 | Precision:0.2001±0.0053  |Recall:0.4472±0.0059 |F1:0.2764±0.0061 | AUROC:0.6393±0.0319 | PRAUC:0.4697±0.0330 | MCC:0.0000 | Composite:0.5187

  ▶ [9/32] n_estimators=100 | learning_rate=0.1 | max_depth=4 | rate_drop=0.1 | lambda_=0.1 | n_measurements=None
    F1 → Acc=0.6857 | Prec=0.7053 | Rec=0.6857 | F1=0.6640 | AUROC=0.9203 | PRAUC=0.8444
    F2 → Acc=0.7596 | Prec=0.7725 | Rec=0.7596 | F1=0.7413 | AUROC=0.9479 | PRAUC=0.8850
    F3 → Acc=0.8750 | Prec=0.8735 | Rec=0.8750 | F1=0.8639 | AUROC=0.9813 | PRAUC=0.9544
    F4 → Acc=0.8173 | Prec=0.8153 | Rec=0.8173 | F1=0.8070 | AUROC=0.9572 | PRAUC=0.9147
    F5 → Acc=0.7692 | Prec=0.7951 | Rec=0.7692 | F1=0.7534 | AUROC=0.9600 | PRAUC=0.9297
  ✅  Acc:0.7814±0.0630 | Precision:0.7923±0.0549  |Recall:0.7814±0.0630 |F1:0.7659±0.0670 | AUROC:0.9534±0.0198 | PRAUC:0.9057±0.0380 | MCC:0.6819 | Composite:0.8801

  ▶ [10/32] n_estimators=100 | learning_rate=0.1 | max_depth=4 | rate_drop=0.1 | lambda_=5 | n_measurements=None
    F1 → Acc=0.4952 | Prec=0.6937 | Rec=0.4952 | F1=0.3786 | AUROC=0.6764 | PRAUC=0.5360
    F2 → Acc=0.4904 | Prec=0.5201 | Rec=0.4904 | F1=0.3573 | AUROC=0.6457 | PRAUC=0.4947
    F3 → Acc=0.4519 | Prec=0.4250 | Rec=0.4519 | F1=0.2975 | AUROC=0.6332 | PRAUC=0.4523
    F4 → Acc=0.4615 | Prec=0.3681 | Rec=0.4615 | F1=0.3172 | AUROC=0.6895 | PRAUC=0.4925
    F5 → Acc=0.4615 | Prec=0.4959 | Rec=0.4615 | F1=0.3269 | AUROC=0.6486 | PRAUC=0.4905
  ✅  Acc:0.4721±0.0173 | Precision:0.5006±0.1104  |Recall:0.4721±0.0173 |F1:0.3355±0.0290 | AUROC:0.6587±0.0209 | PRAUC:0.4932±0.0265 | MCC:0.1490 | Composite:0.5413

  ▶ [11/32] n_estimators=100 | learning_rate=0.1 | max_depth=4 | rate_drop=0.5 | lambda_=0.1 | n_measurements=None
    F1 → Acc=0.5238 | Prec=0.6354 | Rec=0.5238 | F1=0.4137 | AUROC=0.9168 | PRAUC=0.8360
    F2 → Acc=0.5288 | Prec=0.6636 | Rec=0.5288 | F1=0.4240 | AUROC=0.9078 | PRAUC=0.8301
    F3 → Acc=0.5000 | Prec=0.6569 | Rec=0.5000 | F1=0.3749 | AUROC=0.9726 | PRAUC=0.9437
    F4 → Acc=0.5000 | Prec=0.6569 | Rec=0.5000 | F1=0.3749 | AUROC=0.9468 | PRAUC=0.8886
    F5 → Acc=0.4615 | Prec=0.4206 | Rec=0.4615 | F1=0.3103 | AUROC=0.9447 | PRAUC=0.8917
  ✅  Acc:0.5028±0.0238 | Precision:0.6067±0.0935  |Recall:0.5028±0.0238 |F1:0.3796±0.0399 | AUROC:0.9378±0.0232 | PRAUC:0.8780±0.0417 | MCC:0.2493 | Composite:0.7729

  ▶ [12/32] n_estimators=100 | learning_rate=0.1 | max_depth=4 | rate_drop=0.5 | lambda_=5 | n_measurements=None
    F1 → Acc=0.4381 | Prec=0.1919 | Rec=0.4381 | F1=0.2669 | AUROC=0.6863 | PRAUC=0.5255
    F2 → Acc=0.4519 | Prec=0.2042 | Rec=0.4519 | F1=0.2813 | AUROC=0.6523 | PRAUC=0.5160
    F3 → Acc=0.4519 | Prec=0.2042 | Rec=0.4519 | F1=0.2813 | AUROC=0.5933 | PRAUC=0.4053
    F4 → Acc=0.4519 | Prec=0.2042 | Rec=0.4519 | F1=0.2813 | AUROC=0.6623 | PRAUC=0.4742
    F5 → Acc=0.4423 | Prec=0.1956 | Rec=0.4423 | F1=0.2713 | AUROC=0.6329 | PRAUC=0.4541
  ✅  Acc:0.4472±0.0059 | Precision:0.2001±0.0053  |Recall:0.4472±0.0059 |F1:0.2764±0.0061 | AUROC:0.6454±0.0312 | PRAUC:0.4750±0.0437 | MCC:0.0000 | Composite:0.5226

  ▶ [13/32] n_estimators=100 | learning_rate=0.1 | max_depth=10 | rate_drop=0.1 | lambda_=0.1 | n_measurements=None
    F1 → Acc=0.7238 | Prec=0.7398 | Rec=0.7238 | F1=0.7036 | AUROC=0.9277 | PRAUC=0.8613
    F2 → Acc=0.7788 | Prec=0.7868 | Rec=0.7788 | F1=0.7649 | AUROC=0.9602 | PRAUC=0.9041
    F3 → Acc=0.8558 | Prec=0.8540 | Rec=0.8558 | F1=0.8449 | AUROC=0.9878 | PRAUC=0.9710
    F4 → Acc=0.7981 | Prec=0.8021 | Rec=0.7981 | F1=0.7871 | AUROC=0.9627 | PRAUC=0.9224
    F5 → Acc=0.7692 | Prec=0.7850 | Rec=0.7692 | F1=0.7525 | AUROC=0.9699 | PRAUC=0.9402
  ✅  Acc:0.7851±0.0429 | Precision:0.7935±0.0367  |Recall:0.7851±0.0429 |F1:0.7706±0.0462 | AUROC:0.9617±0.0195 | PRAUC:0.9198±0.0366 | MCC:0.6868 | Composite:0.8889

  ▶ [14/32] n_estimators=100 | learning_rate=0.1 | max_depth=10 | rate_drop=0.1 | lambda_=5 | n_measurements=None
    F1 → Acc=0.5048 | Prec=0.5947 | Rec=0.5048 | F1=0.3957 | AUROC=0.6805 | PRAUC=0.5270
    F2 → Acc=0.5000 | Prec=0.4691 | Rec=0.5000 | F1=0.3736 | AUROC=0.6487 | PRAUC=0.5134
    F3 → Acc=0.4712 | Prec=0.4092 | Rec=0.4712 | F1=0.3368 | AUROC=0.6395 | PRAUC=0.4583
    F4 → Acc=0.4712 | Prec=0.5417 | Rec=0.4712 | F1=0.3360 | AUROC=0.6746 | PRAUC=0.4970
    F5 → Acc=0.4615 | Prec=0.4591 | Rec=0.4615 | F1=0.3263 | AUROC=0.6343 | PRAUC=0.4719
  ✅  Acc:0.4817±0.0173 | Precision:0.4948±0.0655  |Recall:0.4817±0.0173 |F1:0.3537±0.0265 | AUROC:0.6555±0.0186 | PRAUC:0.4935±0.0255 | MCC:0.1754 | Composite:0.5436

  ▶ [15/32] n_estimators=100 | learning_rate=0.1 | max_depth=10 | rate_drop=0.5 | lambda_=0.1 | n_measurements=None
    F1 → Acc=0.5238 | Prec=0.6354 | Rec=0.5238 | F1=0.4137 | AUROC=0.9293 | PRAUC=0.8578
    F2 → Acc=0.5288 | Prec=0.6636 | Rec=0.5288 | F1=0.4240 | AUROC=0.9395 | PRAUC=0.8810
    F3 → Acc=0.5192 | Prec=0.6613 | Rec=0.5192 | F1=0.4094 | AUROC=0.9741 | PRAUC=0.9447
    F4 → Acc=0.5096 | Prec=0.6590 | Rec=0.5096 | F1=0.3904 | AUROC=0.9580 | PRAUC=0.9055
    F5 → Acc=0.4808 | Prec=0.4246 | Rec=0.4808 | F1=0.3442 | AUROC=0.9629 | PRAUC=0.9196
  ✅  Acc:0.5125±0.0171 | Precision:0.6088±0.0926  |Recall:0.5125±0.0171 |F1:0.3963±0.0282 | AUROC:0.9528±0.0162 | PRAUC:0.9017±0.0301 | MCC:0.2715 | Composite:0.7890

  ▶ [16/32] n_estimators=100 | learning_rate=0.1 | max_depth=10 | rate_drop=0.5 | lambda_=5 | n_measurements=None
    F1 → Acc=0.4381 | Prec=0.1919 | Rec=0.4381 | F1=0.2669 | AUROC=0.6671 | PRAUC=0.5031
    F2 → Acc=0.4519 | Prec=0.2042 | Rec=0.4519 | F1=0.2813 | AUROC=0.6607 | PRAUC=0.5001
    F3 → Acc=0.4519 | Prec=0.2042 | Rec=0.4519 | F1=0.2813 | AUROC=0.6005 | PRAUC=0.4240
    F4 → Acc=0.4519 | Prec=0.2042 | Rec=0.4519 | F1=0.2813 | AUROC=0.6313 | PRAUC=0.4660
    F5 → Acc=0.4423 | Prec=0.1956 | Rec=0.4423 | F1=0.2713 | AUROC=0.5945 | PRAUC=0.4340
  ✅  Acc:0.4472±0.0059 | Precision:0.2001±0.0053  |Recall:0.4472±0.0059 |F1:0.2764±0.0061 | AUROC:0.6308±0.0298 | PRAUC:0.4654±0.0326 | MCC:0.0000 | Composite:0.5145

  ▶ [17/32] n_estimators=500 | learning_rate=0.01 | max_depth=4 | rate_drop=0.1 | lambda_=0.1 | n_measurements=None
    F1 → Acc=0.4381 | Prec=0.1919 | Rec=0.4381 | F1=0.2669 | AUROC=0.9305 | PRAUC=0.8497
    F2 → Acc=0.4519 | Prec=0.2042 | Rec=0.4519 | F1=0.2813 | AUROC=0.9168 | PRAUC=0.8398
    F3 → Acc=0.4519 | Prec=0.2042 | Rec=0.4519 | F1=0.2813 | AUROC=0.9785 | PRAUC=0.9567
    F4 → Acc=0.4519 | Prec=0.2042 | Rec=0.4519 | F1=0.2813 | AUROC=0.9501 | PRAUC=0.9029
    F5 → Acc=0.4423 | Prec=0.1956 | Rec=0.4423 | F1=0.2713 | AUROC=0.9389 | PRAUC=0.8859
  ✅  Acc:0.4472±0.0059 | Precision:0.2001±0.0053  |Recall:0.4472±0.0059 |F1:0.2764±0.0061 | AUROC:0.9430±0.0208 | PRAUC:0.8870±0.0418 | MCC:0.0000 | Composite:0.7591

  ▶ [18/32] n_estimators=500 | learning_rate=0.01 | max_depth=4 | rate_drop=0.1 | lambda_=5 | n_measurements=None
    F1 → Acc=0.4381 | Prec=0.1919 | Rec=0.4381 | F1=0.2669 | AUROC=0.6610 | PRAUC=0.5233
    F2 → Acc=0.4519 | Prec=0.2042 | Rec=0.4519 | F1=0.2813 | AUROC=0.6724 | PRAUC=0.5486
    F3 → Acc=0.4519 | Prec=0.2042 | Rec=0.4519 | F1=0.2813 | AUROC=0.6305 | PRAUC=0.4448
    F4 → Acc=0.4519 | Prec=0.2042 | Rec=0.4519 | F1=0.2813 | AUROC=0.6932 | PRAUC=0.4985
    F5 → Acc=0.4423 | Prec=0.1956 | Rec=0.4423 | F1=0.2713 | AUROC=0.6382 | PRAUC=0.4891
  ✅  Acc:0.4472±0.0059 | Precision:0.2001±0.0053  |Recall:0.4472±0.0059 |F1:0.2764±0.0061 | AUROC:0.6591±0.0228 | PRAUC:0.5009±0.0349 | MCC:0.0000 | Composite:0.5357

  ▶ [19/32] n_estimators=500 | learning_rate=0.01 | max_depth=4 | rate_drop=0.5 | lambda_=0.1 | n_measurements=None
    F1 → Acc=0.4381 | Prec=0.1919 | Rec=0.4381 | F1=0.2669 | AUROC=0.9230 | PRAUC=0.8377
    F2 → Acc=0.4519 | Prec=0.2042 | Rec=0.4519 | F1=0.2813 | AUROC=0.9021 | PRAUC=0.8286
    F3 → Acc=0.4519 | Prec=0.2042 | Rec=0.4519 | F1=0.2813 | AUROC=0.9729 | PRAUC=0.9403
    F4 → Acc=0.4519 | Prec=0.2042 | Rec=0.4519 | F1=0.2813 | AUROC=0.9457 | PRAUC=0.8881
    F5 → Acc=0.4423 | Prec=0.1956 | Rec=0.4423 | F1=0.2713 | AUROC=0.9377 | PRAUC=0.8809
  ✅  Acc:0.4472±0.0059 | Precision:0.2001±0.0053  |Recall:0.4472±0.0059 |F1:0.2764±0.0061 | AUROC:0.9363±0.0236 | PRAUC:0.8751±0.0400 | MCC:0.0000 | Composite:0.7529

  ▶ [20/32] n_estimators=500 | learning_rate=0.01 | max_depth=4 | rate_drop=0.5 | lambda_=5 | n_measurements=None
    F1 → Acc=0.4381 | Prec=0.1919 | Rec=0.4381 | F1=0.2669 | AUROC=0.6807 | PRAUC=0.5266
    F2 → Acc=0.4519 | Prec=0.2042 | Rec=0.4519 | F1=0.2813 | AUROC=0.6560 | PRAUC=0.5261
    F3 → Acc=0.4519 | Prec=0.2042 | Rec=0.4519 | F1=0.2813 | AUROC=0.6079 | PRAUC=0.4210
    F4 → Acc=0.4519 | Prec=0.2042 | Rec=0.4519 | F1=0.2813 | AUROC=0.6725 | PRAUC=0.4847
    F5 → Acc=0.4423 | Prec=0.1956 | Rec=0.4423 | F1=0.2713 | AUROC=0.6320 | PRAUC=0.4707
  ✅  Acc:0.4472±0.0059 | Precision:0.2001±0.0053  |Recall:0.4472±0.0059 |F1:0.2764±0.0061 | AUROC:0.6498±0.0268 | PRAUC:0.4858±0.0393 | MCC:0.0000 | Composite:0.5276

  ▶ [21/32] n_estimators=500 | learning_rate=0.01 | max_depth=10 | rate_drop=0.1 | lambda_=0.1 | n_measurements=None
    F1 → Acc=0.4381 | Prec=0.1919 | Rec=0.4381 | F1=0.2669 | AUROC=0.9373 | PRAUC=0.8661
    F2 → Acc=0.4519 | Prec=0.2042 | Rec=0.4519 | F1=0.2813 | AUROC=0.9556 | PRAUC=0.9019
    F3 → Acc=0.4519 | Prec=0.2042 | Rec=0.4519 | F1=0.2813 | AUROC=0.9872 | PRAUC=0.9693
    F4 → Acc=0.4519 | Prec=0.2042 | Rec=0.4519 | F1=0.2813 | AUROC=0.9643 | PRAUC=0.9190
    F5 → Acc=0.4423 | Prec=0.1956 | Rec=0.4423 | F1=0.2713 | AUROC=0.9607 | PRAUC=0.9175
  ✅  Acc:0.4472±0.0059 | Precision:0.2001±0.0053  |Recall:0.4472±0.0059 |F1:0.2764±0.0061 | AUROC:0.9610±0.0160 | PRAUC:0.9148±0.0333 | MCC:0.0000 | Composite:0.7743

  ▶ [22/32] n_estimators=500 | learning_rate=0.01 | max_depth=10 | rate_drop=0.1 | lambda_=5 | n_measurements=None
    F1 → Acc=0.4381 | Prec=0.1919 | Rec=0.4381 | F1=0.2669 | AUROC=0.6669 | PRAUC=0.5180
    F2 → Acc=0.4519 | Prec=0.2042 | Rec=0.4519 | F1=0.2813 | AUROC=0.7055 | PRAUC=0.5912
    F3 → Acc=0.4519 | Prec=0.2042 | Rec=0.4519 | F1=0.2813 | AUROC=0.6452 | PRAUC=0.4669
    F4 → Acc=0.4519 | Prec=0.2042 | Rec=0.4519 | F1=0.2813 | AUROC=0.6956 | PRAUC=0.5104
    F5 → Acc=0.4423 | Prec=0.1956 | Rec=0.4423 | F1=0.2713 | AUROC=0.6334 | PRAUC=0.4788
  ✅  Acc:0.4472±0.0059 | Precision:0.2001±0.0053  |Recall:0.4472±0.0059 |F1:0.2764±0.0061 | AUROC:0.6693±0.0279 | PRAUC:0.5131±0.0435 | MCC:0.0000 | Composite:0.5432

  ▶ [23/32] n_estimators=500 | learning_rate=0.01 | max_depth=10 | rate_drop=0.5 | lambda_=0.1 | n_measurements=None
    F1 → Acc=0.4381 | Prec=0.1919 | Rec=0.4381 | F1=0.2669 | AUROC=0.9317 | PRAUC=0.8531
    F2 → Acc=0.4519 | Prec=0.2042 | Rec=0.4519 | F1=0.2813 | AUROC=0.9431 | PRAUC=0.8876
    F3 → Acc=0.4519 | Prec=0.2042 | Rec=0.4519 | F1=0.2813 | AUROC=0.9789 | PRAUC=0.9471
    F4 → Acc=0.4519 | Prec=0.2042 | Rec=0.4519 | F1=0.2813 | AUROC=0.9612 | PRAUC=0.9088
    F5 → Acc=0.4423 | Prec=0.1956 | Rec=0.4423 | F1=0.2713 | AUROC=0.9581 | PRAUC=0.9150
  ✅  Acc:0.4472±0.0059 | Precision:0.2001±0.0053  |Recall:0.4472±0.0059 |F1:0.2764±0.0061 | AUROC:0.9546±0.0161 | PRAUC:0.9023±0.0311 | MCC:0.0000 | Composite:0.7681

  ▶ [24/32] n_estimators=500 | learning_rate=0.01 | max_depth=10 | rate_drop=0.5 | lambda_=5 | n_measurements=None
    F1 → Acc=0.4381 | Prec=0.1919 | Rec=0.4381 | F1=0.2669 | AUROC=0.6698 | PRAUC=0.5043
    F2 → Acc=0.4519 | Prec=0.2042 | Rec=0.4519 | F1=0.2813 | AUROC=0.6792 | PRAUC=0.5268
    F3 → Acc=0.4519 | Prec=0.2042 | Rec=0.4519 | F1=0.2813 | AUROC=0.6224 | PRAUC=0.4495
    F4 → Acc=0.4519 | Prec=0.2042 | Rec=0.4519 | F1=0.2813 | AUROC=0.6632 | PRAUC=0.4818
    F5 → Acc=0.4423 | Prec=0.1956 | Rec=0.4423 | F1=0.2713 | AUROC=0.5984 | PRAUC=0.4491
  ✅  Acc:0.4472±0.0059 | Precision:0.2001±0.0053  |Recall:0.4472±0.0059 |F1:0.2764±0.0061 | AUROC:0.6466±0.0309 | PRAUC:0.4823±0.0305 | MCC:0.0000 | Composite:0.5254

  ▶ [25/32] n_estimators=500 | learning_rate=0.1 | max_depth=4 | rate_drop=0.1 | lambda_=0.1 | n_measurements=None
    F1 → Acc=0.6762 | Prec=0.6908 | Rec=0.6762 | F1=0.6581 | AUROC=0.9242 | PRAUC=0.8524
    F2 → Acc=0.7692 | Prec=0.7746 | Rec=0.7692 | F1=0.7536 | AUROC=0.9535 | PRAUC=0.8928
    F3 → Acc=0.8846 | Prec=0.8916 | Rec=0.8846 | F1=0.8825 | AUROC=0.9853 | PRAUC=0.9592
    F4 → Acc=0.8173 | Prec=0.8074 | Rec=0.8173 | F1=0.8073 | AUROC=0.9589 | PRAUC=0.9204
    F5 → Acc=0.7788 | Prec=0.7998 | Rec=0.7788 | F1=0.7634 | AUROC=0.9630 | PRAUC=0.9350
  ✅  Acc:0.7852±0.0680 | Precision:0.7928±0.0644  |Recall:0.7852±0.0680 |F1:0.7730±0.0733 | AUROC:0.9570±0.0196 | PRAUC:0.9120±0.0368 | MCC:0.6849 | Composite:0.8847

  ▶ [26/32] n_estimators=500 | learning_rate=0.1 | max_depth=4 | rate_drop=0.1 | lambda_=5 | n_measurements=None
    F1 → Acc=0.4952 | Prec=0.6752 | Rec=0.4952 | F1=0.3881 | AUROC=0.6707 | PRAUC=0.5299
    F2 → Acc=0.4904 | Prec=0.4670 | Rec=0.4904 | F1=0.3574 | AUROC=0.6552 | PRAUC=0.5195
    F3 → Acc=0.4519 | Prec=0.3734 | Rec=0.4519 | F1=0.3146 | AUROC=0.6472 | PRAUC=0.4650
    F4 → Acc=0.4712 | Prec=0.5173 | Rec=0.4712 | F1=0.3502 | AUROC=0.6951 | PRAUC=0.4963
    F5 → Acc=0.4808 | Prec=0.4724 | Rec=0.4808 | F1=0.3728 | AUROC=0.6543 | PRAUC=0.5005
  ✅  Acc:0.4779±0.0154 | Precision:0.5011±0.0989  |Recall:0.4779±0.0154 |F1:0.3566±0.0248 | AUROC:0.6645±0.0171 | PRAUC:0.5023±0.0223 | MCC:0.1564 | Composite:0.5482

  ▶ [27/32] n_estimators=500 | learning_rate=0.1 | max_depth=4 | rate_drop=0.5 | lambda_=0.1 | n_measurements=None
    F1 → Acc=0.5524 | Prec=0.6448 | Rec=0.5524 | F1=0.4623 | AUROC=0.9238 | PRAUC=0.8474
    F2 → Acc=0.5385 | Prec=0.6659 | Rec=0.5385 | F1=0.4378 | AUROC=0.9153 | PRAUC=0.8411
    F3 → Acc=0.5481 | Prec=0.6683 | Rec=0.5481 | F1=0.4592 | AUROC=0.9752 | PRAUC=0.9506
    F4 → Acc=0.5192 | Prec=0.6613 | Rec=0.5192 | F1=0.4094 | AUROC=0.9484 | PRAUC=0.8918
    F5 → Acc=0.5288 | Prec=0.6565 | Rec=0.5288 | F1=0.4272 | AUROC=0.9463 | PRAUC=0.8982
  ✅  Acc:0.5374±0.0122 | Precision:0.6593±0.0083  |Recall:0.5374±0.0122 |F1:0.4392±0.0199 | AUROC:0.9418±0.0210 | PRAUC:0.8858±0.0397 | MCC:0.3226 | Composite:0.7883

  ▶ [28/32] n_estimators=500 | learning_rate=0.1 | max_depth=4 | rate_drop=0.5 | lambda_=5 | n_measurements=None
    F1 → Acc=0.4381 | Prec=0.1919 | Rec=0.4381 | F1=0.2669 | AUROC=0.6863 | PRAUC=0.5333
    F2 → Acc=0.4519 | Prec=0.2042 | Rec=0.4519 | F1=0.2813 | AUROC=0.6560 | PRAUC=0.5217
    F3 → Acc=0.4519 | Prec=0.2042 | Rec=0.4519 | F1=0.2813 | AUROC=0.6043 | PRAUC=0.4177
    F4 → Acc=0.4519 | Prec=0.2042 | Rec=0.4519 | F1=0.2813 | AUROC=0.6712 | PRAUC=0.4803
    F5 → Acc=0.4519 | Prec=0.4187 | Rec=0.4519 | F1=0.2915 | AUROC=0.6405 | PRAUC=0.4656
  ✅  Acc:0.4492±0.0055 | Precision:0.2447±0.0871  |Recall:0.4492±0.0055 |F1:0.2805±0.0079 | AUROC:0.6517±0.0281 | PRAUC:0.4837±0.0415 | MCC:0.0456 | Composite:0.5282

  ▶ [29/32] n_estimators=500 | learning_rate=0.1 | max_depth=10 | rate_drop=0.1 | lambda_=0.1 | n_measurements=None
    F1 → Acc=0.7048 | Prec=0.7176 | Rec=0.7048 | F1=0.6871 | AUROC=0.9298 | PRAUC=0.8632
    F2 → Acc=0.7981 | Prec=0.8005 | Rec=0.7981 | F1=0.7857 | AUROC=0.9641 | PRAUC=0.9090
    F3 → Acc=0.8942 | Prec=0.8995 | Rec=0.8942 | F1=0.8917 | AUROC=0.9901 | PRAUC=0.9752
    F4 → Acc=0.8365 | Prec=0.8249 | Rec=0.8365 | F1=0.8276 | AUROC=0.9642 | PRAUC=0.9262
    F5 → Acc=0.7692 | Prec=0.7850 | Rec=0.7692 | F1=0.7525 | AUROC=0.9725 | PRAUC=0.9490
  ✅  Acc:0.8006±0.0636 | Precision:0.8055±0.0590  |Recall:0.8006±0.0636 |F1:0.7889±0.0689 | AUROC:0.9641±0.0196 | PRAUC:0.9245±0.0379 | MCC:0.7078 | Composite:0.8964

  ▶ [30/32] n_estimators=500 | learning_rate=0.1 | max_depth=10 | rate_drop=0.1 | lambda_=5 | n_measurements=None
    F1 → Acc=0.5143 | Prec=0.6042 | Rec=0.5143 | F1=0.4107 | AUROC=0.6770 | PRAUC=0.5252
    F2 → Acc=0.5000 | Prec=0.4691 | Rec=0.5000 | F1=0.3736 | AUROC=0.6612 | PRAUC=0.5308
    F3 → Acc=0.4808 | Prec=0.4464 | Rec=0.4808 | F1=0.3583 | AUROC=0.6490 | PRAUC=0.4657
    F4 → Acc=0.5000 | Prec=0.6569 | Rec=0.5000 | F1=0.3908 | AUROC=0.6881 | PRAUC=0.5146
    F5 → Acc=0.4615 | Prec=0.4736 | Rec=0.4615 | F1=0.3412 | AUROC=0.6447 | PRAUC=0.4845
  ✅  Acc:0.4913±0.0183 | Precision:0.5300±0.0843  |Recall:0.4913±0.0183 |F1:0.3749±0.0243 | AUROC:0.6640±0.0164 | PRAUC:0.5042±0.0250 | MCC:0.1992 | Composite:0.5532

  ▶ [31/32] n_estimators=500 | learning_rate=0.1 | max_depth=10 | rate_drop=0.5 | lambda_=0.1 | n_measurements=None
    F1 → Acc=0.5524 | Prec=0.6292 | Rec=0.5524 | F1=0.4610 | AUROC=0.9327 | PRAUC=0.8653
    F2 → Acc=0.5673 | Prec=0.6481 | Rec=0.5673 | F1=0.4867 | AUROC=0.9443 | PRAUC=0.8883
    F3 → Acc=0.6058 | Prec=0.6588 | Rec=0.6058 | F1=0.5413 | AUROC=0.9788 | PRAUC=0.9525
    F4 → Acc=0.5769 | Prec=0.6415 | Rec=0.5769 | F1=0.5005 | AUROC=0.9612 | PRAUC=0.9131
    F5 → Acc=0.6154 | Prec=0.6789 | Rec=0.6154 | F1=0.5470 | AUROC=0.9633 | PRAUC=0.9221
  ✅  Acc:0.5836±0.0236 | Precision:0.6513±0.0168  |Recall:0.5836±0.0236 |F1:0.5073±0.0327 | AUROC:0.9561±0.0160 | PRAUC:0.9082±0.0297 | MCC:0.3992 | Composite:0.8160

  ▶ [32/32] n_estimators=500 | learning_rate=0.1 | max_depth=10 | rate_drop=0.5 | lambda_=5 | n_measurements=None
    F1 → Acc=0.4381 | Prec=0.1919 | Rec=0.4381 | F1=0.2669 | AUROC=0.6731 | PRAUC=0.5107
    F2 → Acc=0.4519 | Prec=0.2042 | Rec=0.4519 | F1=0.2813 | AUROC=0.6688 | PRAUC=0.5105
    F3 → Acc=0.4519 | Prec=0.2042 | Rec=0.4519 | F1=0.2813 | AUROC=0.6149 | PRAUC=0.4396
    F4 → Acc=0.4519 | Prec=0.2042 | Rec=0.4519 | F1=0.2813 | AUROC=0.6448 | PRAUC=0.4781
    F5 → Acc=0.4519 | Prec=0.4187 | Rec=0.4519 | F1=0.2915 | AUROC=0.6029 | PRAUC=0.4427
  ✅  Acc:0.4492±0.0055 | Precision:0.2447±0.0871  |Recall:0.4492±0.0055 |F1:0.2805±0.0079 | AUROC:0.6409±0.0281 | PRAUC:0.4763±0.0311 | MCC:0.0456 | Composite:0.5221

🏆 Best config : n_estimators=500 | learning_rate=0.1 | max_depth=10 | rate_drop=0.1 | lambda_=0.1 | n_measurements=None
✅ Saved: ./results/qxgb_dart_full.csv
✅ [QXGB Dart (full)] recorded | Exec. time: 367.3s
