📝 Log: results\logs\gs\quantum\all\qxgb_gbtree_full.log
🕒 Started: 2026-05-22T15:04:49
🔬 Search space: 2 n_estimators × 2 learning_rate × 2 max_depth × 2 lambda_ × 1 n_measurements =  16 configs × 5 folds = 80 fits
   Scoring criterion: (AUROC + PRAUC + Accuracy) / 3

  ▶ [1/16] n_estimators=100 | learning_rate=0.01 | max_depth=4 | lambda_=0.1 | n_measurements=None
    F1 → Acc=0.6952 | Prec=0.7273 | Rec=0.6952 | F1=0.6735 | AUROC=0.9388 | PRAUC=0.8734
    F2 → Acc=0.7596 | Prec=0.7793 | Rec=0.7596 | F1=0.7424 | AUROC=0.9497 | PRAUC=0.8861
    F3 → Acc=0.8558 | Prec=0.8566 | Rec=0.8558 | F1=0.8429 | AUROC=0.9847 | PRAUC=0.9641
    F4 → Acc=0.8173 | Prec=0.8112 | Rec=0.8173 | F1=0.8064 | AUROC=0.9558 | PRAUC=0.9150
    F5 → Acc=0.7692 | Prec=0.8085 | Rec=0.7692 | F1=0.7540 | AUROC=0.9582 | PRAUC=0.9268
  ✅  Acc:0.7794±0.0545 | Precision:0.7966±0.0426  |Recall:0.7794±0.0545 |F1:0.7638±0.0579 | AUROC:0.9574±0.0152 | PRAUC:0.9131±0.0319 | MCC:0.6810 | Composite:0.8833

  ▶ [2/16] n_estimators=100 | learning_rate=0.01 | max_depth=4 | lambda_=5 | n_measurements=None
    F1 → Acc=0.4857 | Prec=0.6917 | Rec=0.4857 | F1=0.3622 | AUROC=0.6444 | PRAUC=0.4984
    F2 → Acc=0.4712 | Prec=0.5159 | Rec=0.4712 | F1=0.3208 | AUROC=0.6687 | PRAUC=0.5471
    F3 → Acc=0.4615 | Prec=0.3188 | Rec=0.4615 | F1=0.3028 | AUROC=0.6794 | PRAUC=0.5077
    F4 → Acc=0.4615 | Prec=0.5376 | Rec=0.4615 | F1=0.3170 | AUROC=0.6929 | PRAUC=0.5075
    F5 → Acc=0.4519 | Prec=0.4750 | Rec=0.4519 | F1=0.3221 | AUROC=0.6352 | PRAUC=0.4874
  ✅  Acc:0.4664±0.0114 | Precision:0.5078±0.1196  |Recall:0.4664±0.0114 |F1:0.3250±0.0198 | AUROC:0.6641±0.0215 | PRAUC:0.5096±0.0202 | MCC:0.1259 | Composite:0.5467

  ▶ [3/16] n_estimators=100 | learning_rate=0.01 | max_depth=10 | lambda_=0.1 | n_measurements=None
    F1 → Acc=0.7143 | Prec=0.7447 | Rec=0.7143 | F1=0.6946 | AUROC=0.9368 | PRAUC=0.8728
    F2 → Acc=0.7692 | Prec=0.7814 | Rec=0.7692 | F1=0.7538 | AUROC=0.9652 | PRAUC=0.9134
    F3 → Acc=0.8942 | Prec=0.8858 | Rec=0.8942 | F1=0.8816 | AUROC=0.9925 | PRAUC=0.9806
    F4 → Acc=0.8365 | Prec=0.8319 | Rec=0.8365 | F1=0.8273 | AUROC=0.9641 | PRAUC=0.9302
    F5 → Acc=0.7788 | Prec=0.8058 | Rec=0.7788 | F1=0.7627 | AUROC=0.9732 | PRAUC=0.9498
  ✅  Acc:0.7986±0.0616 | Precision:0.8099±0.0476  |Recall:0.7986±0.0616 |F1:0.7840±0.0644 | AUROC:0.9664±0.0179 | PRAUC:0.9294±0.0360 | MCC:0.7084 | Composite:0.8981

  ▶ [4/16] n_estimators=100 | learning_rate=0.01 | max_depth=10 | lambda_=5 | n_measurements=None
    F1 → Acc=0.5048 | Prec=0.7068 | Rec=0.5048 | F1=0.3945 | AUROC=0.6619 | PRAUC=0.5215
    F2 → Acc=0.4712 | Prec=0.5159 | Rec=0.4712 | F1=0.3208 | AUROC=0.6822 | PRAUC=0.5522
    F3 → Acc=0.4615 | Prec=0.3188 | Rec=0.4615 | F1=0.3028 | AUROC=0.6820 | PRAUC=0.5225
    F4 → Acc=0.4615 | Prec=0.5376 | Rec=0.4615 | F1=0.3170 | AUROC=0.6848 | PRAUC=0.5100
    F5 → Acc=0.4519 | Prec=0.4939 | Rec=0.4519 | F1=0.3081 | AUROC=0.6508 | PRAUC=0.4913
  ✅  Acc:0.4702±0.0183 | Precision:0.5146±0.1235  |Recall:0.4702±0.0183 |F1:0.3287±0.0335 | AUROC:0.6723±0.0136 | PRAUC:0.5195±0.0199 | MCC:0.1443 | Composite:0.5540

  ▶ [5/16] n_estimators=100 | learning_rate=0.1 | max_depth=4 | lambda_=0.1 | n_measurements=None
    F1 → Acc=0.7810 | Prec=0.7817 | Rec=0.7810 | F1=0.7790 | AUROC=0.9349 | PRAUC=0.8706
    F2 → Acc=0.8077 | Prec=0.8107 | Rec=0.8077 | F1=0.8006 | AUROC=0.9697 | PRAUC=0.9246
    F3 → Acc=0.9231 | Prec=0.9266 | Rec=0.9231 | F1=0.9215 | AUROC=0.9941 | PRAUC=0.9832
    F4 → Acc=0.8558 | Prec=0.8623 | Rec=0.8558 | F1=0.8574 | AUROC=0.9732 | PRAUC=0.9456
    F5 → Acc=0.8558 | Prec=0.8585 | Rec=0.8558 | F1=0.8513 | AUROC=0.9757 | PRAUC=0.9588
  ✅  Acc:0.8447±0.0486 | Precision:0.8480±0.0496  |Recall:0.8447±0.0486 |F1:0.8420±0.0496 | AUROC:0.9695±0.0192 | PRAUC:0.9366±0.0381 | MCC:0.7738 | Composite:0.9169

  ▶ [6/16] n_estimators=100 | learning_rate=0.1 | max_depth=4 | lambda_=5 | n_measurements=None
    F1 → Acc=0.5333 | Prec=0.5014 | Rec=0.5333 | F1=0.4650 | AUROC=0.6359 | PRAUC=0.4814
    F2 → Acc=0.5000 | Prec=0.4927 | Rec=0.5000 | F1=0.4452 | AUROC=0.6497 | PRAUC=0.5174
    F3 → Acc=0.5288 | Prec=0.5476 | Rec=0.5288 | F1=0.4640 | AUROC=0.6700 | PRAUC=0.4981
    F4 → Acc=0.5481 | Prec=0.5437 | Rec=0.5481 | F1=0.4760 | AUROC=0.7050 | PRAUC=0.5105
    F5 → Acc=0.4712 | Prec=0.4792 | Rec=0.4712 | F1=0.4449 | AUROC=0.6704 | PRAUC=0.5330
  ✅  Acc:0.5163±0.0274 | Precision:0.5129±0.0276  |Recall:0.5163±0.0274 |F1:0.4590±0.0122 | AUROC:0.6662±0.0233 | PRAUC:0.5081±0.0175 | MCC:0.2414 | Composite:0.5635

  ▶ [7/16] n_estimators=100 | learning_rate=0.1 | max_depth=10 | lambda_=0.1 | n_measurements=None
    F1 → Acc=0.7429 | Prec=0.7443 | Rec=0.7429 | F1=0.7416 | AUROC=0.9288 | PRAUC=0.8620
    F2 → Acc=0.8269 | Prec=0.8334 | Rec=0.8269 | F1=0.8233 | AUROC=0.9685 | PRAUC=0.9222
    F3 → Acc=0.9519 | Prec=0.9542 | Rec=0.9519 | F1=0.9515 | AUROC=0.9950 | PRAUC=0.9826
    F4 → Acc=0.8558 | Prec=0.8596 | Rec=0.8558 | F1=0.8564 | AUROC=0.9727 | PRAUC=0.9456
    F5 → Acc=0.8365 | Prec=0.8144 | Rec=0.8365 | F1=0.8249 | AUROC=0.9754 | PRAUC=0.9561
  ✅  Acc:0.8428±0.0669 | Precision:0.8412±0.0682  |Recall:0.8428±0.0669 |F1:0.8395±0.0677 | AUROC:0.9681±0.0216 | PRAUC:0.9337±0.0407 | MCC:0.7712 | Composite:0.9149

  ▶ [8/16] n_estimators=100 | learning_rate=0.1 | max_depth=10 | lambda_=5 | n_measurements=None
    F1 → Acc=0.5333 | Prec=0.5564 | Rec=0.5333 | F1=0.4777 | AUROC=0.6567 | PRAUC=0.5226
    F2 → Acc=0.4904 | Prec=0.4486 | Rec=0.4904 | F1=0.4373 | AUROC=0.6781 | PRAUC=0.5467
    F3 → Acc=0.4904 | Prec=0.4269 | Rec=0.4904 | F1=0.3932 | AUROC=0.6631 | PRAUC=0.4992
    F4 → Acc=0.5673 | Prec=0.5853 | Rec=0.5673 | F1=0.5030 | AUROC=0.7177 | PRAUC=0.5258
    F5 → Acc=0.4904 | Prec=0.5051 | Rec=0.4904 | F1=0.4505 | AUROC=0.6685 | PRAUC=0.5327
  ✅  Acc:0.5144±0.0313 | Precision:0.5045±0.0606  |Recall:0.5144±0.0313 |F1:0.4524±0.0373 | AUROC:0.6768±0.0216 | PRAUC:0.5254±0.0155 | MCC:0.2377 | Composite:0.5722

  ▶ [9/16] n_estimators=500 | learning_rate=0.01 | max_depth=4 | lambda_=0.1 | n_measurements=None
    F1 → Acc=0.7619 | Prec=0.7630 | Rec=0.7619 | F1=0.7585 | AUROC=0.9348 | PRAUC=0.8709
    F2 → Acc=0.7981 | Prec=0.8027 | Rec=0.7981 | F1=0.7912 | AUROC=0.9721 | PRAUC=0.9232
    F3 → Acc=0.9231 | Prec=0.9286 | Rec=0.9231 | F1=0.9221 | AUROC=0.9933 | PRAUC=0.9797
    F4 → Acc=0.8558 | Prec=0.8623 | Rec=0.8558 | F1=0.8574 | AUROC=0.9709 | PRAUC=0.9428
    F5 → Acc=0.8173 | Prec=0.8062 | Rec=0.8173 | F1=0.8059 | AUROC=0.9759 | PRAUC=0.9576
  ✅  Acc:0.8312±0.0550 | Precision:0.8325±0.0575  |Recall:0.8312±0.0550 |F1:0.8270±0.0572 | AUROC:0.9694±0.0191 | PRAUC:0.9348±0.0369 | MCC:0.7536 | Composite:0.9118

  ▶ [10/16] n_estimators=500 | learning_rate=0.01 | max_depth=4 | lambda_=5 | n_measurements=None
    F1 → Acc=0.5143 | Prec=0.5058 | Rec=0.5143 | F1=0.4375 | AUROC=0.6409 | PRAUC=0.4911
    F2 → Acc=0.5385 | Prec=0.5713 | Rec=0.5385 | F1=0.4678 | AUROC=0.6866 | PRAUC=0.5672
    F3 → Acc=0.5096 | Prec=0.4654 | Rec=0.5096 | F1=0.4187 | AUROC=0.6884 | PRAUC=0.5176
    F4 → Acc=0.5288 | Prec=0.5656 | Rec=0.5288 | F1=0.4397 | AUROC=0.7126 | PRAUC=0.5342
    F5 → Acc=0.4615 | Prec=0.4731 | Rec=0.4615 | F1=0.4011 | AUROC=0.6632 | PRAUC=0.5143
  ✅  Acc:0.5105±0.0266 | Precision:0.5162±0.0448  |Recall:0.5105±0.0266 |F1:0.4329±0.0224 | AUROC:0.6783±0.0244 | PRAUC:0.5249±0.0252 | MCC:0.2288 | Composite:0.5713

  ▶ [11/16] n_estimators=500 | learning_rate=0.01 | max_depth=10 | lambda_=0.1 | n_measurements=None
    F1 → Acc=0.7333 | Prec=0.7340 | Rec=0.7333 | F1=0.7305 | AUROC=0.9294 | PRAUC=0.8632
    F2 → Acc=0.8077 | Prec=0.8106 | Rec=0.8077 | F1=0.7999 | AUROC=0.9734 | PRAUC=0.9297
    F3 → Acc=0.9519 | Prec=0.9562 | Rec=0.9519 | F1=0.9520 | AUROC=0.9945 | PRAUC=0.9819
    F4 → Acc=0.8558 | Prec=0.8623 | Rec=0.8558 | F1=0.8574 | AUROC=0.9718 | PRAUC=0.9461
    F5 → Acc=0.8365 | Prec=0.8184 | Rec=0.8365 | F1=0.8245 | AUROC=0.9751 | PRAUC=0.9553
  ✅  Acc:0.8371±0.0709 | Precision:0.8363±0.0728  |Recall:0.8371±0.0709 |F1:0.8329±0.0727 | AUROC:0.9688±0.0213 | PRAUC:0.9353±0.0398 | MCC:0.7621 | Composite:0.9137

  ▶ [12/16] n_estimators=500 | learning_rate=0.01 | max_depth=10 | lambda_=5 | n_measurements=None
    F1 → Acc=0.5143 | Prec=0.5104 | Rec=0.5143 | F1=0.4424 | AUROC=0.6500 | PRAUC=0.5116
    F2 → Acc=0.5481 | Prec=0.5890 | Rec=0.5481 | F1=0.4698 | AUROC=0.6991 | PRAUC=0.5776
    F3 → Acc=0.4904 | Prec=0.4460 | Rec=0.4904 | F1=0.3803 | AUROC=0.6969 | PRAUC=0.5222
    F4 → Acc=0.5288 | Prec=0.5645 | Rec=0.5288 | F1=0.4495 | AUROC=0.7040 | PRAUC=0.5269
    F5 → Acc=0.4519 | Prec=0.4635 | Rec=0.4519 | F1=0.3858 | AUROC=0.6729 | PRAUC=0.5116
  ✅  Acc:0.5067±0.0332 | Precision:0.5147±0.0554  |Recall:0.5067±0.0332 |F1:0.4255±0.0359 | AUROC:0.6846±0.0203 | PRAUC:0.5300±0.0245 | MCC:0.2211 | Composite:0.5738

  ▶ [13/16] n_estimators=500 | learning_rate=0.1 | max_depth=4 | lambda_=0.1 | n_measurements=None
    F1 → Acc=0.7810 | Prec=0.7830 | Rec=0.7810 | F1=0.7798 | AUROC=0.9354 | PRAUC=0.8704
    F2 → Acc=0.8365 | Prec=0.8430 | Rec=0.8365 | F1=0.8306 | AUROC=0.9726 | PRAUC=0.9326
    F3 → Acc=0.9423 | Prec=0.9484 | Rec=0.9423 | F1=0.9431 | AUROC=0.9959 | PRAUC=0.9874
    F4 → Acc=0.8654 | Prec=0.8715 | Rec=0.8654 | F1=0.8674 | AUROC=0.9703 | PRAUC=0.9363
    F5 → Acc=0.8558 | Prec=0.8594 | Rec=0.8558 | F1=0.8511 | AUROC=0.9747 | PRAUC=0.9569
  ✅  Acc:0.8562±0.0521 | Precision:0.8610±0.0532  |Recall:0.8562±0.0521 |F1:0.8544±0.0533 | AUROC:0.9698±0.0195 | PRAUC:0.9367±0.0385 | MCC:0.7913 | Composite:0.9209

  ▶ [14/16] n_estimators=500 | learning_rate=0.1 | max_depth=4 | lambda_=5 | n_measurements=None
    F1 → Acc=0.5143 | Prec=0.4738 | Rec=0.5143 | F1=0.4547 | AUROC=0.6212 | PRAUC=0.4732
    F2 → Acc=0.4712 | Prec=0.4541 | Rec=0.4712 | F1=0.4422 | AUROC=0.6852 | PRAUC=0.5520
    F3 → Acc=0.5192 | Prec=0.5271 | Rec=0.5192 | F1=0.4854 | AUROC=0.6712 | PRAUC=0.5164
    F4 → Acc=0.5385 | Prec=0.5120 | Rec=0.5385 | F1=0.4777 | AUROC=0.6941 | PRAUC=0.5041
    F5 → Acc=0.4615 | Prec=0.4483 | Rec=0.4615 | F1=0.4394 | AUROC=0.6664 | PRAUC=0.5241
  ✅  Acc:0.5009±0.0295 | Precision:0.4831±0.0313  |Recall:0.5009±0.0295 |F1:0.4599±0.0186 | AUROC:0.6676±0.0252 | PRAUC:0.5140±0.0257 | MCC:0.2237 | Composite:0.5608

  ▶ [15/16] n_estimators=500 | learning_rate=0.1 | max_depth=10 | lambda_=0.1 | n_measurements=None
    F1 → Acc=0.7619 | Prec=0.7642 | Rec=0.7619 | F1=0.7609 | AUROC=0.9293 | PRAUC=0.8609
    F2 → Acc=0.8462 | Prec=0.8522 | Rec=0.8462 | F1=0.8418 | AUROC=0.9702 | PRAUC=0.9256
    F3 → Acc=0.9615 | Prec=0.9636 | Rec=0.9615 | F1=0.9619 | AUROC=0.9956 | PRAUC=0.9842
    F4 → Acc=0.8750 | Prec=0.8774 | Rec=0.8750 | F1=0.8759 | AUROC=0.9729 | PRAUC=0.9420
    F5 → Acc=0.8558 | Prec=0.8611 | Rec=0.8558 | F1=0.8521 | AUROC=0.9744 | PRAUC=0.9531
  ✅  Acc:0.8601±0.0638 | Precision:0.8637±0.0636  |Recall:0.8601±0.0638 |F1:0.8585±0.0646 | AUROC:0.9685±0.0216 | PRAUC:0.9332±0.0409 | MCC:0.7969 | Composite:0.9206

  ▶ [16/16] n_estimators=500 | learning_rate=0.1 | max_depth=10 | lambda_=5 | n_measurements=None
    F1 → Acc=0.5238 | Prec=0.5031 | Rec=0.5238 | F1=0.4753 | AUROC=0.6418 | PRAUC=0.5043
    F2 → Acc=0.4904 | Prec=0.4675 | Rec=0.4904 | F1=0.4610 | AUROC=0.6879 | PRAUC=0.5607
    F3 → Acc=0.4904 | Prec=0.4695 | Rec=0.4904 | F1=0.4386 | AUROC=0.6644 | PRAUC=0.4941
    F4 → Acc=0.5673 | Prec=0.5482 | Rec=0.5673 | F1=0.5106 | AUROC=0.7121 | PRAUC=0.5131
    F5 → Acc=0.4615 | Prec=0.4390 | Rec=0.4615 | F1=0.4385 | AUROC=0.6659 | PRAUC=0.5265
  ✅  Acc:0.5067±0.0362 | Precision:0.4855±0.0374  |Recall:0.5067±0.0362 |F1:0.4648±0.0268 | AUROC:0.6744±0.0238 | PRAUC:0.5197±0.0231 | MCC:0.2328 | Composite:0.5670

🏆 Best config : n_estimators=500 | learning_rate=0.1 | max_depth=4 | lambda_=0.1 | n_measurements=None
✅ Saved: ./results/qxgb_gbtree_full.csv
✅ [QXGB GBTree (full)] recorded | Exec. time: 42.4s
