📝 Log: results\logs\gs\classical\all\catboost.log
🕒 Started: 2026-05-22T07:42:30
🔬 Search space: 2 iterations × 2 depth × 2 learning_rate × 2 l2_leaf_reg =  16 configs × 5 folds = 80 fits
   Scoring criterion: (AUROC + PRAUC + Accuracy) / 3

  ▶ [1/16] iterations=100 | depth=4 | learning_rate=0.01 | l2_leaf_reg=1
    F1 → Acc=0.6796 | Prec=0.6854 | Rec=0.6796 | F1=0.6471 | AUROC=0.8948 | PRAUC=0.7722
    F2 → Acc=0.6782 | Prec=0.6834 | Rec=0.6782 | F1=0.6435 | AUROC=0.9001 | PRAUC=0.7770
    F3 → Acc=0.6724 | Prec=0.6766 | Rec=0.6724 | F1=0.6345 | AUROC=0.9071 | PRAUC=0.7872
    F4 → Acc=0.6820 | Prec=0.6899 | Rec=0.6820 | F1=0.6479 | AUROC=0.9034 | PRAUC=0.7800
    F5 → Acc=0.6776 | Prec=0.6831 | Rec=0.6776 | F1=0.6468 | AUROC=0.9000 | PRAUC=0.7829
  ✅  Acc:0.6780±0.0032 | Precision:0.6837±0.0043  |Recall:0.6780±0.0032 |F1:0.6440±0.0050 | AUROC:0.9011±0.0041 | PRAUC:0.7799±0.0051 | MCC:0.5178 | Composite:0.7863

  ▶ [2/16] iterations=100 | depth=4 | learning_rate=0.01 | l2_leaf_reg=5
    F1 → Acc=0.6768 | Prec=0.6822 | Rec=0.6768 | F1=0.6435 | AUROC=0.8917 | PRAUC=0.7659
    F2 → Acc=0.6744 | Prec=0.6804 | Rec=0.6744 | F1=0.6378 | AUROC=0.8981 | PRAUC=0.7733
    F3 → Acc=0.6662 | Prec=0.6713 | Rec=0.6662 | F1=0.6254 | AUROC=0.9044 | PRAUC=0.7814
    F4 → Acc=0.6772 | Prec=0.6847 | Rec=0.6772 | F1=0.6433 | AUROC=0.9000 | PRAUC=0.7731
    F5 → Acc=0.6732 | Prec=0.6791 | Rec=0.6732 | F1=0.6422 | AUROC=0.8975 | PRAUC=0.7780
  ✅  Acc:0.6736±0.0040 | Precision:0.6795±0.0045  |Recall:0.6736±0.0040 |F1:0.6384±0.0068 | AUROC:0.8983±0.0041 | PRAUC:0.7743±0.0052 | MCC:0.5105 | Composite:0.7821

  ▶ [3/16] iterations=100 | depth=4 | learning_rate=0.1 | l2_leaf_reg=1
    F1 → Acc=0.8329 | Prec=0.8328 | Rec=0.8329 | F1=0.8318 | AUROC=0.9703 | PRAUC=0.9268
    F2 → Acc=0.8525 | Prec=0.8543 | Rec=0.8525 | F1=0.8512 | AUROC=0.9721 | PRAUC=0.9306
    F3 → Acc=0.8477 | Prec=0.8474 | Rec=0.8477 | F1=0.8458 | AUROC=0.9743 | PRAUC=0.9328
    F4 → Acc=0.8453 | Prec=0.8459 | Rec=0.8453 | F1=0.8443 | AUROC=0.9745 | PRAUC=0.9357
    F5 → Acc=0.8352 | Prec=0.8364 | Rec=0.8352 | F1=0.8340 | AUROC=0.9654 | PRAUC=0.9179
  ✅  Acc:0.8427±0.0075 | Precision:0.8434±0.0078  |Recall:0.8427±0.0075 |F1:0.8414±0.0073 | AUROC:0.9713±0.0033 | PRAUC:0.9287±0.0062 | MCC:0.7715 | Composite:0.9143

  ▶ [4/16] iterations=100 | depth=4 | learning_rate=0.1 | l2_leaf_reg=5
    F1 → Acc=0.8305 | Prec=0.8310 | Rec=0.8305 | F1=0.8288 | AUROC=0.9679 | PRAUC=0.9210
    F2 → Acc=0.8458 | Prec=0.8468 | Rec=0.8458 | F1=0.8436 | AUROC=0.9702 | PRAUC=0.9254
    F3 → Acc=0.8381 | Prec=0.8399 | Rec=0.8381 | F1=0.8350 | AUROC=0.9732 | PRAUC=0.9294
    F4 → Acc=0.8420 | Prec=0.8435 | Rec=0.8420 | F1=0.8404 | AUROC=0.9708 | PRAUC=0.9271
    F5 → Acc=0.8304 | Prec=0.8316 | Rec=0.8304 | F1=0.8290 | AUROC=0.9630 | PRAUC=0.9129
  ✅  Acc:0.8374±0.0062 | Precision:0.8385±0.0063  |Recall:0.8374±0.0062 |F1:0.8354±0.0059 | AUROC:0.9690±0.0034 | PRAUC:0.9232±0.0058 | MCC:0.7632 | Composite:0.9098

  ▶ [5/16] iterations=100 | depth=10 | learning_rate=0.01 | l2_leaf_reg=1
    F1 → Acc=0.8252 | Prec=0.8297 | Rec=0.8252 | F1=0.8226 | AUROC=0.9673 | PRAUC=0.9172
    F2 → Acc=0.8305 | Prec=0.8333 | Rec=0.8305 | F1=0.8279 | AUROC=0.9670 | PRAUC=0.9176
    F3 → Acc=0.8367 | Prec=0.8400 | Rec=0.8367 | F1=0.8331 | AUROC=0.9728 | PRAUC=0.9293
    F4 → Acc=0.8391 | Prec=0.8421 | Rec=0.8391 | F1=0.8365 | AUROC=0.9694 | PRAUC=0.9210
    F5 → Acc=0.8246 | Prec=0.8294 | Rec=0.8246 | F1=0.8223 | AUROC=0.9640 | PRAUC=0.9111
  ✅  Acc:0.8312±0.0059 | Precision:0.8349±0.0053  |Recall:0.8312±0.0059 |F1:0.8285±0.0056 | AUROC:0.9681±0.0029 | PRAUC:0.9193±0.0060 | MCC:0.7538 | Composite:0.9062

  ▶ [6/16] iterations=100 | depth=10 | learning_rate=0.01 | l2_leaf_reg=5
    F1 → Acc=0.8194 | Prec=0.8245 | Rec=0.8194 | F1=0.8164 | AUROC=0.9646 | PRAUC=0.9101
    F2 → Acc=0.8208 | Prec=0.8240 | Rec=0.8208 | F1=0.8178 | AUROC=0.9635 | PRAUC=0.9086
    F3 → Acc=0.8319 | Prec=0.8358 | Rec=0.8319 | F1=0.8281 | AUROC=0.9701 | PRAUC=0.9226
    F4 → Acc=0.8300 | Prec=0.8345 | Rec=0.8300 | F1=0.8266 | AUROC=0.9667 | PRAUC=0.9142
    F5 → Acc=0.8212 | Prec=0.8267 | Rec=0.8212 | F1=0.8187 | AUROC=0.9603 | PRAUC=0.9024
  ✅  Acc:0.8247±0.0052 | Precision:0.8291±0.0050  |Recall:0.8247±0.0052 |F1:0.8215±0.0049 | AUROC:0.9651±0.0033 | PRAUC:0.9116±0.0067 | MCC:0.7441 | Composite:0.9004

  ▶ [7/16] iterations=100 | depth=10 | learning_rate=0.1 | l2_leaf_reg=1
    F1 → Acc=0.8967 | Prec=0.8981 | Rec=0.8967 | F1=0.8971 | AUROC=0.9882 | PRAUC=0.9689
    F2 → Acc=0.9116 | Prec=0.9134 | Rec=0.9116 | F1=0.9118 | AUROC=0.9897 | PRAUC=0.9721
    F3 → Acc=0.9169 | Prec=0.9168 | Rec=0.9169 | F1=0.9168 | AUROC=0.9904 | PRAUC=0.9731
    F4 → Acc=0.9116 | Prec=0.9126 | Rec=0.9116 | F1=0.9118 | AUROC=0.9900 | PRAUC=0.9728
    F5 → Acc=0.8909 | Prec=0.8928 | Rec=0.8909 | F1=0.8912 | AUROC=0.9861 | PRAUC=0.9621
  ✅  Acc:0.9056±0.0099 | Precision:0.9067±0.0095  |Recall:0.9056±0.0099 |F1:0.9057±0.0098 | AUROC:0.9889±0.0016 | PRAUC:0.9698±0.0041 | MCC:0.8642 | Composite:0.9547

  ▶ [8/16] iterations=100 | depth=10 | learning_rate=0.1 | l2_leaf_reg=5
    F1 → Acc=0.8886 | Prec=0.8901 | Rec=0.8886 | F1=0.8888 | AUROC=0.9861 | PRAUC=0.9633
    F2 → Acc=0.8996 | Prec=0.9016 | Rec=0.8996 | F1=0.8999 | AUROC=0.9868 | PRAUC=0.9645
    F3 → Acc=0.9039 | Prec=0.9042 | Rec=0.9039 | F1=0.9040 | AUROC=0.9889 | PRAUC=0.9691
    F4 → Acc=0.9035 | Prec=0.9041 | Rec=0.9035 | F1=0.9034 | AUROC=0.9887 | PRAUC=0.9690
    F5 → Acc=0.8832 | Prec=0.8852 | Rec=0.8832 | F1=0.8835 | AUROC=0.9841 | PRAUC=0.9571
  ✅  Acc:0.8958±0.0084 | Precision:0.8970±0.0078  |Recall:0.8958±0.0084 |F1:0.8959±0.0083 | AUROC:0.9869±0.0018 | PRAUC:0.9646±0.0044 | MCC:0.8501 | Composite:0.9491

  ▶ [9/16] iterations=500 | depth=4 | learning_rate=0.01 | l2_leaf_reg=1
    F1 → Acc=0.7920 | Prec=0.8004 | Rec=0.7920 | F1=0.7858 | AUROC=0.9573 | PRAUC=0.8974
    F2 → Acc=0.7954 | Prec=0.8022 | Rec=0.7954 | F1=0.7878 | AUROC=0.9594 | PRAUC=0.8986
    F3 → Acc=0.7944 | Prec=0.8038 | Rec=0.7944 | F1=0.7866 | AUROC=0.9640 | PRAUC=0.9056
    F4 → Acc=0.7848 | Prec=0.7932 | Rec=0.7848 | F1=0.7760 | AUROC=0.9612 | PRAUC=0.9016
    F5 → Acc=0.7924 | Prec=0.7994 | Rec=0.7924 | F1=0.7861 | AUROC=0.9538 | PRAUC=0.8902
  ✅  Acc:0.7918±0.0037 | Precision:0.7998±0.0036  |Recall:0.7918±0.0037 |F1:0.7845±0.0043 | AUROC:0.9591±0.0034 | PRAUC:0.8987±0.0051 | MCC:0.6951 | Composite:0.8832

  ▶ [10/16] iterations=500 | depth=4 | learning_rate=0.01 | l2_leaf_reg=5
    F1 → Acc=0.7853 | Prec=0.7939 | Rec=0.7853 | F1=0.7784 | AUROC=0.9548 | PRAUC=0.8923
    F2 → Acc=0.7906 | Prec=0.7989 | Rec=0.7906 | F1=0.7822 | AUROC=0.9573 | PRAUC=0.8935
    F3 → Acc=0.7867 | Prec=0.7966 | Rec=0.7867 | F1=0.7780 | AUROC=0.9620 | PRAUC=0.9009
    F4 → Acc=0.7805 | Prec=0.7906 | Rec=0.7805 | F1=0.7708 | AUROC=0.9587 | PRAUC=0.8954
    F5 → Acc=0.7842 | Prec=0.7930 | Rec=0.7842 | F1=0.7771 | AUROC=0.9516 | PRAUC=0.8857
  ✅  Acc:0.7855±0.0033 | Precision:0.7946±0.0029  |Recall:0.7855±0.0033 |F1:0.7773±0.0037 | AUROC:0.9569±0.0035 | PRAUC:0.8935±0.0049 | MCC:0.6856 | Composite:0.8786

  ▶ [11/16] iterations=500 | depth=4 | learning_rate=0.1 | l2_leaf_reg=1
    F1 → Acc=0.8987 | Prec=0.9002 | Rec=0.8987 | F1=0.8990 | AUROC=0.9874 | PRAUC=0.9684
    F2 → Acc=0.9035 | Prec=0.9044 | Rec=0.9035 | F1=0.9035 | AUROC=0.9884 | PRAUC=0.9697
    F3 → Acc=0.9049 | Prec=0.9058 | Rec=0.9049 | F1=0.9051 | AUROC=0.9884 | PRAUC=0.9692
    F4 → Acc=0.9135 | Prec=0.9144 | Rec=0.9135 | F1=0.9138 | AUROC=0.9891 | PRAUC=0.9713
    F5 → Acc=0.8823 | Prec=0.8833 | Rec=0.8823 | F1=0.8824 | AUROC=0.9842 | PRAUC=0.9576
  ✅  Acc:0.9006±0.0103 | Precision:0.9016±0.0103  |Recall:0.9006±0.0103 |F1:0.9008±0.0103 | AUROC:0.9875±0.0017 | PRAUC:0.9672±0.0049 | MCC:0.8572 | Composite:0.9518

  ▶ [12/16] iterations=500 | depth=4 | learning_rate=0.1 | l2_leaf_reg=5
    F1 → Acc=0.8871 | Prec=0.8887 | Rec=0.8871 | F1=0.8876 | AUROC=0.9855 | PRAUC=0.9637
    F2 → Acc=0.9039 | Prec=0.9052 | Rec=0.9039 | F1=0.9040 | AUROC=0.9868 | PRAUC=0.9658
    F3 → Acc=0.9011 | Prec=0.9016 | Rec=0.9011 | F1=0.9011 | AUROC=0.9873 | PRAUC=0.9663
    F4 → Acc=0.8987 | Prec=0.8995 | Rec=0.8987 | F1=0.8989 | AUROC=0.9873 | PRAUC=0.9667
    F5 → Acc=0.8794 | Prec=0.8808 | Rec=0.8794 | F1=0.8795 | AUROC=0.9825 | PRAUC=0.9537
  ✅  Acc:0.8940±0.0093 | Precision:0.8952±0.0091  |Recall:0.8940±0.0093 |F1:0.8942±0.0092 | AUROC:0.9859±0.0018 | PRAUC:0.9632±0.0049 | MCC:0.8478 | Composite:0.9477

  ▶ [13/16] iterations=500 | depth=10 | learning_rate=0.01 | l2_leaf_reg=1
    F1 → Acc=0.8818 | Prec=0.8837 | Rec=0.8818 | F1=0.8819 | AUROC=0.9839 | PRAUC=0.9580
    F2 → Acc=0.8890 | Prec=0.8914 | Rec=0.8890 | F1=0.8890 | AUROC=0.9853 | PRAUC=0.9602
    F3 → Acc=0.8929 | Prec=0.8930 | Rec=0.8929 | F1=0.8925 | AUROC=0.9870 | PRAUC=0.9642
    F4 → Acc=0.8996 | Prec=0.9001 | Rec=0.8996 | F1=0.8994 | AUROC=0.9870 | PRAUC=0.9648
    F5 → Acc=0.8630 | Prec=0.8649 | Rec=0.8630 | F1=0.8628 | AUROC=0.9815 | PRAUC=0.9513
  ✅  Acc:0.8853±0.0125 | Precision:0.8866±0.0120  |Recall:0.8853±0.0125 |F1:0.8851±0.0125 | AUROC:0.9849±0.0021 | PRAUC:0.9597±0.0049 | MCC:0.8347 | Composite:0.9433

  ▶ [14/16] iterations=500 | depth=10 | learning_rate=0.01 | l2_leaf_reg=5
    F1 → Acc=0.8641 | Prec=0.8655 | Rec=0.8641 | F1=0.8638 | AUROC=0.9812 | PRAUC=0.9509
    F2 → Acc=0.8785 | Prec=0.8803 | Rec=0.8785 | F1=0.8782 | AUROC=0.9827 | PRAUC=0.9533
    F3 → Acc=0.8866 | Prec=0.8870 | Rec=0.8866 | F1=0.8860 | AUROC=0.9851 | PRAUC=0.9591
    F4 → Acc=0.8915 | Prec=0.8923 | Rec=0.8915 | F1=0.8912 | AUROC=0.9845 | PRAUC=0.9581
    F5 → Acc=0.8602 | Prec=0.8623 | Rec=0.8602 | F1=0.8600 | AUROC=0.9784 | PRAUC=0.9439
  ✅  Acc:0.8762±0.0123 | Precision:0.8775±0.0118  |Recall:0.8762±0.0123 |F1:0.8759±0.0122 | AUROC:0.9824±0.0024 | PRAUC:0.9531±0.0055 | MCC:0.8211 | Composite:0.9372

  ▶ [15/16] iterations=500 | depth=10 | learning_rate=0.1 | l2_leaf_reg=1
    F1 → Acc=0.9217 | Prec=0.9222 | Rec=0.9217 | F1=0.9219 | AUROC=0.9918 | PRAUC=0.9786
    F2 → Acc=0.9222 | Prec=0.9230 | Rec=0.9222 | F1=0.9224 | AUROC=0.9919 | PRAUC=0.9778
    F3 → Acc=0.9193 | Prec=0.9194 | Rec=0.9193 | F1=0.9194 | AUROC=0.9923 | PRAUC=0.9783
    F4 → Acc=0.9212 | Prec=0.9212 | Rec=0.9212 | F1=0.9211 | AUROC=0.9919 | PRAUC=0.9773
    F5 → Acc=0.9121 | Prec=0.9126 | Rec=0.9121 | F1=0.9122 | AUROC=0.9897 | PRAUC=0.9713
  ✅  Acc:0.9193±0.0037 | Precision:0.9197±0.0038  |Recall:0.9193±0.0037 |F1:0.9194±0.0037 | AUROC:0.9915±0.0009 | PRAUC:0.9766±0.0027 | MCC:0.8838 | Composite:0.9625

  ▶ [16/16] iterations=500 | depth=10 | learning_rate=0.1 | l2_leaf_reg=5
    F1 → Acc=0.9183 | Prec=0.9189 | Rec=0.9183 | F1=0.9185 | AUROC=0.9914 | PRAUC=0.9774
    F2 → Acc=0.9227 | Prec=0.9233 | Rec=0.9227 | F1=0.9228 | AUROC=0.9916 | PRAUC=0.9771
    F3 → Acc=0.9227 | Prec=0.9229 | Rec=0.9227 | F1=0.9228 | AUROC=0.9919 | PRAUC=0.9777
    F4 → Acc=0.9207 | Prec=0.9208 | Rec=0.9207 | F1=0.9207 | AUROC=0.9920 | PRAUC=0.9778
    F5 → Acc=0.9087 | Prec=0.9094 | Rec=0.9087 | F1=0.9088 | AUROC=0.9892 | PRAUC=0.9699
  ✅  Acc:0.9186±0.0052 | Precision:0.9191±0.0051  |Recall:0.9186±0.0052 |F1:0.9187±0.0052 | AUROC:0.9912±0.0011 | PRAUC:0.9760±0.0031 | MCC:0.8829 | Composite:0.9619

🏆 Best config : iterations=500 | depth=10 | learning_rate=0.1 | l2_leaf_reg=1
✅ Saved: ./results/catboost.csv
✅ [CatBoost] recorded | Exec. time: 198.2s
