📝 Log: results\logs\gs\classical\all\mlp.log
🕒 Started: 2026-05-26T16:27:44
🔬 Search space: 2 hidden_units × 2 dropout × 2 learning_rate × 2 batch_size × 1 epochs =  16 configs × 5 folds = 80 fits
   Scoring criterion: (AUROC + PRAUC + Accuracy) / 3

  ▶ [1/16] hidden_units=(64, 32) | dropout=0.1 | learning_rate=0.001 | batch_size=32 | epochs=100
    F1 → Acc=0.8703 | Prec=0.8712 | Rec=0.8703 | F1=0.8706 | AUROC=0.9813 | PRAUC=0.9508
    F2 → Acc=0.8809 | Prec=0.8828 | Rec=0.8809 | F1=0.8815 | AUROC=0.9847 | PRAUC=0.9572
    F3 → Acc=0.8838 | Prec=0.8847 | Rec=0.8838 | F1=0.8840 | AUROC=0.9855 | PRAUC=0.9611
    F4 → Acc=0.8761 | Prec=0.8772 | Rec=0.8761 | F1=0.8763 | AUROC=0.9840 | PRAUC=0.9571
    F5 → Acc=0.8674 | Prec=0.8685 | Rec=0.8674 | F1=0.8676 | AUROC=0.9812 | PRAUC=0.9483
  ✅  Acc:0.8757±0.0062 | Precision:0.8769±0.0063  |Recall:0.8757±0.0062 |F1:0.8760±0.0062 | AUROC:0.9833±0.0018 | PRAUC:0.9549±0.0046 | MCC:0.8211 | Composite:0.9380

  ▶ [2/16] hidden_units=(64, 32) | dropout=0.1 | learning_rate=0.001 | batch_size=64 | epochs=100
    F1 → Acc=0.8761 | Prec=0.8800 | Rec=0.8761 | F1=0.8772 | AUROC=0.9831 | PRAUC=0.9551
    F2 → Acc=0.8737 | Prec=0.8738 | Rec=0.8737 | F1=0.8737 | AUROC=0.9845 | PRAUC=0.9576
    F3 → Acc=0.8862 | Prec=0.8886 | Rec=0.8862 | F1=0.8869 | AUROC=0.9856 | PRAUC=0.9606
    F4 → Acc=0.8828 | Prec=0.8838 | Rec=0.8828 | F1=0.8832 | AUROC=0.9858 | PRAUC=0.9629
    F5 → Acc=0.8669 | Prec=0.8682 | Rec=0.8669 | F1=0.8671 | AUROC=0.9812 | PRAUC=0.9494
  ✅  Acc:0.8771±0.0068 | Precision:0.8789±0.0072  |Recall:0.8771±0.0068 |F1:0.8776±0.0070 | AUROC:0.9840±0.0017 | PRAUC:0.9571±0.0047 | MCC:0.8236 | Composite:0.9394

  ▶ [3/16] hidden_units=(64, 32) | dropout=0.1 | learning_rate=0.0001 | batch_size=32 | epochs=100
    F1 → Acc=0.8060 | Prec=0.8059 | Rec=0.8060 | F1=0.8053 | AUROC=0.9615 | PRAUC=0.9016
    F2 → Acc=0.8271 | Prec=0.8274 | Rec=0.8271 | F1=0.8268 | AUROC=0.9669 | PRAUC=0.9154
    F3 → Acc=0.8381 | Prec=0.8373 | Rec=0.8381 | F1=0.8370 | AUROC=0.9715 | PRAUC=0.9232
    F4 → Acc=0.8367 | Prec=0.8364 | Rec=0.8367 | F1=0.8360 | AUROC=0.9696 | PRAUC=0.9226
    F5 → Acc=0.8304 | Prec=0.8337 | Rec=0.8304 | F1=0.8311 | AUROC=0.9664 | PRAUC=0.9101
  ✅  Acc:0.8276±0.0116 | Precision:0.8282±0.0116  |Recall:0.8276±0.0116 |F1:0.8273±0.0116 | AUROC:0.9672±0.0034 | PRAUC:0.9146±0.0081 | MCC:0.7513 | Composite:0.9031

  ▶ [4/16] hidden_units=(64, 32) | dropout=0.1 | learning_rate=0.0001 | batch_size=64 | epochs=100
    F1 → Acc=0.8122 | Prec=0.8138 | Rec=0.8122 | F1=0.8118 | AUROC=0.9618 | PRAUC=0.9032
    F2 → Acc=0.8218 | Prec=0.8245 | Rec=0.8218 | F1=0.8218 | AUROC=0.9654 | PRAUC=0.9107
    F3 → Acc=0.8362 | Prec=0.8372 | Rec=0.8362 | F1=0.8353 | AUROC=0.9704 | PRAUC=0.9202
    F4 → Acc=0.8261 | Prec=0.8269 | Rec=0.8261 | F1=0.8255 | AUROC=0.9678 | PRAUC=0.9169
    F5 → Acc=0.8222 | Prec=0.8261 | Rec=0.8222 | F1=0.8228 | AUROC=0.9639 | PRAUC=0.9061
  ✅  Acc:0.8237±0.0078 | Precision:0.8257±0.0074  |Recall:0.8237±0.0078 |F1:0.8234±0.0075 | AUROC:0.9659±0.0030 | PRAUC:0.9114±0.0064 | MCC:0.7456 | Composite:0.9003

  ▶ [5/16] hidden_units=(64, 32) | dropout=0.3 | learning_rate=0.001 | batch_size=32 | epochs=100
    F1 → Acc=0.8410 | Prec=0.8441 | Rec=0.8410 | F1=0.8408 | AUROC=0.9718 | PRAUC=0.9292
    F2 → Acc=0.8506 | Prec=0.8535 | Rec=0.8506 | F1=0.8506 | AUROC=0.9758 | PRAUC=0.9367
    F3 → Acc=0.8593 | Prec=0.8616 | Rec=0.8593 | F1=0.8590 | AUROC=0.9769 | PRAUC=0.9364
    F4 → Acc=0.8501 | Prec=0.8513 | Rec=0.8501 | F1=0.8500 | AUROC=0.9751 | PRAUC=0.9348
    F5 → Acc=0.8433 | Prec=0.8463 | Rec=0.8433 | F1=0.8438 | AUROC=0.9718 | PRAUC=0.9267
  ✅  Acc:0.8489±0.0064 | Precision:0.8514±0.0061  |Recall:0.8489±0.0064 |F1:0.8488±0.0063 | AUROC:0.9743±0.0021 | PRAUC:0.9328±0.0041 | MCC:0.7820 | Composite:0.9186

  ▶ [6/16] hidden_units=(64, 32) | dropout=0.3 | learning_rate=0.001 | batch_size=64 | epochs=100
    F1 → Acc=0.8463 | Prec=0.8482 | Rec=0.8463 | F1=0.8463 | AUROC=0.9740 | PRAUC=0.9349
    F2 → Acc=0.8612 | Prec=0.8642 | Rec=0.8612 | F1=0.8615 | AUROC=0.9776 | PRAUC=0.9417
    F3 → Acc=0.8641 | Prec=0.8658 | Rec=0.8641 | F1=0.8638 | AUROC=0.9804 | PRAUC=0.9474
    F4 → Acc=0.8583 | Prec=0.8595 | Rec=0.8583 | F1=0.8582 | AUROC=0.9789 | PRAUC=0.9453
    F5 → Acc=0.8477 | Prec=0.8507 | Rec=0.8477 | F1=0.8479 | AUROC=0.9728 | PRAUC=0.9261
  ✅  Acc:0.8555±0.0072 | Precision:0.8577±0.0070  |Recall:0.8555±0.0072 |F1:0.8555±0.0071 | AUROC:0.9767±0.0029 | PRAUC:0.9391±0.0078 | MCC:0.7916 | Composite:0.9238

  ▶ [7/16] hidden_units=(64, 32) | dropout=0.3 | learning_rate=0.0001 | batch_size=32 | epochs=100
    F1 → Acc=0.7459 | Prec=0.7431 | Rec=0.7459 | F1=0.7404 | AUROC=0.9356 | PRAUC=0.8471
    F2 → Acc=0.7671 | Prec=0.7660 | Rec=0.7671 | F1=0.7636 | AUROC=0.9460 | PRAUC=0.8679
    F3 → Acc=0.7791 | Prec=0.7800 | Rec=0.7791 | F1=0.7745 | AUROC=0.9527 | PRAUC=0.8806
    F4 → Acc=0.7695 | Prec=0.7680 | Rec=0.7695 | F1=0.7644 | AUROC=0.9496 | PRAUC=0.8716
    F5 → Acc=0.7785 | Prec=0.7796 | Rec=0.7785 | F1=0.7757 | AUROC=0.9446 | PRAUC=0.8608
  ✅  Acc:0.7680±0.0120 | Precision:0.7673±0.0134  |Recall:0.7680±0.0120 |F1:0.7637±0.0127 | AUROC:0.9457±0.0058 | PRAUC:0.8656±0.0112 | MCC:0.6605 | Composite:0.8598

  ▶ [8/16] hidden_units=(64, 32) | dropout=0.3 | learning_rate=0.0001 | batch_size=64 | epochs=100
    F1 → Acc=0.7426 | Prec=0.7412 | Rec=0.7426 | F1=0.7356 | AUROC=0.9310 | PRAUC=0.8381
    F2 → Acc=0.7531 | Prec=0.7520 | Rec=0.7531 | F1=0.7466 | AUROC=0.9401 | PRAUC=0.8556
    F3 → Acc=0.7656 | Prec=0.7663 | Rec=0.7656 | F1=0.7566 | AUROC=0.9464 | PRAUC=0.8659
    F4 → Acc=0.7651 | Prec=0.7647 | Rec=0.7651 | F1=0.7570 | AUROC=0.9434 | PRAUC=0.8589
    F5 → Acc=0.7540 | Prec=0.7576 | Rec=0.7540 | F1=0.7474 | AUROC=0.9400 | PRAUC=0.8493
  ✅  Acc:0.7561±0.0086 | Precision:0.7564±0.0091  |Recall:0.7561±0.0086 |F1:0.7486±0.0079 | AUROC:0.9402±0.0052 | PRAUC:0.8536±0.0094 | MCC:0.6417 | Composite:0.8499

  ▶ [9/16] hidden_units=(128, 64, 32) | dropout=0.1 | learning_rate=0.001 | batch_size=32 | epochs=100
    F1 → Acc=0.8895 | Prec=0.8919 | Rec=0.8895 | F1=0.8903 | AUROC=0.9877 | PRAUC=0.9667
    F2 → Acc=0.8948 | Prec=0.8969 | Rec=0.8948 | F1=0.8955 | AUROC=0.9886 | PRAUC=0.9677
    F3 → Acc=0.9059 | Prec=0.9071 | Rec=0.9059 | F1=0.9063 | AUROC=0.9898 | PRAUC=0.9712
    F4 → Acc=0.8939 | Prec=0.8941 | Rec=0.8939 | F1=0.8939 | AUROC=0.9885 | PRAUC=0.9681
    F5 → Acc=0.8823 | Prec=0.8831 | Rec=0.8823 | F1=0.8825 | AUROC=0.9860 | PRAUC=0.9612
  ✅  Acc:0.8933±0.0077 | Precision:0.8946±0.0078  |Recall:0.8933±0.0077 |F1:0.8937±0.0077 | AUROC:0.9881±0.0013 | PRAUC:0.9670±0.0032 | MCC:0.8469 | Composite:0.9495

  ▶ [10/16] hidden_units=(128, 64, 32) | dropout=0.1 | learning_rate=0.001 | batch_size=64 | epochs=100
    F1 → Acc=0.8972 | Prec=0.8998 | Rec=0.8972 | F1=0.8980 | AUROC=0.9894 | PRAUC=0.9698
    F2 → Acc=0.9044 | Prec=0.9050 | Rec=0.9044 | F1=0.9046 | AUROC=0.9899 | PRAUC=0.9720
    F3 → Acc=0.9116 | Prec=0.9126 | Rec=0.9116 | F1=0.9120 | AUROC=0.9907 | PRAUC=0.9731
    F4 → Acc=0.8982 | Prec=0.8986 | Rec=0.8982 | F1=0.8983 | AUROC=0.9896 | PRAUC=0.9711
    F5 → Acc=0.8904 | Prec=0.8910 | Rec=0.8904 | F1=0.8904 | AUROC=0.9879 | PRAUC=0.9656
  ✅  Acc:0.9004±0.0072 | Precision:0.9014±0.0072  |Recall:0.9004±0.0072 |F1:0.9007±0.0072 | AUROC:0.9895±0.0009 | PRAUC:0.9703±0.0026 | MCC:0.8569 | Composite:0.9534

  ▶ [11/16] hidden_units=(128, 64, 32) | dropout=0.1 | learning_rate=0.0001 | batch_size=32 | epochs=100
    F1 → Acc=0.8521 | Prec=0.8542 | Rec=0.8521 | F1=0.8527 | AUROC=0.9791 | PRAUC=0.9448
    F2 → Acc=0.8525 | Prec=0.8542 | Rec=0.8525 | F1=0.8526 | AUROC=0.9797 | PRAUC=0.9446
    F3 → Acc=0.8722 | Prec=0.8729 | Rec=0.8722 | F1=0.8725 | AUROC=0.9832 | PRAUC=0.9521
    F4 → Acc=0.8631 | Prec=0.8657 | Rec=0.8631 | F1=0.8640 | AUROC=0.9823 | PRAUC=0.9517
    F5 → Acc=0.8563 | Prec=0.8593 | Rec=0.8563 | F1=0.8572 | AUROC=0.9784 | PRAUC=0.9411
  ✅  Acc:0.8593±0.0076 | Precision:0.8613±0.0072  |Recall:0.8593±0.0076 |F1:0.8598±0.0076 | AUROC:0.9805±0.0019 | PRAUC:0.9469±0.0043 | MCC:0.7980 | Composite:0.9289

  ▶ [12/16] hidden_units=(128, 64, 32) | dropout=0.1 | learning_rate=0.0001 | batch_size=64 | epochs=100
    F1 → Acc=0.8482 | Prec=0.8505 | Rec=0.8482 | F1=0.8486 | AUROC=0.9787 | PRAUC=0.9437
    F2 → Acc=0.8559 | Prec=0.8580 | Rec=0.8559 | F1=0.8561 | AUROC=0.9798 | PRAUC=0.9440
    F3 → Acc=0.8751 | Prec=0.8770 | Rec=0.8751 | F1=0.8756 | AUROC=0.9832 | PRAUC=0.9522
    F4 → Acc=0.8588 | Prec=0.8608 | Rec=0.8588 | F1=0.8595 | AUROC=0.9811 | PRAUC=0.9490
    F5 → Acc=0.8501 | Prec=0.8513 | Rec=0.8501 | F1=0.8505 | AUROC=0.9775 | PRAUC=0.9387
  ✅  Acc:0.8576±0.0095 | Precision:0.8595±0.0096  |Recall:0.8576±0.0095 |F1:0.8581±0.0096 | AUROC:0.9801±0.0020 | PRAUC:0.9455±0.0047 | MCC:0.7955 | Composite:0.9277

  ▶ [13/16] hidden_units=(128, 64, 32) | dropout=0.3 | learning_rate=0.001 | batch_size=32 | epochs=100
    F1 → Acc=0.8588 | Prec=0.8608 | Rec=0.8588 | F1=0.8588 | AUROC=0.9810 | PRAUC=0.9497
    F2 → Acc=0.8641 | Prec=0.8660 | Rec=0.8641 | F1=0.8647 | AUROC=0.9830 | PRAUC=0.9531
    F3 → Acc=0.8703 | Prec=0.8749 | Rec=0.8703 | F1=0.8715 | AUROC=0.9833 | PRAUC=0.9536
    F4 → Acc=0.8727 | Prec=0.8749 | Rec=0.8727 | F1=0.8733 | AUROC=0.9844 | PRAUC=0.9581
    F5 → Acc=0.8626 | Prec=0.8680 | Rec=0.8626 | F1=0.8631 | AUROC=0.9804 | PRAUC=0.9470
  ✅  Acc:0.8657±0.0051 | Precision:0.8689±0.0054  |Recall:0.8657±0.0051 |F1:0.8663±0.0054 | AUROC:0.9824±0.0015 | PRAUC:0.9523±0.0038 | MCC:0.8072 | Composite:0.9335

  ▶ [14/16] hidden_units=(128, 64, 32) | dropout=0.3 | learning_rate=0.001 | batch_size=64 | epochs=100
    F1 → Acc=0.8722 | Prec=0.8753 | Rec=0.8722 | F1=0.8730 | AUROC=0.9829 | PRAUC=0.9538
    F2 → Acc=0.8665 | Prec=0.8694 | Rec=0.8665 | F1=0.8668 | AUROC=0.9840 | PRAUC=0.9554
    F3 → Acc=0.8852 | Prec=0.8873 | Rec=0.8852 | F1=0.8857 | AUROC=0.9855 | PRAUC=0.9592
    F4 → Acc=0.8622 | Prec=0.8625 | Rec=0.8622 | F1=0.8623 | AUROC=0.9832 | PRAUC=0.9557
    F5 → Acc=0.8611 | Prec=0.8621 | Rec=0.8611 | F1=0.8613 | AUROC=0.9809 | PRAUC=0.9478
  ✅  Acc:0.8694±0.0088 | Precision:0.8713±0.0094  |Recall:0.8694±0.0088 |F1:0.8698±0.0089 | AUROC:0.9833±0.0015 | PRAUC:0.9544±0.0037 | MCC:0.8123 | Composite:0.9357

  ▶ [15/16] hidden_units=(128, 64, 32) | dropout=0.3 | learning_rate=0.0001 | batch_size=32 | epochs=100
    F1 → Acc=0.7930 | Prec=0.7936 | Rec=0.7930 | F1=0.7911 | AUROC=0.9562 | PRAUC=0.8912
    F2 → Acc=0.8180 | Prec=0.8223 | Rec=0.8180 | F1=0.8175 | AUROC=0.9625 | PRAUC=0.9065
    F3 → Acc=0.8208 | Prec=0.8204 | Rec=0.8208 | F1=0.8188 | AUROC=0.9681 | PRAUC=0.9160
    F4 → Acc=0.8108 | Prec=0.8109 | Rec=0.8108 | F1=0.8093 | AUROC=0.9649 | PRAUC=0.9102
    F5 → Acc=0.8150 | Prec=0.8180 | Rec=0.8150 | F1=0.8147 | AUROC=0.9624 | PRAUC=0.9028
  ✅  Acc:0.8115±0.0098 | Precision:0.8130±0.0104  |Recall:0.8115±0.0098 |F1:0.8103±0.0101 | AUROC:0.9628±0.0039 | PRAUC:0.9053±0.0083 | MCC:0.7284 | Composite:0.8932

  ▶ [16/16] hidden_units=(128, 64, 32) | dropout=0.3 | learning_rate=0.0001 | batch_size=64 | epochs=100
    F1 → Acc=0.7901 | Prec=0.7920 | Rec=0.7901 | F1=0.7864 | AUROC=0.9519 | PRAUC=0.8826
    F2 → Acc=0.7963 | Prec=0.7975 | Rec=0.7963 | F1=0.7924 | AUROC=0.9573 | PRAUC=0.8931
    F3 → Acc=0.8141 | Prec=0.8158 | Rec=0.8141 | F1=0.8109 | AUROC=0.9642 | PRAUC=0.9066
    F4 → Acc=0.8016 | Prec=0.8041 | Rec=0.8016 | F1=0.7960 | AUROC=0.9600 | PRAUC=0.9007
    F5 → Acc=0.7991 | Prec=0.8017 | Rec=0.7991 | F1=0.7974 | AUROC=0.9563 | PRAUC=0.8903
  ✅  Acc:0.8003±0.0079 | Precision:0.8022±0.0079  |Recall:0.8003±0.0079 |F1:0.7966±0.0081 | AUROC:0.9580±0.0041 | PRAUC:0.8947±0.0083 | MCC:0.7097 | Composite:0.8843

🏆 Best config : hidden_units=(128, 64, 32) | dropout=0.1 | learning_rate=0.001 | batch_size=64 | epochs=100
   Composite   : 0.953391964506813 (AUROC=0.9895±0.0009 | PRAUC=0.9703±0.0026 | Acc=0.9004±0.0072 |Prec=0.9014±0.0072 |Rec=0.9004±0.0072) |
✅ Saved: ./results/mlp.csv
✅ [MLP] recorded | Exec. time: 257.2s
