📝 Log: results\logs\gs\classical\all\svc_poly.log
🕒 Started: 2026-05-26T19:07:22
🔬 Search space: 3 C × 2 class_weight × 2 tol × 2 degree × 2 gamma × 2 coef0 =  96 configs × 5 folds = 480 fits
   Scoring criterion: (AUROC + PRAUC + Accuracy) / 3
♻️  Resumed checkpoint: results\checkpoints\gs\classical\all\svc_poly.pkl (6 configs done)
  ⏭️  [1/96] C=0.1 | class_weight=balanced | tol=0.1 | degree=1 | gamma=0.01 | coef0=0  (skip: sudah selesai)
  ⏭️  [2/96] C=0.1 | class_weight=balanced | tol=0.1 | degree=1 | gamma=0.01 | coef0=3  (skip: sudah selesai)
  ⏭️  [3/96] C=0.1 | class_weight=balanced | tol=0.1 | degree=1 | gamma=0.5 | coef0=0  (skip: sudah selesai)
  ⏭️  [4/96] C=0.1 | class_weight=balanced | tol=0.1 | degree=1 | gamma=0.5 | coef0=3  (skip: sudah selesai)
  ⏭️  [5/96] C=0.1 | class_weight=balanced | tol=0.1 | degree=5 | gamma=0.01 | coef0=0  (skip: sudah selesai)
  ⏭️  [6/96] C=0.1 | class_weight=balanced | tol=0.1 | degree=5 | gamma=0.01 | coef0=3  (skip: sudah selesai)

  ▶ [7/96] C=0.1 | class_weight=balanced | tol=0.1 | degree=5 | gamma=0.5 | coef0=0
    F1 → Acc=0.6167 | Prec=0.7499 | Rec=0.6167 | F1=0.6232 | AUROC=0.8739 | PRAUC=0.7436
    F2 → Acc=0.6105 | Prec=0.7434 | Rec=0.6105 | F1=0.6181 | AUROC=0.8676 | PRAUC=0.7337
    F3 → Acc=0.6061 | Prec=0.7623 | Rec=0.6061 | F1=0.6128 | AUROC=0.8691 | PRAUC=0.7318
    F4 → Acc=0.6057 | Prec=0.7670 | Rec=0.6057 | F1=0.6115 | AUROC=0.8674 | PRAUC=0.7368
    F5 → Acc=0.5973 | Prec=0.7528 | Rec=0.5973 | F1=0.6031 | AUROC=0.8679 | PRAUC=0.7351
  ✅  Acc:0.6073±0.0064 | Precision:0.7551±0.0085  |Recall:0.6073±0.0064 |F1:0.6138±0.0068 | AUROC:0.8692±0.0024 | PRAUC:0.7362±0.0040 | MCC:0.5259 | Composite:0.7375

  ▶ [8/96] C=0.1 | class_weight=balanced | tol=0.1 | degree=5 | gamma=0.5 | coef0=3
    F1 → Acc=0.8694 | Prec=0.8861 | Rec=0.8694 | F1=0.8716 | AUROC=0.9813 | PRAUC=0.9506
    F2 → Acc=0.8727 | Prec=0.8923 | Rec=0.8727 | F1=0.8759 | AUROC=0.9823 | PRAUC=0.9553
    F3 → Acc=0.8746 | Prec=0.8897 | Rec=0.8746 | F1=0.8773 | AUROC=0.9833 | PRAUC=0.9556
    F4 → Acc=0.8646 | Prec=0.8858 | Rec=0.8646 | F1=0.8675 | AUROC=0.9839 | PRAUC=0.9579
    F5 → Acc=0.8650 | Prec=0.8822 | Rec=0.8650 | F1=0.8678 | AUROC=0.9801 | PRAUC=0.9478
  ✅  Acc:0.8692±0.0040 | Precision:0.8872±0.0035  |Recall:0.8692±0.0040 |F1:0.8720±0.0041 | AUROC:0.9822±0.0014 | PRAUC:0.9534±0.0037 | MCC:0.8209 | Composite:0.9350

  ▶ [9/96] C=0.1 | class_weight=balanced | tol=10 | degree=1 | gamma=0.01 | coef0=0
    F1 → Acc=0.4467 | Prec=0.1995 | Rec=0.4467 | F1=0.2758 | AUROC=0.5000 | PRAUC=0.3058
    F2 → Acc=0.4467 | Prec=0.1995 | Rec=0.4467 | F1=0.2758 | AUROC=0.5000 | PRAUC=0.3060
    F3 → Acc=0.4462 | Prec=0.1991 | Rec=0.4462 | F1=0.2753 | AUROC=0.5000 | PRAUC=0.3054
    F4 → Acc=0.4467 | Prec=0.1995 | Rec=0.4467 | F1=0.2758 | AUROC=0.5000 | PRAUC=0.3056
    F5 → Acc=0.4469 | Prec=0.1997 | Rec=0.4469 | F1=0.2761 | AUROC=0.5000 | PRAUC=0.3058
  ✅  Acc:0.4466±0.0002 | Precision:0.1995±0.0002  |Recall:0.4466±0.0002 |F1:0.2758±0.0002 | AUROC:0.5000±0.0000 | PRAUC:0.3057±0.0002 | MCC:0.0000 | Composite:0.4175

  ▶ [10/96] C=0.1 | class_weight=balanced | tol=10 | degree=1 | gamma=0.01 | coef0=3
    F1 → Acc=0.4467 | Prec=0.1995 | Rec=0.4467 | F1=0.2758 | AUROC=0.5000 | PRAUC=0.3058
    F2 → Acc=0.4467 | Prec=0.1995 | Rec=0.4467 | F1=0.2758 | AUROC=0.5000 | PRAUC=0.3060
    F3 → Acc=0.4462 | Prec=0.1991 | Rec=0.4462 | F1=0.2753 | AUROC=0.5000 | PRAUC=0.3054
    F4 → Acc=0.4467 | Prec=0.1995 | Rec=0.4467 | F1=0.2758 | AUROC=0.5000 | PRAUC=0.3056
    F5 → Acc=0.4469 | Prec=0.1997 | Rec=0.4469 | F1=0.2761 | AUROC=0.5000 | PRAUC=0.3058
  ✅  Acc:0.4466±0.0002 | Precision:0.1995±0.0002  |Recall:0.4466±0.0002 |F1:0.2758±0.0002 | AUROC:0.5000±0.0000 | PRAUC:0.3057±0.0002 | MCC:0.0000 | Composite:0.4175

  ▶ [11/96] C=0.1 | class_weight=balanced | tol=10 | degree=1 | gamma=0.5 | coef0=0
    F1 → Acc=0.4467 | Prec=0.1995 | Rec=0.4467 | F1=0.2758 | AUROC=0.5000 | PRAUC=0.3058
    F2 → Acc=0.4467 | Prec=0.1995 | Rec=0.4467 | F1=0.2758 | AUROC=0.5000 | PRAUC=0.3060
    F3 → Acc=0.4462 | Prec=0.1991 | Rec=0.4462 | F1=0.2753 | AUROC=0.5000 | PRAUC=0.3054
    F4 → Acc=0.4467 | Prec=0.1995 | Rec=0.4467 | F1=0.2758 | AUROC=0.5000 | PRAUC=0.3056
    F5 → Acc=0.4469 | Prec=0.1997 | Rec=0.4469 | F1=0.2761 | AUROC=0.5000 | PRAUC=0.3058
  ✅  Acc:0.4466±0.0002 | Precision:0.1995±0.0002  |Recall:0.4466±0.0002 |F1:0.2758±0.0002 | AUROC:0.5000±0.0000 | PRAUC:0.3057±0.0002 | MCC:0.0000 | Composite:0.4175

  ▶ [12/96] C=0.1 | class_weight=balanced | tol=10 | degree=1 | gamma=0.5 | coef0=3
    F1 → Acc=0.4467 | Prec=0.1995 | Rec=0.4467 | F1=0.2758 | AUROC=0.5000 | PRAUC=0.3058
    F2 → Acc=0.4467 | Prec=0.1995 | Rec=0.4467 | F1=0.2758 | AUROC=0.5000 | PRAUC=0.3060
    F3 → Acc=0.4462 | Prec=0.1991 | Rec=0.4462 | F1=0.2753 | AUROC=0.5000 | PRAUC=0.3054
    F4 → Acc=0.4467 | Prec=0.1995 | Rec=0.4467 | F1=0.2758 | AUROC=0.5000 | PRAUC=0.3056
    F5 → Acc=0.4469 | Prec=0.1997 | Rec=0.4469 | F1=0.2761 | AUROC=0.5000 | PRAUC=0.3058
  ✅  Acc:0.4466±0.0002 | Precision:0.1995±0.0002  |Recall:0.4466±0.0002 |F1:0.2758±0.0002 | AUROC:0.5000±0.0000 | PRAUC:0.3057±0.0002 | MCC:0.0000 | Composite:0.4175

  ▶ [13/96] C=0.1 | class_weight=balanced | tol=10 | degree=5 | gamma=0.01 | coef0=0
    F1 → Acc=0.4467 | Prec=0.1995 | Rec=0.4467 | F1=0.2758 | AUROC=0.5000 | PRAUC=0.3058
    F2 → Acc=0.4467 | Prec=0.1995 | Rec=0.4467 | F1=0.2758 | AUROC=0.5000 | PRAUC=0.3060
    F3 → Acc=0.4462 | Prec=0.1991 | Rec=0.4462 | F1=0.2753 | AUROC=0.5000 | PRAUC=0.3054
    F4 → Acc=0.4467 | Prec=0.1995 | Rec=0.4467 | F1=0.2758 | AUROC=0.5000 | PRAUC=0.3056
    F5 → Acc=0.4469 | Prec=0.1997 | Rec=0.4469 | F1=0.2761 | AUROC=0.5000 | PRAUC=0.3058
  ✅  Acc:0.4466±0.0002 | Precision:0.1995±0.0002  |Recall:0.4466±0.0002 |F1:0.2758±0.0002 | AUROC:0.5000±0.0000 | PRAUC:0.3057±0.0002 | MCC:0.0000 | Composite:0.4175

  ▶ [14/96] C=0.1 | class_weight=balanced | tol=10 | degree=5 | gamma=0.01 | coef0=3
    F1 → Acc=0.4467 | Prec=0.1995 | Rec=0.4467 | F1=0.2758 | AUROC=0.5000 | PRAUC=0.3058
    F2 → Acc=0.4467 | Prec=0.1995 | Rec=0.4467 | F1=0.2758 | AUROC=0.5000 | PRAUC=0.3060
    F3 → Acc=0.4462 | Prec=0.1991 | Rec=0.4462 | F1=0.2753 | AUROC=0.5000 | PRAUC=0.3054
    F4 → Acc=0.4467 | Prec=0.1995 | Rec=0.4467 | F1=0.2758 | AUROC=0.5000 | PRAUC=0.3056
    F5 → Acc=0.4469 | Prec=0.1997 | Rec=0.4469 | F1=0.2761 | AUROC=0.5000 | PRAUC=0.3058
  ✅  Acc:0.4466±0.0002 | Precision:0.1995±0.0002  |Recall:0.4466±0.0002 |F1:0.2758±0.0002 | AUROC:0.5000±0.0000 | PRAUC:0.3057±0.0002 | MCC:0.0000 | Composite:0.4175

  ▶ [15/96] C=0.1 | class_weight=balanced | tol=10 | degree=5 | gamma=0.5 | coef0=0
    F1 → Acc=0.4467 | Prec=0.1995 | Rec=0.4467 | F1=0.2758 | AUROC=0.5000 | PRAUC=0.3058
    F2 → Acc=0.4467 | Prec=0.1995 | Rec=0.4467 | F1=0.2758 | AUROC=0.5000 | PRAUC=0.3060
    F3 → Acc=0.4462 | Prec=0.1991 | Rec=0.4462 | F1=0.2753 | AUROC=0.5000 | PRAUC=0.3054
    F4 → Acc=0.4467 | Prec=0.1995 | Rec=0.4467 | F1=0.2758 | AUROC=0.5000 | PRAUC=0.3056
    F5 → Acc=0.4469 | Prec=0.1997 | Rec=0.4469 | F1=0.2761 | AUROC=0.5000 | PRAUC=0.3058
  ✅  Acc:0.4466±0.0002 | Precision:0.1995±0.0002  |Recall:0.4466±0.0002 |F1:0.2758±0.0002 | AUROC:0.5000±0.0000 | PRAUC:0.3057±0.0002 | MCC:0.0000 | Composite:0.4175

  ▶ [16/96] C=0.1 | class_weight=balanced | tol=10 | degree=5 | gamma=0.5 | coef0=3
    F1 → Acc=0.4467 | Prec=0.1995 | Rec=0.4467 | F1=0.2758 | AUROC=0.5000 | PRAUC=0.3058
    F2 → Acc=0.4467 | Prec=0.1995 | Rec=0.4467 | F1=0.2758 | AUROC=0.5000 | PRAUC=0.3060
    F3 → Acc=0.4462 | Prec=0.1991 | Rec=0.4462 | F1=0.2753 | AUROC=0.5000 | PRAUC=0.3054
    F4 → Acc=0.4467 | Prec=0.1995 | Rec=0.4467 | F1=0.2758 | AUROC=0.5000 | PRAUC=0.3056
    F5 → Acc=0.4469 | Prec=0.1997 | Rec=0.4469 | F1=0.2761 | AUROC=0.5000 | PRAUC=0.3058
  ✅  Acc:0.4466±0.0002 | Precision:0.1995±0.0002  |Recall:0.4466±0.0002 |F1:0.2758±0.0002 | AUROC:0.5000±0.0000 | PRAUC:0.3057±0.0002 | MCC:0.0000 | Composite:0.4175

  ▶ [17/96] C=0.1 | class_weight=None | tol=0.1 | degree=1 | gamma=0.01 | coef0=0
    F1 → Acc=0.4467 | Prec=0.1995 | Rec=0.4467 | F1=0.2758 | AUROC=0.5874 | PRAUC=0.3535
    F2 → Acc=0.4467 | Prec=0.1995 | Rec=0.4467 | F1=0.2758 | AUROC=0.6505 | PRAUC=0.4224
    F3 → Acc=0.4582 | Prec=0.3920 | Rec=0.4582 | F1=0.3039 | AUROC=0.6189 | PRAUC=0.3663
    F4 → Acc=0.4467 | Prec=0.1995 | Rec=0.4467 | F1=0.2758 | AUROC=0.6570 | PRAUC=0.4125
    F5 → Acc=0.4531 | Prec=0.3283 | Rec=0.4531 | F1=0.3112 | AUROC=0.6609 | PRAUC=0.4258
  ✅  Acc:0.4503±0.0047 | Precision:0.2638±0.0812  |Recall:0.4503±0.0047 |F1:0.2885±0.0157 | AUROC:0.6349±0.0280 | PRAUC:0.3961±0.0302 | MCC:0.0497 | Composite:0.4938

  ▶ [18/96] C=0.1 | class_weight=None | tol=0.1 | degree=1 | gamma=0.01 | coef0=3
    F1 → Acc=0.4467 | Prec=0.1995 | Rec=0.4467 | F1=0.2758 | AUROC=0.5862 | PRAUC=0.3517
    F2 → Acc=0.4467 | Prec=0.1995 | Rec=0.4467 | F1=0.2758 | AUROC=0.6532 | PRAUC=0.4255
    F3 → Acc=0.4582 | Prec=0.3920 | Rec=0.4582 | F1=0.3039 | AUROC=0.6176 | PRAUC=0.3625
    F4 → Acc=0.4467 | Prec=0.1995 | Rec=0.4467 | F1=0.2758 | AUROC=0.6620 | PRAUC=0.4163
    F5 → Acc=0.4541 | Prec=0.3254 | Rec=0.4541 | F1=0.3167 | AUROC=0.6603 | PRAUC=0.4253
  ✅  Acc:0.4505±0.0048 | Precision:0.2632±0.0808  |Recall:0.4505±0.0048 |F1:0.2896±0.0174 | AUROC:0.6359±0.0296 | PRAUC:0.3963±0.0323 | MCC:0.0507 | Composite:0.4942

  ▶ [19/96] C=0.1 | class_weight=None | tol=0.1 | degree=1 | gamma=0.5 | coef0=0
    F1 → Acc=0.4524 | Prec=0.2926 | Rec=0.4524 | F1=0.3380 | AUROC=0.6959 | PRAUC=0.4599
    F2 → Acc=0.4500 | Prec=0.2851 | Rec=0.4500 | F1=0.3328 | AUROC=0.6891 | PRAUC=0.4673
    F3 → Acc=0.4457 | Prec=0.2803 | Rec=0.4457 | F1=0.3289 | AUROC=0.6689 | PRAUC=0.4390
    F4 → Acc=0.4510 | Prec=0.2890 | Rec=0.4510 | F1=0.3324 | AUROC=0.6862 | PRAUC=0.4514
    F5 → Acc=0.4435 | Prec=0.2817 | Rec=0.4435 | F1=0.3285 | AUROC=0.6753 | PRAUC=0.4493
  ✅  Acc:0.4486±0.0034 | Precision:0.2858±0.0046  |Recall:0.4486±0.0034 |F1:0.3321±0.0034 | AUROC:0.6831±0.0097 | PRAUC:0.4534±0.0096 | MCC:0.0795 | Composite:0.5283

  ▶ [20/96] C=0.1 | class_weight=None | tol=0.1 | degree=1 | gamma=0.5 | coef0=3
    F1 → Acc=0.4524 | Prec=0.2926 | Rec=0.4524 | F1=0.3380 | AUROC=0.6954 | PRAUC=0.4581
    F2 → Acc=0.4500 | Prec=0.2851 | Rec=0.4500 | F1=0.3328 | AUROC=0.6887 | PRAUC=0.4674
    F3 → Acc=0.4452 | Prec=0.2799 | Rec=0.4452 | F1=0.3286 | AUROC=0.6718 | PRAUC=0.4380
    F4 → Acc=0.4510 | Prec=0.2886 | Rec=0.4510 | F1=0.3324 | AUROC=0.6865 | PRAUC=0.4512
    F5 → Acc=0.4435 | Prec=0.2814 | Rec=0.4435 | F1=0.3285 | AUROC=0.6745 | PRAUC=0.4480
  ✅  Acc:0.4485±0.0034 | Precision:0.2855±0.0047  |Recall:0.4485±0.0034 |F1:0.3321±0.0035 | AUROC:0.6834±0.0089 | PRAUC:0.4526±0.0099 | MCC:0.0794 | Composite:0.5281

  ▶ [21/96] C=0.1 | class_weight=None | tol=0.1 | degree=5 | gamma=0.01 | coef0=0
    F1 → Acc=0.4467 | Prec=0.1995 | Rec=0.4467 | F1=0.2758 | AUROC=0.6111 | PRAUC=0.4039
    F2 → Acc=0.4467 | Prec=0.1995 | Rec=0.4467 | F1=0.2758 | AUROC=0.5947 | PRAUC=0.3900
    F3 → Acc=0.4462 | Prec=0.1991 | Rec=0.4462 | F1=0.2753 | AUROC=0.5940 | PRAUC=0.3909
    F4 → Acc=0.4467 | Prec=0.1995 | Rec=0.4467 | F1=0.2758 | AUROC=0.6152 | PRAUC=0.4001
    F5 → Acc=0.4469 | Prec=0.1997 | Rec=0.4469 | F1=0.2761 | AUROC=0.5573 | PRAUC=0.3626
  ✅  Acc:0.4466±0.0002 | Precision:0.1995±0.0002  |Recall:0.4466±0.0002 |F1:0.2758±0.0002 | AUROC:0.5945±0.0204 | PRAUC:0.3895±0.0145 | MCC:0.0000 | Composite:0.4769

  ▶ [22/96] C=0.1 | class_weight=None | tol=0.1 | degree=5 | gamma=0.01 | coef0=3
    F1 → Acc=0.6710 | Prec=0.6770 | Rec=0.6710 | F1=0.6588 | AUROC=0.8641 | PRAUC=0.7359
    F2 → Acc=0.6695 | Prec=0.6683 | Rec=0.6695 | F1=0.6564 | AUROC=0.8723 | PRAUC=0.7465
    F3 → Acc=0.6806 | Prec=0.6877 | Rec=0.6806 | F1=0.6671 | AUROC=0.8705 | PRAUC=0.7436
    F4 → Acc=0.6720 | Prec=0.6754 | Rec=0.6720 | F1=0.6590 | AUROC=0.8618 | PRAUC=0.7249
    F5 → Acc=0.6718 | Prec=0.6763 | Rec=0.6718 | F1=0.6610 | AUROC=0.8588 | PRAUC=0.7225
  ✅  Acc:0.6730±0.0039 | Precision:0.6770±0.0062  |Recall:0.6730±0.0039 |F1:0.6605±0.0036 | AUROC:0.8655±0.0051 | PRAUC:0.7347±0.0096 | MCC:0.5145 | Composite:0.7577

  ▶ [23/96] C=0.1 | class_weight=None | tol=0.1 | degree=5 | gamma=0.5 | coef0=0
    F1 → Acc=0.6551 | Prec=0.6984 | Rec=0.6551 | F1=0.6286 | AUROC=0.8666 | PRAUC=0.7484
    F2 → Acc=0.6499 | Prec=0.6938 | Rec=0.6499 | F1=0.6233 | AUROC=0.8593 | PRAUC=0.7354
    F3 → Acc=0.6532 | Prec=0.6948 | Rec=0.6532 | F1=0.6248 | AUROC=0.8572 | PRAUC=0.7311
    F4 → Acc=0.6575 | Prec=0.7050 | Rec=0.6575 | F1=0.6284 | AUROC=0.8612 | PRAUC=0.7438
    F5 → Acc=0.6550 | Prec=0.7066 | Rec=0.6550 | F1=0.6243 | AUROC=0.8563 | PRAUC=0.7276
  ✅  Acc:0.6541±0.0025 | Precision:0.6997±0.0052  |Recall:0.6541±0.0025 |F1:0.6259±0.0022 | AUROC:0.8601±0.0037 | PRAUC:0.7373±0.0078 | MCC:0.4979 | Composite:0.7505

  ▶ [24/96] C=0.1 | class_weight=None | tol=0.1 | degree=5 | gamma=0.5 | coef0=3
    F1 → Acc=0.8742 | Prec=0.8771 | Rec=0.8742 | F1=0.8749 | AUROC=0.9805 | PRAUC=0.9510
    F2 → Acc=0.8876 | Prec=0.8917 | Rec=0.8876 | F1=0.8883 | AUROC=0.9828 | PRAUC=0.9570
    F3 → Acc=0.8953 | Prec=0.8966 | Rec=0.8953 | F1=0.8956 | AUROC=0.9846 | PRAUC=0.9600
    F4 → Acc=0.8876 | Prec=0.8901 | Rec=0.8876 | F1=0.8883 | AUROC=0.9838 | PRAUC=0.9583
    F5 → Acc=0.8602 | Prec=0.8644 | Rec=0.8602 | F1=0.8611 | AUROC=0.9796 | PRAUC=0.9475
  ✅  Acc:0.8810±0.0124 | Precision:0.8840±0.0117  |Recall:0.8810±0.0124 |F1:0.8816±0.0122 | AUROC:0.9823±0.0019 | PRAUC:0.9548±0.0047 | MCC:0.8295 | Composite:0.9393

  ▶ [25/96] C=0.1 | class_weight=None | tol=10 | degree=1 | gamma=0.01 | coef0=0
    F1 → Acc=0.4467 | Prec=0.1995 | Rec=0.4467 | F1=0.2758 | AUROC=0.5000 | PRAUC=0.3058
    F2 → Acc=0.4467 | Prec=0.1995 | Rec=0.4467 | F1=0.2758 | AUROC=0.5000 | PRAUC=0.3060
    F3 → Acc=0.4462 | Prec=0.1991 | Rec=0.4462 | F1=0.2753 | AUROC=0.5000 | PRAUC=0.3054
    F4 → Acc=0.4467 | Prec=0.1995 | Rec=0.4467 | F1=0.2758 | AUROC=0.5000 | PRAUC=0.3056
    F5 → Acc=0.4469 | Prec=0.1997 | Rec=0.4469 | F1=0.2761 | AUROC=0.5000 | PRAUC=0.3058
  ✅  Acc:0.4466±0.0002 | Precision:0.1995±0.0002  |Recall:0.4466±0.0002 |F1:0.2758±0.0002 | AUROC:0.5000±0.0000 | PRAUC:0.3057±0.0002 | MCC:0.0000 | Composite:0.4175

  ▶ [26/96] C=0.1 | class_weight=None | tol=10 | degree=1 | gamma=0.01 | coef0=3
    F1 → Acc=0.4467 | Prec=0.1995 | Rec=0.4467 | F1=0.2758 | AUROC=0.5000 | PRAUC=0.3058
    F2 → Acc=0.4467 | Prec=0.1995 | Rec=0.4467 | F1=0.2758 | AUROC=0.5000 | PRAUC=0.3060
    F3 → Acc=0.4462 | Prec=0.1991 | Rec=0.4462 | F1=0.2753 | AUROC=0.5000 | PRAUC=0.3054
    F4 → Acc=0.4467 | Prec=0.1995 | Rec=0.4467 | F1=0.2758 | AUROC=0.5000 | PRAUC=0.3056
    F5 → Acc=0.4469 | Prec=0.1997 | Rec=0.4469 | F1=0.2761 | AUROC=0.5000 | PRAUC=0.3058
  ✅  Acc:0.4466±0.0002 | Precision:0.1995±0.0002  |Recall:0.4466±0.0002 |F1:0.2758±0.0002 | AUROC:0.5000±0.0000 | PRAUC:0.3057±0.0002 | MCC:0.0000 | Composite:0.4175

  ▶ [27/96] C=0.1 | class_weight=None | tol=10 | degree=1 | gamma=0.5 | coef0=0
    F1 → Acc=0.4467 | Prec=0.1995 | Rec=0.4467 | F1=0.2758 | AUROC=0.5000 | PRAUC=0.3058
    F2 → Acc=0.4467 | Prec=0.1995 | Rec=0.4467 | F1=0.2758 | AUROC=0.5000 | PRAUC=0.3060
    F3 → Acc=0.4462 | Prec=0.1991 | Rec=0.4462 | F1=0.2753 | AUROC=0.5000 | PRAUC=0.3054
    F4 → Acc=0.4467 | Prec=0.1995 | Rec=0.4467 | F1=0.2758 | AUROC=0.5000 | PRAUC=0.3056
    F5 → Acc=0.4469 | Prec=0.1997 | Rec=0.4469 | F1=0.2761 | AUROC=0.5000 | PRAUC=0.3058
  ✅  Acc:0.4466±0.0002 | Precision:0.1995±0.0002  |Recall:0.4466±0.0002 |F1:0.2758±0.0002 | AUROC:0.5000±0.0000 | PRAUC:0.3057±0.0002 | MCC:0.0000 | Composite:0.4175

  ▶ [28/96] C=0.1 | class_weight=None | tol=10 | degree=1 | gamma=0.5 | coef0=3
    F1 → Acc=0.4467 | Prec=0.1995 | Rec=0.4467 | F1=0.2758 | AUROC=0.5000 | PRAUC=0.3058
    F2 → Acc=0.4467 | Prec=0.1995 | Rec=0.4467 | F1=0.2758 | AUROC=0.5000 | PRAUC=0.3060
    F3 → Acc=0.4462 | Prec=0.1991 | Rec=0.4462 | F1=0.2753 | AUROC=0.5000 | PRAUC=0.3054
    F4 → Acc=0.4467 | Prec=0.1995 | Rec=0.4467 | F1=0.2758 | AUROC=0.5000 | PRAUC=0.3056
    F5 → Acc=0.4469 | Prec=0.1997 | Rec=0.4469 | F1=0.2761 | AUROC=0.5000 | PRAUC=0.3058
  ✅  Acc:0.4466±0.0002 | Precision:0.1995±0.0002  |Recall:0.4466±0.0002 |F1:0.2758±0.0002 | AUROC:0.5000±0.0000 | PRAUC:0.3057±0.0002 | MCC:0.0000 | Composite:0.4175

  ▶ [29/96] C=0.1 | class_weight=None | tol=10 | degree=5 | gamma=0.01 | coef0=0
    F1 → Acc=0.4467 | Prec=0.1995 | Rec=0.4467 | F1=0.2758 | AUROC=0.5000 | PRAUC=0.3058
    F2 → Acc=0.4467 | Prec=0.1995 | Rec=0.4467 | F1=0.2758 | AUROC=0.5000 | PRAUC=0.3060
    F3 → Acc=0.4462 | Prec=0.1991 | Rec=0.4462 | F1=0.2753 | AUROC=0.5000 | PRAUC=0.3054
    F4 → Acc=0.4467 | Prec=0.1995 | Rec=0.4467 | F1=0.2758 | AUROC=0.5000 | PRAUC=0.3056
    F5 → Acc=0.4469 | Prec=0.1997 | Rec=0.4469 | F1=0.2761 | AUROC=0.5000 | PRAUC=0.3058
  ✅  Acc:0.4466±0.0002 | Precision:0.1995±0.0002  |Recall:0.4466±0.0002 |F1:0.2758±0.0002 | AUROC:0.5000±0.0000 | PRAUC:0.3057±0.0002 | MCC:0.0000 | Composite:0.4175

  ▶ [30/96] C=0.1 | class_weight=None | tol=10 | degree=5 | gamma=0.01 | coef0=3
    F1 → Acc=0.4467 | Prec=0.1995 | Rec=0.4467 | F1=0.2758 | AUROC=0.5000 | PRAUC=0.3058
    F2 → Acc=0.4467 | Prec=0.1995 | Rec=0.4467 | F1=0.2758 | AUROC=0.5000 | PRAUC=0.3060
    F3 → Acc=0.4462 | Prec=0.1991 | Rec=0.4462 | F1=0.2753 | AUROC=0.5000 | PRAUC=0.3054
    F4 → Acc=0.4467 | Prec=0.1995 | Rec=0.4467 | F1=0.2758 | AUROC=0.5000 | PRAUC=0.3056
    F5 → Acc=0.4469 | Prec=0.1997 | Rec=0.4469 | F1=0.2761 | AUROC=0.5000 | PRAUC=0.3058
  ✅  Acc:0.4466±0.0002 | Precision:0.1995±0.0002  |Recall:0.4466±0.0002 |F1:0.2758±0.0002 | AUROC:0.5000±0.0000 | PRAUC:0.3057±0.0002 | MCC:0.0000 | Composite:0.4175

  ▶ [31/96] C=0.1 | class_weight=None | tol=10 | degree=5 | gamma=0.5 | coef0=0
    F1 → Acc=0.4467 | Prec=0.1995 | Rec=0.4467 | F1=0.2758 | AUROC=0.5000 | PRAUC=0.3058
    F2 → Acc=0.4467 | Prec=0.1995 | Rec=0.4467 | F1=0.2758 | AUROC=0.5000 | PRAUC=0.3060
    F3 → Acc=0.4462 | Prec=0.1991 | Rec=0.4462 | F1=0.2753 | AUROC=0.5000 | PRAUC=0.3054
    F4 → Acc=0.4467 | Prec=0.1995 | Rec=0.4467 | F1=0.2758 | AUROC=0.5000 | PRAUC=0.3056
    F5 → Acc=0.4469 | Prec=0.1997 | Rec=0.4469 | F1=0.2761 | AUROC=0.5000 | PRAUC=0.3058
  ✅  Acc:0.4466±0.0002 | Precision:0.1995±0.0002  |Recall:0.4466±0.0002 |F1:0.2758±0.0002 | AUROC:0.5000±0.0000 | PRAUC:0.3057±0.0002 | MCC:0.0000 | Composite:0.4175

  ▶ [32/96] C=0.1 | class_weight=None | tol=10 | degree=5 | gamma=0.5 | coef0=3
    F1 → Acc=0.4467 | Prec=0.1995 | Rec=0.4467 | F1=0.2758 | AUROC=0.5000 | PRAUC=0.3058
    F2 → Acc=0.4467 | Prec=0.1995 | Rec=0.4467 | F1=0.2758 | AUROC=0.5000 | PRAUC=0.3060
    F3 → Acc=0.4462 | Prec=0.1991 | Rec=0.4462 | F1=0.2753 | AUROC=0.5000 | PRAUC=0.3054
    F4 → Acc=0.4467 | Prec=0.1995 | Rec=0.4467 | F1=0.2758 | AUROC=0.5000 | PRAUC=0.3056
    F5 → Acc=0.4469 | Prec=0.1997 | Rec=0.4469 | F1=0.2761 | AUROC=0.5000 | PRAUC=0.3058
  ✅  Acc:0.4466±0.0002 | Precision:0.1995±0.0002  |Recall:0.4466±0.0002 |F1:0.2758±0.0002 | AUROC:0.5000±0.0000 | PRAUC:0.3057±0.0002 | MCC:0.0000 | Composite:0.4175

  ▶ [33/96] C=1 | class_weight=balanced | tol=0.1 | degree=1 | gamma=0.01 | coef0=0
    F1 → Acc=0.3559 | Prec=0.4762 | Rec=0.3559 | F1=0.3360 | AUROC=0.6820 | PRAUC=0.4528
    F2 → Acc=0.3636 | Prec=0.5192 | Rec=0.3636 | F1=0.3510 | AUROC=0.6921 | PRAUC=0.4723
    F3 → Acc=0.3622 | Prec=0.5143 | Rec=0.3622 | F1=0.3449 | AUROC=0.6684 | PRAUC=0.4467
    F4 → Acc=0.3665 | Prec=0.4939 | Rec=0.3665 | F1=0.3431 | AUROC=0.6823 | PRAUC=0.4585
    F5 → Acc=0.3566 | Prec=0.4920 | Rec=0.3566 | F1=0.3315 | AUROC=0.6717 | PRAUC=0.4465
  ✅  Acc:0.3609±0.0041 | Precision:0.4991±0.0157  |Recall:0.3609±0.0041 |F1:0.3413±0.0069 | AUROC:0.6793±0.0085 | PRAUC:0.4554±0.0095 | MCC:0.2165 | Composite:0.4985

  ▶ [34/96] C=1 | class_weight=balanced | tol=0.1 | degree=1 | gamma=0.01 | coef0=3
    F1 → Acc=0.3569 | Prec=0.4784 | Rec=0.3569 | F1=0.3359 | AUROC=0.6824 | PRAUC=0.4526
    F2 → Acc=0.3646 | Prec=0.5285 | Rec=0.3646 | F1=0.3496 | AUROC=0.6917 | PRAUC=0.4719
    F3 → Acc=0.3636 | Prec=0.5067 | Rec=0.3636 | F1=0.3491 | AUROC=0.6685 | PRAUC=0.4470
    F4 → Acc=0.3684 | Prec=0.4956 | Rec=0.3684 | F1=0.3468 | AUROC=0.6830 | PRAUC=0.4577
    F5 → Acc=0.3561 | Prec=0.4982 | Rec=0.3561 | F1=0.3321 | AUROC=0.6721 | PRAUC=0.4461
  ✅  Acc:0.3619±0.0047 | Precision:0.5015±0.0163  |Recall:0.3619±0.0047 |F1:0.3427±0.0073 | AUROC:0.6796±0.0083 | PRAUC:0.4551±0.0094 | MCC:0.2177 | Composite:0.4988

  ▶ [35/96] C=1 | class_weight=balanced | tol=0.1 | degree=1 | gamma=0.5 | coef0=0
    F1 → Acc=0.3573 | Prec=0.4911 | Rec=0.3573 | F1=0.3361 | AUROC=0.6814 | PRAUC=0.4552
    F2 → Acc=0.3665 | Prec=0.5422 | Rec=0.3665 | F1=0.3515 | AUROC=0.6917 | PRAUC=0.4746
    F3 → Acc=0.3665 | Prec=0.5277 | Rec=0.3665 | F1=0.3526 | AUROC=0.6693 | PRAUC=0.4500
    F4 → Acc=0.3689 | Prec=0.5063 | Rec=0.3689 | F1=0.3471 | AUROC=0.6805 | PRAUC=0.4602
    F5 → Acc=0.3590 | Prec=0.4976 | Rec=0.3590 | F1=0.3324 | AUROC=0.6701 | PRAUC=0.4476
  ✅  Acc:0.3636±0.0046 | Precision:0.5130±0.0191  |Recall:0.3636±0.0046 |F1:0.3439±0.0082 | AUROC:0.6786±0.0083 | PRAUC:0.4575±0.0096 | MCC:0.2219 | Composite:0.4999

  ▶ [36/96] C=1 | class_weight=balanced | tol=0.1 | degree=1 | gamma=0.5 | coef0=3
    F1 → Acc=0.3578 | Prec=0.4911 | Rec=0.3578 | F1=0.3365 | AUROC=0.6814 | PRAUC=0.4549
    F2 → Acc=0.3708 | Prec=0.5435 | Rec=0.3708 | F1=0.3556 | AUROC=0.6911 | PRAUC=0.4746
    F3 → Acc=0.3665 | Prec=0.5281 | Rec=0.3665 | F1=0.3533 | AUROC=0.6695 | PRAUC=0.4499
    F4 → Acc=0.3718 | Prec=0.5092 | Rec=0.3718 | F1=0.3487 | AUROC=0.6811 | PRAUC=0.4608
    F5 → Acc=0.3590 | Prec=0.4991 | Rec=0.3590 | F1=0.3319 | AUROC=0.6703 | PRAUC=0.4478
  ✅  Acc:0.3652±0.0058 | Precision:0.5142±0.0192  |Recall:0.3652±0.0058 |F1:0.3452±0.0094 | AUROC:0.6787±0.0080 | PRAUC:0.4576±0.0096 | MCC:0.2236 | Composite:0.5005

  ▶ [37/96] C=1 | class_weight=balanced | tol=0.1 | degree=5 | gamma=0.01 | coef0=0
    F1 → Acc=0.0961 | Prec=0.0122 | Rec=0.0961 | F1=0.0202 | AUROC=0.6679 | PRAUC=0.4703
    F2 → Acc=0.0989 | Prec=0.2348 | Rec=0.0989 | F1=0.0240 | AUROC=0.6738 | PRAUC=0.4722
    F3 → Acc=0.2450 | Prec=0.2967 | Rec=0.2450 | F1=0.1399 | AUROC=0.6576 | PRAUC=0.4566
    F4 → Acc=0.4688 | Prec=0.4744 | Rec=0.4688 | F1=0.3444 | AUROC=0.6629 | PRAUC=0.4633
    F5 → Acc=0.0971 | Prec=0.2364 | Rec=0.0971 | F1=0.0233 | AUROC=0.6573 | PRAUC=0.4607
  ✅  Acc:0.2012±0.1455 | Precision:0.2509±0.1480  |Recall:0.2012±0.1455 |F1:0.1104±0.1256 | AUROC:0.6639±0.0063 | PRAUC:0.4646±0.0058 | MCC:0.0481 | Composite:0.4432

  ▶ [38/96] C=1 | class_weight=balanced | tol=0.1 | degree=5 | gamma=0.01 | coef0=3
    F1 → Acc=0.6705 | Prec=0.7505 | Rec=0.6705 | F1=0.6697 | AUROC=0.8962 | PRAUC=0.7910
    F2 → Acc=0.6801 | Prec=0.7716 | Rec=0.6801 | F1=0.6794 | AUROC=0.9094 | PRAUC=0.8093
    F3 → Acc=0.6902 | Prec=0.7741 | Rec=0.6902 | F1=0.6907 | AUROC=0.9108 | PRAUC=0.8116
    F4 → Acc=0.6763 | Prec=0.7621 | Rec=0.6763 | F1=0.6744 | AUROC=0.9028 | PRAUC=0.7932
    F5 → Acc=0.6737 | Prec=0.7605 | Rec=0.6737 | F1=0.6738 | AUROC=0.8937 | PRAUC=0.7817
  ✅  Acc:0.6782±0.0068 | Precision:0.7637±0.0084  |Recall:0.6782±0.0068 |F1:0.6776±0.0072 | AUROC:0.9026±0.0068 | PRAUC:0.7974±0.0114 | MCC:0.5980 | Composite:0.7927

  ▶ [39/96] C=1 | class_weight=balanced | tol=0.1 | degree=5 | gamma=0.5 | coef0=0
