📝 Log: results\logs\gs\classical\all\svc_linear.log
🕒 Started: 2026-05-26T19:07:22
🔬 Search space: 3 C × 2 class_weight × 2 tol =  12 configs × 5 folds = 60 fits
   Scoring criterion: (AUROC + PRAUC + Accuracy) / 3
♻️  Resumed checkpoint: results\checkpoints\gs\classical\all\svc_linear.pkl (12 configs done)
⏭️  [1/12] C=0.1 | class_weight=balanced | tol=0.1  (skip: sudah selesai)
⏭️  [2/12] C=0.1 | class_weight=balanced | tol=10  (skip: sudah selesai)
⏭️  [3/12] C=0.1 | class_weight=None | tol=0.1  (skip: sudah selesai)
⏭️  [4/12] C=0.1 | class_weight=None | tol=10  (skip: sudah selesai)
⏭️  [5/12] C=1 | class_weight=balanced | tol=0.1  (skip: sudah selesai)
⏭️  [6/12] C=1 | class_weight=balanced | tol=10  (skip: sudah selesai)
⏭️  [7/12] C=1 | class_weight=None | tol=0.1  (skip: sudah selesai)
⏭️  [8/12] C=1 | class_weight=None | tol=10  (skip: sudah selesai)
⏭️  [9/12] C=10 | class_weight=balanced | tol=0.1  (skip: sudah selesai)
⏭️  [10/12] C=10 | class_weight=balanced | tol=10  (skip: sudah selesai)
⏭️  [11/12] C=10 | class_weight=None | tol=0.1  (skip: sudah selesai)
⏭️  [12/12] C=10 | class_weight=None | tol=10  (skip: sudah selesai)

🏆 Best config : C=10 | class_weight=None | tol=0.1
   Composite   : 0.527901801854109 (AUROC=0.6838±0.0109 | PRAUC=0.4512±0.0160 | Acc=0.4487±0.0032 |Prec=0.2859±0.0044 |Rec=0.4487±0.0032) |
✅ Saved: ./results/svc_linear.csv
✅ [SVC Linear] recorded | Exec. time: 239.6s
