📝 Log: results\logs\gs\classical\all\xgb_dart.log
🕒 Started: 2026-05-22T06:15:58
🔬 Search space: 2 n_estimators × 2 learning_rate × 2 max_depth × 2 rate_drop × 2 skip_drop =  32 configs × 5 folds = 160 fits
   Scoring criterion: (AUROC + PRAUC + Accuracy) / 3

  ▶ [1/32] n_estimators=100 | learning_rate=0.01 | max_depth=4 | rate_drop=0.1 | skip_drop=0.1
    F1 → Acc=0.4467 | Prec=0.1995 | Rec=0.4467 | F1=0.2758 | AUROC=0.9287 | PRAUC=0.8438
    F2 → Acc=0.4467 | Prec=0.1995 | Rec=0.4467 | F1=0.2758 | AUROC=0.9279 | PRAUC=0.8422
    F3 → Acc=0.4462 | Prec=0.1991 | Rec=0.4462 | F1=0.2753 | AUROC=0.9213 | PRAUC=0.8269
    F4 → Acc=0.4467 | Prec=0.1995 | Rec=0.4467 | F1=0.2758 | AUROC=0.9238 | PRAUC=0.8365
    F5 → Acc=0.4469 | Prec=0.1997 | Rec=0.4469 | F1=0.2761 | AUROC=0.9161 | PRAUC=0.8215
  ✅  Acc:0.4466±0.0002 | Precision:0.1995±0.0002  |Recall:0.4466±0.0002 |F1:0.2758±0.0002 | AUROC:0.9235±0.0046 | PRAUC:0.8342±0.0087 | MCC:0.0000 | Composite:0.7348

  ▶ [2/32] n_estimators=100 | learning_rate=0.01 | max_depth=4 | rate_drop=0.1 | skip_drop=0.5
    F1 → Acc=0.6225 | Prec=0.6920 | Rec=0.6225 | F1=0.5780 | AUROC=0.9437 | PRAUC=0.8715
    F2 → Acc=0.5893 | Prec=0.7240 | Rec=0.5893 | F1=0.5328 | AUROC=0.9401 | PRAUC=0.8644
    F3 → Acc=0.5937 | Prec=0.6869 | Rec=0.5937 | F1=0.5361 | AUROC=0.9411 | PRAUC=0.8693
    F4 → Acc=0.6364 | Prec=0.7417 | Rec=0.6364 | F1=0.5936 | AUROC=0.9420 | PRAUC=0.8646
    F5 → Acc=0.6189 | Prec=0.7230 | Rec=0.6189 | F1=0.5743 | AUROC=0.9346 | PRAUC=0.8539
  ✅  Acc:0.6122±0.0179 | Precision:0.7135±0.0208  |Recall:0.6122±0.0179 |F1:0.5630±0.0242 | AUROC:0.9403±0.0031 | PRAUC:0.8647±0.0061 | MCC:0.4384 | Composite:0.8057

  ▶ [3/32] n_estimators=100 | learning_rate=0.01 | max_depth=4 | rate_drop=0.5 | skip_drop=0.1
    F1 → Acc=0.4467 | Prec=0.1995 | Rec=0.4467 | F1=0.2758 | AUROC=0.9259 | PRAUC=0.8361
    F2 → Acc=0.4467 | Prec=0.1995 | Rec=0.4467 | F1=0.2758 | AUROC=0.9195 | PRAUC=0.8303
    F3 → Acc=0.4462 | Prec=0.1991 | Rec=0.4462 | F1=0.2753 | AUROC=0.9196 | PRAUC=0.8242
    F4 → Acc=0.4467 | Prec=0.1995 | Rec=0.4467 | F1=0.2758 | AUROC=0.9209 | PRAUC=0.8325
    F5 → Acc=0.4469 | Prec=0.1997 | Rec=0.4469 | F1=0.2761 | AUROC=0.9137 | PRAUC=0.8164
  ✅  Acc:0.4466±0.0002 | Precision:0.1995±0.0002  |Recall:0.4466±0.0002 |F1:0.2758±0.0002 | AUROC:0.9199±0.0039 | PRAUC:0.8279±0.0069 | MCC:0.0000 | Composite:0.7315

  ▶ [4/32] n_estimators=100 | learning_rate=0.01 | max_depth=4 | rate_drop=0.5 | skip_drop=0.5
    F1 → Acc=0.6052 | Prec=0.7341 | Rec=0.6052 | F1=0.5543 | AUROC=0.9442 | PRAUC=0.8725
    F2 → Acc=0.5860 | Prec=0.7240 | Rec=0.5860 | F1=0.5271 | AUROC=0.9398 | PRAUC=0.8638
    F3 → Acc=0.5533 | Prec=0.6280 | Rec=0.5533 | F1=0.4689 | AUROC=0.9409 | PRAUC=0.8684
    F4 → Acc=0.6090 | Prec=0.7120 | Rec=0.6090 | F1=0.5549 | AUROC=0.9415 | PRAUC=0.8634
    F5 → Acc=0.6064 | Prec=0.7252 | Rec=0.6064 | F1=0.5561 | AUROC=0.9341 | PRAUC=0.8531
  ✅  Acc:0.5920±0.0210 | Precision:0.7047±0.0390  |Recall:0.5920±0.0210 |F1:0.5323±0.0335 | AUROC:0.9401±0.0033 | PRAUC:0.8642±0.0065 | MCC:0.4103 | Composite:0.7988

  ▶ [5/32] n_estimators=100 | learning_rate=0.01 | max_depth=10 | rate_drop=0.1 | skip_drop=0.1
    F1 → Acc=0.4467 | Prec=0.1995 | Rec=0.4467 | F1=0.2758 | AUROC=0.9810 | PRAUC=0.9565
    F2 → Acc=0.4467 | Prec=0.1995 | Rec=0.4467 | F1=0.2758 | AUROC=0.9815 | PRAUC=0.9573
    F3 → Acc=0.4462 | Prec=0.1991 | Rec=0.4462 | F1=0.2753 | AUROC=0.9810 | PRAUC=0.9548
    F4 → Acc=0.4467 | Prec=0.1995 | Rec=0.4467 | F1=0.2758 | AUROC=0.9817 | PRAUC=0.9585
    F5 → Acc=0.4469 | Prec=0.1997 | Rec=0.4469 | F1=0.2761 | AUROC=0.9761 | PRAUC=0.9447
  ✅  Acc:0.4466±0.0002 | Precision:0.1995±0.0002  |Recall:0.4466±0.0002 |F1:0.2758±0.0002 | AUROC:0.9803±0.0021 | PRAUC:0.9544±0.0050 | MCC:0.0000 | Composite:0.7938

  ▶ [6/32] n_estimators=100 | learning_rate=0.01 | max_depth=10 | rate_drop=0.1 | skip_drop=0.5
    F1 → Acc=0.8708 | Prec=0.8763 | Rec=0.8708 | F1=0.8685 | AUROC=0.9843 | PRAUC=0.9627
    F2 → Acc=0.8684 | Prec=0.8732 | Rec=0.8684 | F1=0.8656 | AUROC=0.9849 | PRAUC=0.9637
    F3 → Acc=0.8670 | Prec=0.8742 | Rec=0.8670 | F1=0.8639 | AUROC=0.9835 | PRAUC=0.9591
    F4 → Acc=0.8718 | Prec=0.8783 | Rec=0.8718 | F1=0.8688 | AUROC=0.9838 | PRAUC=0.9629
    F5 → Acc=0.8592 | Prec=0.8647 | Rec=0.8592 | F1=0.8560 | AUROC=0.9805 | PRAUC=0.9532
  ✅  Acc:0.8674±0.0044 | Precision:0.8733±0.0047  |Recall:0.8674±0.0044 |F1:0.8646±0.0047 | AUROC:0.9834±0.0015 | PRAUC:0.9603±0.0039 | MCC:0.8078 | Composite:0.9370

  ▶ [7/32] n_estimators=100 | learning_rate=0.01 | max_depth=10 | rate_drop=0.5 | skip_drop=0.1
    F1 → Acc=0.4467 | Prec=0.1995 | Rec=0.4467 | F1=0.2758 | AUROC=0.9794 | PRAUC=0.9525
    F2 → Acc=0.4467 | Prec=0.1995 | Rec=0.4467 | F1=0.2758 | AUROC=0.9807 | PRAUC=0.9554
    F3 → Acc=0.4462 | Prec=0.1991 | Rec=0.4462 | F1=0.2753 | AUROC=0.9799 | PRAUC=0.9527
    F4 → Acc=0.4467 | Prec=0.1995 | Rec=0.4467 | F1=0.2758 | AUROC=0.9803 | PRAUC=0.9560
    F5 → Acc=0.4469 | Prec=0.1997 | Rec=0.4469 | F1=0.2761 | AUROC=0.9752 | PRAUC=0.9430
  ✅  Acc:0.4466±0.0002 | Precision:0.1995±0.0002  |Recall:0.4466±0.0002 |F1:0.2758±0.0002 | AUROC:0.9791±0.0020 | PRAUC:0.9519±0.0047 | MCC:0.0000 | Composite:0.7926

  ▶ [8/32] n_estimators=100 | learning_rate=0.01 | max_depth=10 | rate_drop=0.5 | skip_drop=0.5
    F1 → Acc=0.8612 | Prec=0.8690 | Rec=0.8612 | F1=0.8581 | AUROC=0.9841 | PRAUC=0.9613
    F2 → Acc=0.8636 | Prec=0.8702 | Rec=0.8636 | F1=0.8603 | AUROC=0.9847 | PRAUC=0.9635
    F3 → Acc=0.8626 | Prec=0.8725 | Rec=0.8626 | F1=0.8588 | AUROC=0.9834 | PRAUC=0.9589
    F4 → Acc=0.8622 | Prec=0.8711 | Rec=0.8622 | F1=0.8581 | AUROC=0.9837 | PRAUC=0.9625
    F5 → Acc=0.8481 | Prec=0.8573 | Rec=0.8481 | F1=0.8437 | AUROC=0.9803 | PRAUC=0.9527
  ✅  Acc:0.8595±0.0057 | Precision:0.8680±0.0055  |Recall:0.8595±0.0057 |F1:0.8558±0.0061 | AUROC:0.9832±0.0015 | PRAUC:0.9598±0.0038 | MCC:0.7964 | Composite:0.9342

  ▶ [9/32] n_estimators=100 | learning_rate=0.1 | max_depth=4 | rate_drop=0.1 | skip_drop=0.1
    F1 → Acc=0.8016 | Prec=0.8042 | Rec=0.8016 | F1=0.7960 | AUROC=0.9580 | PRAUC=0.8971
    F2 → Acc=0.8127 | Prec=0.8174 | Rec=0.8127 | F1=0.8081 | AUROC=0.9561 | PRAUC=0.8967
    F3 → Acc=0.8175 | Prec=0.8231 | Rec=0.8175 | F1=0.8122 | AUROC=0.9564 | PRAUC=0.9007
    F4 → Acc=0.8122 | Prec=0.8151 | Rec=0.8122 | F1=0.8081 | AUROC=0.9575 | PRAUC=0.9008
    F5 → Acc=0.7987 | Prec=0.8013 | Rec=0.7987 | F1=0.7949 | AUROC=0.9478 | PRAUC=0.8796
  ✅  Acc:0.8085±0.0072 | Precision:0.8122±0.0082  |Recall:0.8085±0.0072 |F1:0.8039±0.0071 | AUROC:0.9552±0.0038 | PRAUC:0.8950±0.0079 | MCC:0.7197 | Composite:0.8862

  ▶ [10/32] n_estimators=100 | learning_rate=0.1 | max_depth=4 | rate_drop=0.1 | skip_drop=0.5
    F1 → Acc=0.8545 | Prec=0.8548 | Rec=0.8545 | F1=0.8542 | AUROC=0.9761 | PRAUC=0.9405
    F2 → Acc=0.8631 | Prec=0.8636 | Rec=0.8631 | F1=0.8626 | AUROC=0.9771 | PRAUC=0.9440
    F3 → Acc=0.8670 | Prec=0.8666 | Rec=0.8670 | F1=0.8666 | AUROC=0.9765 | PRAUC=0.9427
    F4 → Acc=0.8679 | Prec=0.8683 | Rec=0.8679 | F1=0.8679 | AUROC=0.9777 | PRAUC=0.9454
    F5 → Acc=0.8433 | Prec=0.8456 | Rec=0.8433 | F1=0.8437 | AUROC=0.9690 | PRAUC=0.9255
  ✅  Acc:0.8592±0.0092 | Precision:0.8598±0.0085  |Recall:0.8592±0.0092 |F1:0.8590±0.0090 | AUROC:0.9753±0.0032 | PRAUC:0.9396±0.0072 | MCC:0.7965 | Composite:0.9247

  ▶ [11/32] n_estimators=100 | learning_rate=0.1 | max_depth=4 | rate_drop=0.5 | skip_drop=0.1
    F1 → Acc=0.7354 | Prec=0.7582 | Rec=0.7354 | F1=0.7218 | AUROC=0.9484 | PRAUC=0.8795
    F2 → Acc=0.7478 | Prec=0.7685 | Rec=0.7478 | F1=0.7368 | AUROC=0.9471 | PRAUC=0.8783
    F3 → Acc=0.7411 | Prec=0.7638 | Rec=0.7411 | F1=0.7298 | AUROC=0.9454 | PRAUC=0.8774
    F4 → Acc=0.7406 | Prec=0.7692 | Rec=0.7406 | F1=0.7280 | AUROC=0.9493 | PRAUC=0.8828
    F5 → Acc=0.7496 | Prec=0.7627 | Rec=0.7496 | F1=0.7406 | AUROC=0.9406 | PRAUC=0.8663
  ✅  Acc:0.7429±0.0052 | Precision:0.7645±0.0040  |Recall:0.7429±0.0052 |F1:0.7314±0.0066 | AUROC:0.9462±0.0031 | PRAUC:0.8769±0.0056 | MCC:0.6251 | Composite:0.8553

  ▶ [12/32] n_estimators=100 | learning_rate=0.1 | max_depth=4 | rate_drop=0.5 | skip_drop=0.5
    F1 → Acc=0.8511 | Prec=0.8511 | Rec=0.8511 | F1=0.8508 | AUROC=0.9747 | PRAUC=0.9369
    F2 → Acc=0.8602 | Prec=0.8605 | Rec=0.8602 | F1=0.8597 | AUROC=0.9761 | PRAUC=0.9416
    F3 → Acc=0.8607 | Prec=0.8604 | Rec=0.8607 | F1=0.8604 | AUROC=0.9756 | PRAUC=0.9405
    F4 → Acc=0.8602 | Prec=0.8607 | Rec=0.8602 | F1=0.8603 | AUROC=0.9757 | PRAUC=0.9415
    F5 → Acc=0.8381 | Prec=0.8401 | Rec=0.8381 | F1=0.8384 | AUROC=0.9672 | PRAUC=0.9226
  ✅  Acc:0.8541±0.0088 | Precision:0.8546±0.0081  |Recall:0.8541±0.0088 |F1:0.8539±0.0086 | AUROC:0.9738±0.0033 | PRAUC:0.9366±0.0072 | MCC:0.7891 | Composite:0.9215

  ▶ [13/32] n_estimators=100 | learning_rate=0.1 | max_depth=10 | rate_drop=0.1 | skip_drop=0.1
    F1 → Acc=0.9083 | Prec=0.9082 | Rec=0.9083 | F1=0.9081 | AUROC=0.9880 | PRAUC=0.9700
    F2 → Acc=0.9049 | Prec=0.9046 | Rec=0.9049 | F1=0.9045 | AUROC=0.9885 | PRAUC=0.9706
    F3 → Acc=0.9159 | Prec=0.9158 | Rec=0.9159 | F1=0.9159 | AUROC=0.9880 | PRAUC=0.9685
    F4 → Acc=0.9087 | Prec=0.9091 | Rec=0.9087 | F1=0.9086 | AUROC=0.9873 | PRAUC=0.9688
    F5 → Acc=0.8909 | Prec=0.8917 | Rec=0.8909 | F1=0.8909 | AUROC=0.9844 | PRAUC=0.9592
  ✅  Acc:0.9058±0.0082 | Precision:0.9059±0.0080  |Recall:0.9058±0.0082 |F1:0.9056±0.0082 | AUROC:0.9872±0.0015 | PRAUC:0.9674±0.0042 | MCC:0.8638 | Composite:0.9535

  ▶ [14/32] n_estimators=100 | learning_rate=0.1 | max_depth=10 | rate_drop=0.1 | skip_drop=0.5
    F1 → Acc=0.9212 | Prec=0.9220 | Rec=0.9212 | F1=0.9214 | AUROC=0.9919 | PRAUC=0.9784
    F2 → Acc=0.9179 | Prec=0.9189 | Rec=0.9179 | F1=0.9182 | AUROC=0.9918 | PRAUC=0.9771
    F3 → Acc=0.9183 | Prec=0.9189 | Rec=0.9183 | F1=0.9186 | AUROC=0.9910 | PRAUC=0.9756
    F4 → Acc=0.9169 | Prec=0.9174 | Rec=0.9169 | F1=0.9170 | AUROC=0.9910 | PRAUC=0.9752
    F5 → Acc=0.8981 | Prec=0.8982 | Rec=0.8981 | F1=0.8980 | AUROC=0.9886 | PRAUC=0.9679
  ✅  Acc:0.9145±0.0083 | Precision:0.9151±0.0086  |Recall:0.9145±0.0083 |F1:0.9146±0.0084 | AUROC:0.9908±0.0012 | PRAUC:0.9748±0.0037 | MCC:0.8769 | Composite:0.9601

  ▶ [15/32] n_estimators=100 | learning_rate=0.1 | max_depth=10 | rate_drop=0.5 | skip_drop=0.1
    F1 → Acc=0.8958 | Prec=0.8957 | Rec=0.8958 | F1=0.8952 | AUROC=0.9865 | PRAUC=0.9674
    F2 → Acc=0.8977 | Prec=0.8975 | Rec=0.8977 | F1=0.8970 | AUROC=0.9864 | PRAUC=0.9658
    F3 → Acc=0.8967 | Prec=0.8966 | Rec=0.8967 | F1=0.8959 | AUROC=0.9860 | PRAUC=0.9637
    F4 → Acc=0.9039 | Prec=0.9039 | Rec=0.9039 | F1=0.9034 | AUROC=0.9846 | PRAUC=0.9644
    F5 → Acc=0.8832 | Prec=0.8838 | Rec=0.8832 | F1=0.8827 | AUROC=0.9821 | PRAUC=0.9555
  ✅  Acc:0.8955±0.0068 | Precision:0.8955±0.0065  |Recall:0.8955±0.0068 |F1:0.8948±0.0067 | AUROC:0.9851±0.0016 | PRAUC:0.9634±0.0041 | MCC:0.8485 | Composite:0.9480

  ▶ [16/32] n_estimators=100 | learning_rate=0.1 | max_depth=10 | rate_drop=0.5 | skip_drop=0.5
    F1 → Acc=0.9183 | Prec=0.9191 | Rec=0.9183 | F1=0.9185 | AUROC=0.9920 | PRAUC=0.9788
    F2 → Acc=0.9193 | Prec=0.9204 | Rec=0.9193 | F1=0.9197 | AUROC=0.9918 | PRAUC=0.9773
    F3 → Acc=0.9174 | Prec=0.9179 | Rec=0.9174 | F1=0.9176 | AUROC=0.9909 | PRAUC=0.9754
    F4 → Acc=0.9155 | Prec=0.9162 | Rec=0.9155 | F1=0.9156 | AUROC=0.9908 | PRAUC=0.9743
    F5 → Acc=0.8996 | Prec=0.9003 | Rec=0.8996 | F1=0.8997 | AUROC=0.9885 | PRAUC=0.9678
  ✅  Acc:0.9140±0.0073 | Precision:0.9148±0.0074  |Recall:0.9140±0.0073 |F1:0.9142±0.0074 | AUROC:0.9908±0.0013 | PRAUC:0.9747±0.0038 | MCC:0.8763 | Composite:0.9598

  ▶ [17/32] n_estimators=500 | learning_rate=0.01 | max_depth=4 | rate_drop=0.1 | skip_drop=0.1
    F1 → Acc=0.6009 | Prec=0.7363 | Rec=0.6009 | F1=0.5480 | AUROC=0.9444 | PRAUC=0.8730
    F2 → Acc=0.5826 | Prec=0.7292 | Rec=0.5826 | F1=0.5220 | AUROC=0.9394 | PRAUC=0.8625
    F3 → Acc=0.5504 | Prec=0.6253 | Rec=0.5504 | F1=0.4635 | AUROC=0.9405 | PRAUC=0.8666
    F4 → Acc=0.5941 | Prec=0.7013 | Rec=0.5941 | F1=0.5354 | AUROC=0.9412 | PRAUC=0.8628
    F5 → Acc=0.5800 | Prec=0.7082 | Rec=0.5800 | F1=0.5192 | AUROC=0.9337 | PRAUC=0.8518
  ✅  Acc:0.5816±0.0173 | Precision:0.7001±0.0396  |Recall:0.5816±0.0173 |F1:0.5176±0.0290 | AUROC:0.9398±0.0035 | PRAUC:0.8634±0.0069 | MCC:0.3937 | Composite:0.7949

  ▶ [18/32] n_estimators=500 | learning_rate=0.01 | max_depth=4 | rate_drop=0.1 | skip_drop=0.5
    F1 → Acc=0.8040 | Prec=0.8045 | Rec=0.8040 | F1=0.8000 | AUROC=0.9626 | PRAUC=0.9073
    F2 → Acc=0.8271 | Prec=0.8298 | Rec=0.8271 | F1=0.8234 | AUROC=0.9638 | PRAUC=0.9122
    F3 → Acc=0.8218 | Prec=0.8252 | Rec=0.8218 | F1=0.8177 | AUROC=0.9620 | PRAUC=0.9131
    F4 → Acc=0.8141 | Prec=0.8149 | Rec=0.8141 | F1=0.8110 | AUROC=0.9630 | PRAUC=0.9134
    F5 → Acc=0.8063 | Prec=0.8086 | Rec=0.8063 | F1=0.8035 | AUROC=0.9532 | PRAUC=0.8923
  ✅  Acc:0.8147±0.0088 | Precision:0.8166±0.0096  |Recall:0.8147±0.0088 |F1:0.8111±0.0087 | AUROC:0.9609±0.0039 | PRAUC:0.9077±0.0080 | MCC:0.7290 | Composite:0.8944

  ▶ [19/32] n_estimators=500 | learning_rate=0.01 | max_depth=4 | rate_drop=0.5 | skip_drop=0.1
    F1 → Acc=0.5509 | Prec=0.6229 | Rec=0.5509 | F1=0.4645 | AUROC=0.9439 | PRAUC=0.8713
    F2 → Acc=0.5399 | Prec=0.6356 | Rec=0.5399 | F1=0.4471 | AUROC=0.9379 | PRAUC=0.8594
    F3 → Acc=0.5447 | Prec=0.6060 | Rec=0.5447 | F1=0.4541 | AUROC=0.9390 | PRAUC=0.8611
    F4 → Acc=0.5538 | Prec=0.6178 | Rec=0.5538 | F1=0.4692 | AUROC=0.9385 | PRAUC=0.8569
    F5 → Acc=0.5493 | Prec=0.6099 | Rec=0.5493 | F1=0.4617 | AUROC=0.9312 | PRAUC=0.8466
  ✅  Acc:0.5477±0.0049 | Precision:0.6184±0.0104  |Recall:0.5477±0.0049 |F1:0.4593±0.0078 | AUROC:0.9381±0.0040 | PRAUC:0.8591±0.0079 | MCC:0.3339 | Composite:0.7816

  ▶ [20/32] n_estimators=500 | learning_rate=0.01 | max_depth=4 | rate_drop=0.5 | skip_drop=0.5
    F1 → Acc=0.8040 | Prec=0.8046 | Rec=0.8040 | F1=0.8000 | AUROC=0.9619 | PRAUC=0.9060
    F2 → Acc=0.8261 | Prec=0.8288 | Rec=0.8261 | F1=0.8224 | AUROC=0.9635 | PRAUC=0.9116
    F3 → Acc=0.8218 | Prec=0.8253 | Rec=0.8218 | F1=0.8176 | AUROC=0.9616 | PRAUC=0.9124
    F4 → Acc=0.8136 | Prec=0.8144 | Rec=0.8136 | F1=0.8105 | AUROC=0.9626 | PRAUC=0.9124
    F5 → Acc=0.8078 | Prec=0.8110 | Rec=0.8078 | F1=0.8049 | AUROC=0.9528 | PRAUC=0.8906
  ✅  Acc:0.8147±0.0083 | Precision:0.8168±0.0090  |Recall:0.8147±0.0083 |F1:0.8111±0.0081 | AUROC:0.9605±0.0039 | PRAUC:0.9066±0.0084 | MCC:0.7290 | Composite:0.8939

  ▶ [21/32] n_estimators=500 | learning_rate=0.01 | max_depth=10 | rate_drop=0.1 | skip_drop=0.1
    F1 → Acc=0.8559 | Prec=0.8656 | Rec=0.8559 | F1=0.8524 | AUROC=0.9837 | PRAUC=0.9606
    F2 → Acc=0.8497 | Prec=0.8619 | Rec=0.8497 | F1=0.8447 | AUROC=0.9847 | PRAUC=0.9634
    F3 → Acc=0.8607 | Prec=0.8722 | Rec=0.8607 | F1=0.8567 | AUROC=0.9832 | PRAUC=0.9587
    F4 → Acc=0.8453 | Prec=0.8375 | Rec=0.8453 | F1=0.8332 | AUROC=0.9836 | PRAUC=0.9623
    F5 → Acc=0.8299 | Prec=0.8452 | Rec=0.8299 | F1=0.8179 | AUROC=0.9802 | PRAUC=0.9525
  ✅  Acc:0.8483±0.0106 | Precision:0.8565±0.0130  |Recall:0.8483±0.0106 |F1:0.8410±0.0140 | AUROC:0.9831±0.0015 | PRAUC:0.9595±0.0039 | MCC:0.7801 | Composite:0.9303

  ▶ [22/32] n_estimators=500 | learning_rate=0.01 | max_depth=10 | rate_drop=0.1 | skip_drop=0.5
    F1 → Acc=0.9126 | Prec=0.9130 | Rec=0.9126 | F1=0.9126 | AUROC=0.9899 | PRAUC=0.9738
    F2 → Acc=0.9092 | Prec=0.9095 | Rec=0.9092 | F1=0.9092 | AUROC=0.9896 | PRAUC=0.9723
    F3 → Acc=0.9174 | Prec=0.9174 | Rec=0.9174 | F1=0.9174 | AUROC=0.9888 | PRAUC=0.9710
    F4 → Acc=0.9107 | Prec=0.9113 | Rec=0.9107 | F1=0.9107 | AUROC=0.9886 | PRAUC=0.9713
    F5 → Acc=0.8952 | Prec=0.8960 | Rec=0.8952 | F1=0.8953 | AUROC=0.9857 | PRAUC=0.9619
  ✅  Acc:0.9090±0.0074 | Precision:0.9094±0.0072  |Recall:0.9090±0.0074 |F1:0.9090±0.0074 | AUROC:0.9885±0.0015 | PRAUC:0.9701±0.0042 | MCC:0.8688 | Composite:0.9559

  ▶ [23/32] n_estimators=500 | learning_rate=0.01 | max_depth=10 | rate_drop=0.5 | skip_drop=0.1
    F1 → Acc=0.8127 | Prec=0.8196 | Rec=0.8127 | F1=0.7979 | AUROC=0.9830 | PRAUC=0.9597
    F2 → Acc=0.8141 | Prec=0.8227 | Rec=0.8141 | F1=0.7984 | AUROC=0.9844 | PRAUC=0.9621
    F3 → Acc=0.8093 | Prec=0.8226 | Rec=0.8093 | F1=0.7936 | AUROC=0.9826 | PRAUC=0.9577
    F4 → Acc=0.8175 | Prec=0.8240 | Rec=0.8175 | F1=0.8042 | AUROC=0.9832 | PRAUC=0.9619
    F5 → Acc=0.8083 | Prec=0.8145 | Rec=0.8083 | F1=0.7933 | AUROC=0.9793 | PRAUC=0.9511
  ✅  Acc:0.8124±0.0033 | Precision:0.8207±0.0034  |Recall:0.8124±0.0033 |F1:0.7975±0.0040 | AUROC:0.9825±0.0017 | PRAUC:0.9585±0.0040 | MCC:0.7300 | Composite:0.9178

  ▶ [24/32] n_estimators=500 | learning_rate=0.01 | max_depth=10 | rate_drop=0.5 | skip_drop=0.5
    F1 → Acc=0.9126 | Prec=0.9129 | Rec=0.9126 | F1=0.9126 | AUROC=0.9898 | PRAUC=0.9737
    F2 → Acc=0.9083 | Prec=0.9086 | Rec=0.9083 | F1=0.9083 | AUROC=0.9895 | PRAUC=0.9721
    F3 → Acc=0.9169 | Prec=0.9170 | Rec=0.9169 | F1=0.9169 | AUROC=0.9888 | PRAUC=0.9707
    F4 → Acc=0.9116 | Prec=0.9122 | Rec=0.9116 | F1=0.9116 | AUROC=0.9886 | PRAUC=0.9713
    F5 → Acc=0.8943 | Prec=0.8950 | Rec=0.8943 | F1=0.8943 | AUROC=0.9857 | PRAUC=0.9617
  ✅  Acc:0.9087±0.0077 | Precision:0.9091±0.0075  |Recall:0.9087±0.0077 |F1:0.9087±0.0077 | AUROC:0.9885±0.0015 | PRAUC:0.9699±0.0042 | MCC:0.8684 | Composite:0.9557

  ▶ [25/32] n_estimators=500 | learning_rate=0.1 | max_depth=4 | rate_drop=0.1 | skip_drop=0.1
    F1 → Acc=0.8492 | Prec=0.8489 | Rec=0.8492 | F1=0.8487 | AUROC=0.9737 | PRAUC=0.9340
    F2 → Acc=0.8540 | Prec=0.8543 | Rec=0.8540 | F1=0.8534 | AUROC=0.9744 | PRAUC=0.9378
    F3 → Acc=0.8622 | Prec=0.8623 | Rec=0.8622 | F1=0.8617 | AUROC=0.9750 | PRAUC=0.9400
    F4 → Acc=0.8636 | Prec=0.8642 | Rec=0.8636 | F1=0.8636 | AUROC=0.9756 | PRAUC=0.9411
    F5 → Acc=0.8366 | Prec=0.8386 | Rec=0.8366 | F1=0.8365 | AUROC=0.9675 | PRAUC=0.9234
  ✅  Acc:0.8531±0.0098 | Precision:0.8537±0.0093  |Recall:0.8531±0.0098 |F1:0.8528±0.0098 | AUROC:0.9732±0.0030 | PRAUC:0.9353±0.0064 | MCC:0.7875 | Composite:0.9205

  ▶ [26/32] n_estimators=500 | learning_rate=0.1 | max_depth=4 | rate_drop=0.1 | skip_drop=0.5
    F1 → Acc=0.9116 | Prec=0.9126 | Rec=0.9116 | F1=0.9119 | AUROC=0.9900 | PRAUC=0.9745
    F2 → Acc=0.9078 | Prec=0.9086 | Rec=0.9078 | F1=0.9080 | AUROC=0.9894 | PRAUC=0.9714
    F3 → Acc=0.9102 | Prec=0.9108 | Rec=0.9102 | F1=0.9104 | AUROC=0.9893 | PRAUC=0.9712
    F4 → Acc=0.9121 | Prec=0.9127 | Rec=0.9121 | F1=0.9122 | AUROC=0.9905 | PRAUC=0.9736
    F5 → Acc=0.8972 | Prec=0.8984 | Rec=0.8972 | F1=0.8974 | AUROC=0.9860 | PRAUC=0.9620
  ✅  Acc:0.9078±0.0055 | Precision:0.9086±0.0053  |Recall:0.9078±0.0055 |F1:0.9080±0.0055 | AUROC:0.9890±0.0016 | PRAUC:0.9705±0.0044 | MCC:0.8674 | Composite:0.9558

  ▶ [27/32] n_estimators=500 | learning_rate=0.1 | max_depth=4 | rate_drop=0.5 | skip_drop=0.1
    F1 → Acc=0.8415 | Prec=0.8409 | Rec=0.8415 | F1=0.8406 | AUROC=0.9717 | PRAUC=0.9290
    F2 → Acc=0.8497 | Prec=0.8506 | Rec=0.8497 | F1=0.8485 | AUROC=0.9719 | PRAUC=0.9321
    F3 → Acc=0.8573 | Prec=0.8582 | Rec=0.8573 | F1=0.8567 | AUROC=0.9724 | PRAUC=0.9342
    F4 → Acc=0.8573 | Prec=0.8587 | Rec=0.8573 | F1=0.8570 | AUROC=0.9722 | PRAUC=0.9343
    F5 → Acc=0.8299 | Prec=0.8323 | Rec=0.8299 | F1=0.8297 | AUROC=0.9635 | PRAUC=0.9142
  ✅  Acc:0.8471±0.0104 | Precision:0.8481±0.0102  |Recall:0.8471±0.0104 |F1:0.8465±0.0103 | AUROC:0.9704±0.0034 | PRAUC:0.9288±0.0075 | MCC:0.7784 | Composite:0.9154

  ▶ [28/32] n_estimators=500 | learning_rate=0.1 | max_depth=4 | rate_drop=0.5 | skip_drop=0.5
    F1 → Acc=0.9111 | Prec=0.9120 | Rec=0.9111 | F1=0.9114 | AUROC=0.9898 | PRAUC=0.9738
    F2 → Acc=0.9102 | Prec=0.9111 | Rec=0.9102 | F1=0.9104 | AUROC=0.9896 | PRAUC=0.9719
    F3 → Acc=0.9087 | Prec=0.9094 | Rec=0.9087 | F1=0.9090 | AUROC=0.9895 | PRAUC=0.9714
    F4 → Acc=0.9083 | Prec=0.9087 | Rec=0.9083 | F1=0.9083 | AUROC=0.9903 | PRAUC=0.9734
    F5 → Acc=0.8928 | Prec=0.8941 | Rec=0.8928 | F1=0.8930 | AUROC=0.9857 | PRAUC=0.9610
  ✅  Acc:0.9062±0.0068 | Precision:0.9071±0.0066  |Recall:0.9062±0.0068 |F1:0.9064±0.0068 | AUROC:0.9890±0.0017 | PRAUC:0.9703±0.0047 | MCC:0.8652 | Composite:0.9552

  ▶ [29/32] n_estimators=500 | learning_rate=0.1 | max_depth=10 | rate_drop=0.1 | skip_drop=0.1
    F1 → Acc=0.9212 | Prec=0.9219 | Rec=0.9212 | F1=0.9214 | AUROC=0.9918 | PRAUC=0.9783
    F2 → Acc=0.9188 | Prec=0.9198 | Rec=0.9188 | F1=0.9191 | AUROC=0.9917 | PRAUC=0.9769
    F3 → Acc=0.9174 | Prec=0.9179 | Rec=0.9174 | F1=0.9176 | AUROC=0.9909 | PRAUC=0.9757
    F4 → Acc=0.9131 | Prec=0.9138 | Rec=0.9131 | F1=0.9133 | AUROC=0.9909 | PRAUC=0.9748
    F5 → Acc=0.8952 | Prec=0.8957 | Rec=0.8952 | F1=0.8953 | AUROC=0.9883 | PRAUC=0.9671
  ✅  Acc:0.9132±0.0093 | Precision:0.9138±0.0094  |Recall:0.9132±0.0093 |F1:0.9133±0.0094 | AUROC:0.9907±0.0013 | PRAUC:0.9746±0.0039 | MCC:0.8750 | Composite:0.9595

  ▶ [30/32] n_estimators=500 | learning_rate=0.1 | max_depth=10 | rate_drop=0.1 | skip_drop=0.5
    F1 → Acc=0.9222 | Prec=0.9227 | Rec=0.9222 | F1=0.9223 | AUROC=0.9918 | PRAUC=0.9778
    F2 → Acc=0.9174 | Prec=0.9178 | Rec=0.9174 | F1=0.9175 | AUROC=0.9919 | PRAUC=0.9771
    F3 → Acc=0.9183 | Prec=0.9188 | Rec=0.9183 | F1=0.9185 | AUROC=0.9916 | PRAUC=0.9768
    F4 → Acc=0.9126 | Prec=0.9131 | Rec=0.9126 | F1=0.9127 | AUROC=0.9909 | PRAUC=0.9745
    F5 → Acc=0.8981 | Prec=0.8983 | Rec=0.8981 | F1=0.8982 | AUROC=0.9890 | PRAUC=0.9687
  ✅  Acc:0.9137±0.0084 | Precision:0.9141±0.0085  |Recall:0.9137±0.0084 |F1:0.9138±0.0084 | AUROC:0.9910±0.0011 | PRAUC:0.9750±0.0033 | MCC:0.8758 | Composite:0.9599

  ▶ [31/32] n_estimators=500 | learning_rate=0.1 | max_depth=10 | rate_drop=0.5 | skip_drop=0.1
    F1 → Acc=0.9212 | Prec=0.9221 | Rec=0.9212 | F1=0.9214 | AUROC=0.9915 | PRAUC=0.9777
    F2 → Acc=0.9150 | Prec=0.9160 | Rec=0.9150 | F1=0.9152 | AUROC=0.9914 | PRAUC=0.9764
    F3 → Acc=0.9164 | Prec=0.9169 | Rec=0.9164 | F1=0.9166 | AUROC=0.9904 | PRAUC=0.9745
    F4 → Acc=0.9140 | Prec=0.9149 | Rec=0.9140 | F1=0.9142 | AUROC=0.9903 | PRAUC=0.9737
    F5 → Acc=0.8943 | Prec=0.8949 | Rec=0.8943 | F1=0.8943 | AUROC=0.9878 | PRAUC=0.9662
  ✅  Acc:0.9122±0.0093 | Precision:0.9130±0.0094  |Recall:0.9122±0.0093 |F1:0.9124±0.0094 | AUROC:0.9903±0.0013 | PRAUC:0.9737±0.0040 | MCC:0.8737 | Composite:0.9587

  ▶ [32/32] n_estimators=500 | learning_rate=0.1 | max_depth=10 | rate_drop=0.5 | skip_drop=0.5
    F1 → Acc=0.9227 | Prec=0.9233 | Rec=0.9227 | F1=0.9228 | AUROC=0.9921 | PRAUC=0.9783
    F2 → Acc=0.9150 | Prec=0.9155 | Rec=0.9150 | F1=0.9151 | AUROC=0.9918 | PRAUC=0.9772
    F3 → Acc=0.9198 | Prec=0.9201 | Rec=0.9198 | F1=0.9199 | AUROC=0.9917 | PRAUC=0.9771
    F4 → Acc=0.9102 | Prec=0.9107 | Rec=0.9102 | F1=0.9103 | AUROC=0.9908 | PRAUC=0.9744
    F5 → Acc=0.9010 | Prec=0.9010 | Rec=0.9010 | F1=0.9010 | AUROC=0.9891 | PRAUC=0.9690
  ✅  Acc:0.9137±0.0077 | Precision:0.9141±0.0078  |Recall:0.9137±0.0077 |F1:0.9138±0.0077 | AUROC:0.9911±0.0011 | PRAUC:0.9752±0.0034 | MCC:0.8758 | Composite:0.9600

🏆 Best config : n_estimators=100 | learning_rate=0.1 | max_depth=10 | rate_drop=0.1 | skip_drop=0.5
✅ Saved: ./results/xgb_dart.csv
✅ [XGBoost Dart] recorded | Exec. time: 25.7s
