📝 Log: results\logs\gs\classical\all\xgb_gbtree.log
🕒 Started: 2026-05-22T06:12:21
🔬 Search space: 2 n_estimators × 2 learning_rate × 2 max_depth =  8 configs × 5 folds = 40 fits
   Scoring criterion: (AUROC + PRAUC + Accuracy) / 3

  ▶ [1/8] n_estimators=100 | learning_rate=0.01 | max_depth=4
    F1 → Acc=0.7118 | Prec=0.7421 | Rec=0.7118 | F1=0.6966 | AUROC=0.9439 | PRAUC=0.8721
    F2 → Acc=0.7176 | Prec=0.7477 | Rec=0.7176 | F1=0.7022 | AUROC=0.9435 | PRAUC=0.8721
    F3 → Acc=0.7094 | Prec=0.7389 | Rec=0.7094 | F1=0.6942 | AUROC=0.9418 | PRAUC=0.8742
    F4 → Acc=0.7214 | Prec=0.7517 | Rec=0.7214 | F1=0.7078 | AUROC=0.9444 | PRAUC=0.8745
    F5 → Acc=0.7371 | Prec=0.7565 | Rec=0.7371 | F1=0.7252 | AUROC=0.9380 | PRAUC=0.8629
  ✅  Acc:0.7195±0.0098 | Precision:0.7474±0.0064  |Recall:0.7195±0.0098 |F1:0.7052±0.0111 | AUROC:0.9423±0.0023 | PRAUC:0.8712±0.0042 | MCC:0.5891 | Composite:0.8443

  ▶ [2/8] n_estimators=100 | learning_rate=0.01 | max_depth=10
    F1 → Acc=0.8948 | Prec=0.8951 | Rec=0.8948 | F1=0.8940 | AUROC=0.9862 | PRAUC=0.9670
    F2 → Acc=0.8866 | Prec=0.8866 | Rec=0.8866 | F1=0.8854 | AUROC=0.9861 | PRAUC=0.9662
    F3 → Acc=0.8967 | Prec=0.8966 | Rec=0.8967 | F1=0.8957 | AUROC=0.9853 | PRAUC=0.9626
    F4 → Acc=0.8996 | Prec=0.8999 | Rec=0.8996 | F1=0.8986 | AUROC=0.9846 | PRAUC=0.9647
    F5 → Acc=0.8760 | Prec=0.8766 | Rec=0.8760 | F1=0.8749 | AUROC=0.9817 | PRAUC=0.9549
  ✅  Acc:0.8908±0.0085 | Precision:0.8910±0.0084  |Recall:0.8908±0.0085 |F1:0.8897±0.0086 | AUROC:0.9848±0.0017 | PRAUC:0.9631±0.0044 | MCC:0.8414 | Composite:0.9462

  ▶ [3/8] n_estimators=100 | learning_rate=0.1 | max_depth=4
    F1 → Acc=0.8746 | Prec=0.8756 | Rec=0.8746 | F1=0.8748 | AUROC=0.9820 | PRAUC=0.9552
    F2 → Acc=0.8838 | Prec=0.8845 | Rec=0.8838 | F1=0.8839 | AUROC=0.9825 | PRAUC=0.9558
    F3 → Acc=0.8881 | Prec=0.8882 | Rec=0.8881 | F1=0.8881 | AUROC=0.9826 | PRAUC=0.9562
    F4 → Acc=0.8881 | Prec=0.8898 | Rec=0.8881 | F1=0.8886 | AUROC=0.9832 | PRAUC=0.9574
    F5 → Acc=0.8563 | Prec=0.8579 | Rec=0.8563 | F1=0.8567 | AUROC=0.9770 | PRAUC=0.9424
  ✅  Acc:0.8782±0.0120 | Precision:0.8792±0.0117  |Recall:0.8782±0.0120 |F1:0.8784±0.0119 | AUROC:0.9815±0.0023 | PRAUC:0.9534±0.0055 | MCC:0.8249 | Composite:0.9377

  ▶ [4/8] n_estimators=100 | learning_rate=0.1 | max_depth=10
    F1 → Acc=0.9198 | Prec=0.9208 | Rec=0.9198 | F1=0.9199 | AUROC=0.9923 | PRAUC=0.9794
    F2 → Acc=0.9159 | Prec=0.9167 | Rec=0.9159 | F1=0.9162 | AUROC=0.9918 | PRAUC=0.9768
    F3 → Acc=0.9174 | Prec=0.9179 | Rec=0.9174 | F1=0.9176 | AUROC=0.9914 | PRAUC=0.9764
    F4 → Acc=0.9155 | Prec=0.9160 | Rec=0.9155 | F1=0.9156 | AUROC=0.9915 | PRAUC=0.9764
    F5 → Acc=0.8996 | Prec=0.9000 | Rec=0.8996 | F1=0.8996 | AUROC=0.9888 | PRAUC=0.9688
  ✅  Acc:0.9136±0.0072 | Precision:0.9143±0.0074  |Recall:0.9136±0.0072 |F1:0.9138±0.0072 | AUROC:0.9912±0.0012 | PRAUC:0.9756±0.0036 | MCC:0.8757 | Composite:0.9601

  ▶ [5/8] n_estimators=500 | learning_rate=0.01 | max_depth=4
    F1 → Acc=0.8439 | Prec=0.8434 | Rec=0.8439 | F1=0.8432 | AUROC=0.9716 | PRAUC=0.9283
    F2 → Acc=0.8492 | Prec=0.8497 | Rec=0.8492 | F1=0.8479 | AUROC=0.9734 | PRAUC=0.9353
    F3 → Acc=0.8564 | Prec=0.8565 | Rec=0.8564 | F1=0.8558 | AUROC=0.9724 | PRAUC=0.9340
    F4 → Acc=0.8545 | Prec=0.8546 | Rec=0.8545 | F1=0.8539 | AUROC=0.9733 | PRAUC=0.9362
    F5 → Acc=0.8275 | Prec=0.8296 | Rec=0.8275 | F1=0.8272 | AUROC=0.9640 | PRAUC=0.9150
  ✅  Acc:0.8463±0.0104 | Precision:0.8468±0.0097  |Recall:0.8463±0.0104 |F1:0.8456±0.0102 | AUROC:0.9709±0.0035 | PRAUC:0.9298±0.0079 | MCC:0.7772 | Composite:0.9157

  ▶ [6/8] n_estimators=500 | learning_rate=0.01 | max_depth=10
    F1 → Acc=0.9203 | Prec=0.9209 | Rec=0.9203 | F1=0.9204 | AUROC=0.9916 | PRAUC=0.9776
    F2 → Acc=0.9150 | Prec=0.9160 | Rec=0.9150 | F1=0.9153 | AUROC=0.9912 | PRAUC=0.9755
    F3 → Acc=0.9169 | Prec=0.9174 | Rec=0.9169 | F1=0.9171 | AUROC=0.9905 | PRAUC=0.9745
    F4 → Acc=0.9145 | Prec=0.9153 | Rec=0.9145 | F1=0.9147 | AUROC=0.9904 | PRAUC=0.9739
    F5 → Acc=0.8948 | Prec=0.8956 | Rec=0.8948 | F1=0.8949 | AUROC=0.9878 | PRAUC=0.9664
  ✅  Acc:0.9123±0.0090 | Precision:0.9130±0.0089  |Recall:0.9123±0.0090 |F1:0.9125±0.0090 | AUROC:0.9903±0.0013 | PRAUC:0.9736±0.0038 | MCC:0.8737 | Composite:0.9587

  ▶ [7/8] n_estimators=500 | learning_rate=0.1 | max_depth=4
    F1 → Acc=0.9183 | Prec=0.9189 | Rec=0.9183 | F1=0.9185 | AUROC=0.9909 | PRAUC=0.9765
    F2 → Acc=0.9155 | Prec=0.9160 | Rec=0.9155 | F1=0.9156 | AUROC=0.9912 | PRAUC=0.9758
    F3 → Acc=0.9145 | Prec=0.9147 | Rec=0.9145 | F1=0.9146 | AUROC=0.9908 | PRAUC=0.9747
    F4 → Acc=0.9131 | Prec=0.9137 | Rec=0.9131 | F1=0.9132 | AUROC=0.9912 | PRAUC=0.9753
    F5 → Acc=0.9039 | Prec=0.9054 | Rec=0.9039 | F1=0.9043 | AUROC=0.9881 | PRAUC=0.9671
  ✅  Acc:0.9131±0.0049 | Precision:0.9137±0.0045  |Recall:0.9131±0.0049 |F1:0.9132±0.0048 | AUROC:0.9905±0.0012 | PRAUC:0.9739±0.0034 | MCC:0.8749 | Composite:0.9591

  ▶ [8/8] n_estimators=500 | learning_rate=0.1 | max_depth=10
    F1 → Acc=0.9217 | Prec=0.9222 | Rec=0.9217 | F1=0.9218 | AUROC=0.9915 | PRAUC=0.9767
    F2 → Acc=0.9145 | Prec=0.9146 | Rec=0.9145 | F1=0.9145 | AUROC=0.9910 | PRAUC=0.9751
    F3 → Acc=0.9212 | Prec=0.9217 | Rec=0.9212 | F1=0.9214 | AUROC=0.9913 | PRAUC=0.9761
    F4 → Acc=0.9126 | Prec=0.9132 | Rec=0.9126 | F1=0.9127 | AUROC=0.9903 | PRAUC=0.9736
    F5 → Acc=0.8972 | Prec=0.8970 | Rec=0.8972 | F1=0.8971 | AUROC=0.9887 | PRAUC=0.9679
  ✅  Acc:0.9134±0.0089 | Precision:0.9138±0.0091  |Recall:0.9134±0.0089 |F1:0.9135±0.0090 | AUROC:0.9905±0.0010 | PRAUC:0.9739±0.0032 | MCC:0.8753 | Composite:0.9593

🏆 Best config : n_estimators=100 | learning_rate=0.1 | max_depth=10
   Composite   : 0.9601 (AUROC=0.9912±0.0012 | PRAUC=0.9756±0.0036 | Acc=0.9136±0.0072 |Prec=0.9143±0.0074 |Rec=0.9136±0.0072) |
✅ Saved: ./results/xgb_gbtree.csv
✅ [XGBoost GBTree] recorded | Exec. time: 15.3s
